[ 2016-06-28T17:33:54+08:00 ] 127.0.0.1 /admin
INFO: [ app_init ] --START--
INFO: Run Behavior\BuildLiteBehavior [ RunTime:0.000000s ]
INFO: [ app_init ] --END-- [ RunTime:0.000000s ]
INFO: [ app_begin ] --START--
INFO: Run Behavior\ReadHtmlCacheBehavior [ RunTime:0.000000s ]
INFO: [ app_begin ] --END-- [ RunTime:0.000000s ]

[ 2016-06-28T17:33:54+08:00 ] 127.0.0.1 /admin/account/Login
INFO: [ app_init ] --START--
INFO: Run Behavior\BuildLiteBehavior [ RunTime:0.000000s ]
INFO: [ app_init ] --END-- [ RunTime:0.000000s ]
INFO: [ app_begin ] --START--
INFO: Run Behavior\ReadHtmlCacheBehavior [ RunTime:0.000000s ]
INFO: [ app_begin ] --END-- [ RunTime:0.000000s ]
SQL: SHOW COLUMNS FROM `employee` [ RunTime:0.0060s ]
SQL: SELECT COUNT(*) AS tp_count FROM `employee` WHERE `Status` = 0 AND `DelFlag` = 0 LIMIT 1   [ RunTime:0.0010s ]
INFO: [ view_parse ] --START--
INFO: [ template_filter ] --START--
INFO: Run Behavior\ContentReplaceBehavior [ RunTime:0.001000s ]
INFO: [ template_filter ] --END-- [ RunTime:0.001000s ]
INFO: Run Behavior\ParseTemplateBehavior [ RunTime:0.027001s ]
INFO: [ view_parse ] --END-- [ RunTime:0.027001s ]
INFO: [ view_filter ] --START--
INFO: Run Behavior\WriteHtmlCacheBehavior [ RunTime:0.001000s ]
INFO: [ view_filter ] --END-- [ RunTime:0.001000s ]
INFO: [ app_end ] --START--
INFO: Run Behavior\ShowPageTraceBehavior [ RunTime:0.001000s ]
INFO: [ app_end ] --END-- [ RunTime:0.001000s ]

[ 2016-06-28T17:34:02+08:00 ] 127.0.0.1 /admin/account/Login
INFO: [ app_init ] --START--
INFO: Run Behavior\BuildLiteBehavior [ RunTime:0.000000s ]
INFO: [ app_init ] --END-- [ RunTime:0.001000s ]
INFO: [ app_begin ] --START--
INFO: Run Behavior\ReadHtmlCacheBehavior [ RunTime:0.000000s ]
INFO: [ app_begin ] --END-- [ RunTime:0.000000s ]
SQL: SHOW COLUMNS FROM `employee` [ RunTime:0.0060s ]
SQL: SELECT * FROM `employee` WHERE `EmployeeNum` = 'admin' LIMIT 1   [ RunTime:0.0010s ]

[ 2016-06-28T17:34:02+08:00 ] 127.0.0.1 /admin/
INFO: [ app_init ] --START--
INFO: Run Behavior\BuildLiteBehavior [ RunTime:0.000000s ]
INFO: [ app_init ] --END-- [ RunTime:0.000000s ]
INFO: [ app_begin ] --START--
INFO: Run Behavior\ReadHtmlCacheBehavior [ RunTime:0.000000s ]
INFO: [ app_begin ] --END-- [ RunTime:0.000000s ]
SQL: SHOW COLUMNS FROM `config` [ RunTime:0.0060s ]
SQL: SELECT * FROM `config`  [ RunTime:0.0010s ]
SQL: SHOW COLUMNS FROM `menu` [ RunTime:0.0060s ]
SQL: SELECT * FROM `menu` WHERE `ShowType` = 0 ORDER BY Sort  [ RunTime:0.0010s ]
INFO: [ view_parse ] --START--
NOTIC: [2] file_get_contents(../Application/Admin/View/Huge/Public/menu.html) [<a href='function.file-get-contents'>function.file-get-contents</a>]: failed to open stream: No such file or directory E:\WWW\crm\ThinkPHP\Library\Think\Template.class.php 第 696 行.
NOTIC: [2] file_get_contents(../Application/Admin/View/Huge/Public/footer.html) [<a href='function.file-get-contents'>function.file-get-contents</a>]: failed to open stream: No such file or directory E:\WWW\crm\ThinkPHP\Library\Think\Template.class.php 第 696 行.
INFO: [ template_filter ] --START--
INFO: Run Behavior\ContentReplaceBehavior [ RunTime:0.000000s ]
INFO: [ template_filter ] --END-- [ RunTime:0.000000s ]
SQL: SHOW COLUMNS FROM `employee` [ RunTime:0.0060s ]
SQL: SELECT `Pic` FROM `employee` WHERE `EmployeeID` = 2 LIMIT 1   [ RunTime:0.0010s ]
NOTIC: [8] Undefined index: son E:\WWW\crm\Runtime\Cache\Admin\c6d57c8d442e0de0d710af1c8a7160fe.php 第 83 行.
INFO: Run Behavior\ParseTemplateBehavior [ RunTime:0.064003s ]
INFO: [ view_parse ] --END-- [ RunTime:0.064003s ]
INFO: [ view_filter ] --START--
INFO: Run Behavior\WriteHtmlCacheBehavior [ RunTime:0.001000s ]
INFO: [ view_filter ] --END-- [ RunTime:0.001000s ]
INFO: [ app_end ] --START--
INFO: Run Behavior\ShowPageTraceBehavior [ RunTime:0.001000s ]
INFO: [ app_end ] --END-- [ RunTime:0.001000s ]

[ 2016-06-28T17:34:06+08:00 ] 127.0.0.1 /admin/Customer/customer
INFO: [ app_init ] --START--
INFO: Run Behavior\BuildLiteBehavior [ RunTime:0.000000s ]
INFO: [ app_init ] --END-- [ RunTime:0.001000s ]
INFO: [ app_begin ] --START--
INFO: Run Behavior\ReadHtmlCacheBehavior [ RunTime:0.001001s ]
INFO: [ app_begin ] --END-- [ RunTime:0.001001s ]
SQL: SHOW COLUMNS FROM `config` [ RunTime:0.0050s ]
SQL: SELECT * FROM `config`  [ RunTime:0.0010s ]
SQL: SHOW COLUMNS FROM `menu` [ RunTime:0.0050s ]
SQL: SELECT * FROM `menu` WHERE `ShowType` = 0 ORDER BY Sort  [ RunTime:0.0020s ]
SQL: SHOW COLUMNS FROM `customer` [ RunTime:0.0060s ]
SQL: SHOW COLUMNS FROM `customerstatus` [ RunTime:0.0050s ]
SQL: SHOW COLUMNS FROM `customerrole` [ RunTime:0.0050s ]
SQL: SHOW COLUMNS FROM `customerrank` [ RunTime:0.0060s ]
SQL: SHOW COLUMNS FROM `customerclose` [ RunTime:0.0050s ]
SQL: SHOW COLUMNS FROM `feedbackstatus` [ RunTime:0.0060s ]
SQL: SHOW COLUMNS FROM `feedbackpriority` [ RunTime:0.0050s ]
SQL: SHOW COLUMNS FROM `feedback` [ RunTime:0.0060s ]
SQL: SHOW COLUMNS FROM `employee` [ RunTime:0.0060s ]
SQL: SHOW COLUMNS FROM `paytype` [ RunTime:0.0060s ]
SQL: SHOW COLUMNS FROM `support` [ RunTime:0.0050s ]
SQL: SELECT `CtmStatusID`,`CtmStatusName` FROM `customerstatus` WHERE `DelFlag` = 0  [ RunTime:0.0010s ]
SQL: SELECT `CtmRankID`,`CtmRankName` FROM `customerrank` WHERE `DelFlag` = 0  [ RunTime:0.0010s ]
INFO: [ view_parse ] --START--
NOTIC: [2] file_get_contents(../Application/Admin/View/Huge/Public/footer.html) [<a href='function.file-get-contents'>function.file-get-contents</a>]: failed to open stream: No such file or directory E:\WWW\crm\ThinkPHP\Library\Think\Template.class.php 第 696 行.
INFO: [ template_filter ] --START--
INFO: Run Behavior\ContentReplaceBehavior [ RunTime:0.000000s ]
INFO: [ template_filter ] --END-- [ RunTime:0.000000s ]
INFO: Run Behavior\ParseTemplateBehavior [ RunTime:0.037002s ]
INFO: [ view_parse ] --END-- [ RunTime:0.037002s ]
INFO: [ view_filter ] --START--
INFO: Run Behavior\WriteHtmlCacheBehavior [ RunTime:0.000000s ]
INFO: [ view_filter ] --END-- [ RunTime:0.001000s ]
INFO: [ app_end ] --START--
INFO: Run Behavior\ShowPageTraceBehavior [ RunTime:0.001000s ]
INFO: [ app_end ] --END-- [ RunTime:0.001000s ]

[ 2016-06-28T17:34:07+08:00 ] 127.0.0.1 /admin/Customer/loadCustomer?sort=CreateTime&order=asc&limit=10&offset=0
INFO: [ app_init ] --START--
INFO: Run Behavior\BuildLiteBehavior [ RunTime:0.000000s ]
INFO: [ app_init ] --END-- [ RunTime:0.000000s ]
INFO: [ app_begin ] --START--
INFO: Run Behavior\ReadHtmlCacheBehavior [ RunTime:0.001000s ]
INFO: [ app_begin ] --END-- [ RunTime:0.001000s ]
SQL: SHOW COLUMNS FROM `config` [ RunTime:0.0060s ]
SQL: SELECT * FROM `config`  [ RunTime:0.0010s ]
SQL: SHOW COLUMNS FROM `menu` [ RunTime:0.0060s ]
SQL: SELECT * FROM `menu` WHERE `ShowType` = 0 ORDER BY Sort  [ RunTime:0.0010s ]
SQL: SHOW COLUMNS FROM `customer` [ RunTime:0.0060s ]
SQL: SHOW COLUMNS FROM `customerstatus` [ RunTime:0.0050s ]
SQL: SHOW COLUMNS FROM `customerrole` [ RunTime:0.0050s ]
SQL: SHOW COLUMNS FROM `customerrank` [ RunTime:0.0050s ]
SQL: SHOW COLUMNS FROM `customerclose` [ RunTime:0.0050s ]
SQL: SHOW COLUMNS FROM `feedbackstatus` [ RunTime:0.0050s ]
SQL: SHOW COLUMNS FROM `feedbackpriority` [ RunTime:0.0050s ]
SQL: SHOW COLUMNS FROM `feedback` [ RunTime:0.0050s ]
SQL: SHOW COLUMNS FROM `employee` [ RunTime:0.0050s ]
SQL: SHOW COLUMNS FROM `paytype` [ RunTime:0.0050s ]
SQL: SHOW COLUMNS FROM `support` [ RunTime:0.0060s ]
SQL: SELECT C.*,S.CtmStatusName,K.CtmRankName,R.CtmRoleName FROM customer C left JOIN customerstatus S on S.CtmStatusID = C.CtmStatusID left JOIN customerrank K on K.CtmRankID = C.CtmRankID left JOIN customerrole R on R.CtmRoleID = C.CtmRoleID left JOIN employee E on E.EmployeeID = C.DeveloperID  WHERE C.DelFlag = 0 ORDER BY C.CreateTime asc LIMIT 0,10   [ RunTime:0.0020s ]
SQL: SELECT COUNT(*) AS tp_count FROM customer C left JOIN customerstatus S on S.CtmStatusID = C.CtmStatusID left JOIN customerrank K on K.CtmRankID = C.CtmRankID left JOIN customerrole R on R.CtmRoleID = C.CtmRoleID left JOIN employee E on E.EmployeeID = C.DeveloperID  WHERE C.DelFlag = 0 ORDER BY C.CreateTime asc LIMIT 1   [ RunTime:0.0000s ]
SQL: SHOW COLUMNS FROM `contract` [ RunTime:0.0060s ]
SQL: SELECT `CttProductID` FROM `contract` WHERE `Identifier` = '350500000002' LIMIT 1   [ RunTime:0.0010s ]
SQL: SHOW COLUMNS FROM `product` [ RunTime:0.0050s ]
SQL: SELECT `ProductName` FROM `product` WHERE `ProductID` IN ('1','2')  [ RunTime:0.0010s ]
SQL: SELECT `Name` FROM `employee` WHERE `EmployeeID` = 15 LIMIT 1   [ RunTime:0.0010s ]
SQL: SELECT `CttProductID` FROM `contract` WHERE `Identifier` = '350500000002' LIMIT 1   [ RunTime:0.0020s ]
SQL: SELECT `ProductName` FROM `product` WHERE `ProductID` IN ('1','2')  [ RunTime:0.0010s ]
SQL: SELECT `CttProductID` FROM `contract` WHERE `Identifier` = null LIMIT 1   [ RunTime:0.0020s ]
SQL: SELECT `CttProductID` FROM `contract` WHERE `Identifier` = '350500000004' LIMIT 1   [ RunTime:0.0010s ]
SQL: SELECT `ProductName` FROM `product` WHERE `ProductID` IN ('1')  [ RunTime:0.0020s ]
SQL: SELECT `Name` FROM `employee` WHERE `EmployeeID` = 15 LIMIT 1   [ RunTime:0.0010s ]
SQL: SELECT `CttProductID` FROM `contract` WHERE `Identifier` = '350500000005' LIMIT 1   [ RunTime:0.0020s ]
SQL: SELECT `ProductName` FROM `product` WHERE `ProductID` IN ('1','2')  [ RunTime:0.0010s ]
SQL: SELECT `Name` FROM `employee` WHERE `EmployeeID` = 15 LIMIT 1   [ RunTime:0.0010s ]
SQL: SELECT `CttProductID` FROM `contract` WHERE `Identifier` = '350500000006' LIMIT 1   [ RunTime:0.0010s ]
SQL: SELECT `ProductName` FROM `product` WHERE `ProductID` IN ('1','2')  [ RunTime:0.0010s ]
SQL: SELECT `Name` FROM `employee` WHERE `EmployeeID` = 15 LIMIT 1   [ RunTime:0.0010s ]
SQL: SELECT `CttProductID` FROM `contract` WHERE `Identifier` = '350500000007' LIMIT 1   [ RunTime:0.0010s ]
SQL: SELECT `Name` FROM `employee` WHERE `EmployeeID` = 15 LIMIT 1   [ RunTime:0.0010s ]
SQL: SELECT `CttProductID` FROM `contract` WHERE `Identifier` = '350500000008' LIMIT 1   [ RunTime:0.0010s ]
SQL: SELECT `ProductName` FROM `product` WHERE `ProductID` IN ('1')  [ RunTime:0.0020s ]
SQL: SELECT `Name` FROM `employee` WHERE `EmployeeID` = 15 LIMIT 1   [ RunTime:0.0010s ]
SQL: SELECT `CttProductID` FROM `contract` WHERE `Identifier` = '350500000016' LIMIT 1   [ RunTime:0.0020s ]
SQL: SELECT `ProductName` FROM `product` WHERE `ProductID` IN ('1')  [ RunTime:0.0010s ]
SQL: SELECT `CttProductID` FROM `contract` WHERE `Identifier` = '350500000017' LIMIT 1   [ RunTime:0.0020s ]
INFO: [ app_end ] --START--
INFO: Run Behavior\ShowPageTraceBehavior [ RunTime:0.001000s ]
INFO: [ app_end ] --END-- [ RunTime:0.001000s ]

[ 2016-06-28T17:34:13+08:00 ] 127.0.0.1 /admin/Customer/editPWD?id=4&t=0.3380425244104117
INFO: [ app_init ] --START--
INFO: Run Behavior\BuildLiteBehavior [ RunTime:0.000000s ]
INFO: [ app_init ] --END-- [ RunTime:0.001000s ]
INFO: [ app_begin ] --START--
INFO: Run Behavior\ReadHtmlCacheBehavior [ RunTime:0.001000s ]
INFO: [ app_begin ] --END-- [ RunTime:0.001000s ]
SQL: SHOW COLUMNS FROM `config` [ RunTime:0.0060s ]
SQL: SELECT * FROM `config`  [ RunTime:0.0010s ]
SQL: SHOW COLUMNS FROM `menu` [ RunTime:0.0060s ]
SQL: SELECT * FROM `menu` WHERE `ShowType` = 0 ORDER BY Sort  [ RunTime:0.0010s ]
SQL: SHOW COLUMNS FROM `customer` [ RunTime:0.0060s ]
SQL: SHOW COLUMNS FROM `customerstatus` [ RunTime:0.0050s ]
SQL: SHOW COLUMNS FROM `customerrole` [ RunTime:0.0050s ]
SQL: SHOW COLUMNS FROM `customerrank` [ RunTime:0.0050s ]
SQL: SHOW COLUMNS FROM `customerclose` [ RunTime:0.0050s ]
SQL: SHOW COLUMNS FROM `feedbackstatus` [ RunTime:0.0050s ]
SQL: SHOW COLUMNS FROM `feedbackpriority` [ RunTime:0.0050s ]
SQL: SHOW COLUMNS FROM `feedback` [ RunTime:0.0060s ]
SQL: SHOW COLUMNS FROM `employee` [ RunTime:0.0060s ]
SQL: SHOW COLUMNS FROM `paytype` [ RunTime:0.0050s ]
SQL: SHOW COLUMNS FROM `support` [ RunTime:0.0050s ]
INFO: [ view_parse ] --START--
INFO: [ template_filter ] --START--
INFO: Run Behavior\ContentReplaceBehavior [ RunTime:0.000000s ]
INFO: [ template_filter ] --END-- [ RunTime:0.000000s ]
INFO: Run Behavior\ParseTemplateBehavior [ RunTime:0.026001s ]
INFO: [ view_parse ] --END-- [ RunTime:0.026001s ]
INFO: [ view_filter ] --START--
INFO: Run Behavior\WriteHtmlCacheBehavior [ RunTime:0.001000s ]
INFO: [ view_filter ] --END-- [ RunTime:0.001000s ]
INFO: [ app_end ] --START--
INFO: Run Behavior\ShowPageTraceBehavior [ RunTime:0.001001s ]
INFO: [ app_end ] --END-- [ RunTime:0.001001s ]

[ 2016-06-28T17:34:19+08:00 ] 127.0.0.1 /admin/Customer/editPWD?id=4&t=0.3380425244104117
INFO: [ app_init ] --START--
INFO: Run Behavior\BuildLiteBehavior [ RunTime:0.000000s ]
INFO: [ app_init ] --END-- [ RunTime:0.001000s ]
INFO: [ app_begin ] --START--
INFO: Run Behavior\ReadHtmlCacheBehavior [ RunTime:0.001001s ]
INFO: [ app_begin ] --END-- [ RunTime:0.001001s ]
SQL: SHOW COLUMNS FROM `config` [ RunTime:0.0060s ]
SQL: SELECT * FROM `config`  [ RunTime:0.0010s ]
SQL: SHOW COLUMNS FROM `menu` [ RunTime:0.0060s ]
SQL: SELECT * FROM `menu` WHERE `ShowType` = 0 ORDER BY Sort  [ RunTime:0.0010s ]
SQL: SHOW COLUMNS FROM `customer` [ RunTime:0.0060s ]
SQL: SHOW COLUMNS FROM `customerstatus` [ RunTime:0.0050s ]
SQL: SHOW COLUMNS FROM `customerrole` [ RunTime:0.0050s ]
SQL: SHOW COLUMNS FROM `customerrank` [ RunTime:0.0050s ]
SQL: SHOW COLUMNS FROM `customerclose` [ RunTime:0.0060s ]
SQL: SHOW COLUMNS FROM `feedbackstatus` [ RunTime:0.0050s ]
SQL: SHOW COLUMNS FROM `feedbackpriority` [ RunTime:0.0050s ]
SQL: SHOW COLUMNS FROM `feedback` [ RunTime:0.0060s ]
SQL: SHOW COLUMNS FROM `employee` [ RunTime:0.0060s ]
SQL: SHOW COLUMNS FROM `paytype` [ RunTime:0.0060s ]
SQL: SHOW COLUMNS FROM `support` [ RunTime:0.0060s ]
SQL: UPDATE `customer` SET `Random`='928873',`Password`='18e4118adfa963b55a1859371deb4d22' WHERE `CustomerID` = 4 [ RunTime:0.0790s ]

[ 2016-06-28T17:34:20+08:00 ] 127.0.0.1 /admin/Customer/loadCustomer?sort=CreateTime&order=asc&limit=10&offset=0
INFO: [ app_init ] --START--
INFO: Run Behavior\BuildLiteBehavior [ RunTime:0.000000s ]
INFO: [ app_init ] --END-- [ RunTime:0.001000s ]
INFO: [ app_begin ] --START--
INFO: Run Behavior\ReadHtmlCacheBehavior [ RunTime:0.001000s ]
INFO: [ app_begin ] --END-- [ RunTime:0.001000s ]
SQL: SHOW COLUMNS FROM `config` [ RunTime:0.0060s ]
SQL: SELECT * FROM `config`  [ RunTime:0.0010s ]
SQL: SHOW COLUMNS FROM `menu` [ RunTime:0.0060s ]
SQL: SELECT * FROM `menu` WHERE `ShowType` = 0 ORDER BY Sort  [ RunTime:0.0010s ]
SQL: SHOW COLUMNS FROM `customer` [ RunTime:0.0060s ]
SQL: SHOW COLUMNS FROM `customerstatus` [ RunTime:0.0050s ]
SQL: SHOW COLUMNS FROM `customerrole` [ RunTime:0.0050s ]
SQL: SHOW COLUMNS FROM `customerrank` [ RunTime:0.0050s ]
SQL: SHOW COLUMNS FROM `customerclose` [ RunTime:0.0050s ]
SQL: SHOW COLUMNS FROM `feedbackstatus` [ RunTime:0.0050s ]
SQL: SHOW COLUMNS FROM `feedbackpriority` [ RunTime:0.0050s ]
SQL: SHOW COLUMNS FROM `feedback` [ RunTime:0.0060s ]
SQL: SHOW COLUMNS FROM `employee` [ RunTime:0.0060s ]
SQL: SHOW COLUMNS FROM `paytype` [ RunTime:0.0050s ]
SQL: SHOW COLUMNS FROM `support` [ RunTime:0.0060s ]
SQL: SELECT C.*,S.CtmStatusName,K.CtmRankName,R.CtmRoleName FROM customer C left JOIN customerstatus S on S.CtmStatusID = C.CtmStatusID left JOIN customerrank K on K.CtmRankID = C.CtmRankID left JOIN customerrole R on R.CtmRoleID = C.CtmRoleID left JOIN employee E on E.EmployeeID = C.DeveloperID  WHERE C.DelFlag = 0 ORDER BY C.CreateTime asc LIMIT 0,10   [ RunTime:0.0030s ]
SQL: SELECT COUNT(*) AS tp_count FROM customer C left JOIN customerstatus S on S.CtmStatusID = C.CtmStatusID left JOIN customerrank K on K.CtmRankID = C.CtmRankID left JOIN customerrole R on R.CtmRoleID = C.CtmRoleID left JOIN employee E on E.EmployeeID = C.DeveloperID  WHERE C.DelFlag = 0 ORDER BY C.CreateTime asc LIMIT 1   [ RunTime:0.0010s ]
SQL: SHOW COLUMNS FROM `contract` [ RunTime:0.0060s ]
SQL: SELECT `CttProductID` FROM `contract` WHERE `Identifier` = '350500000002' LIMIT 1   [ RunTime:0.0010s ]
SQL: SHOW COLUMNS FROM `product` [ RunTime:0.0050s ]
SQL: SELECT `ProductName` FROM `product` WHERE `ProductID` IN ('1','2')  [ RunTime:0.0010s ]
SQL: SELECT `Name` FROM `employee` WHERE `EmployeeID` = 15 LIMIT 1   [ RunTime:0.0010s ]
SQL: SELECT `CttProductID` FROM `contract` WHERE `Identifier` = '350500000002' LIMIT 1   [ RunTime:0.0010s ]
SQL: SELECT `ProductName` FROM `product` WHERE `ProductID` IN ('1','2')  [ RunTime:0.0010s ]
SQL: SELECT `CttProductID` FROM `contract` WHERE `Identifier` = null LIMIT 1   [ RunTime:0.0010s ]
SQL: SELECT `CttProductID` FROM `contract` WHERE `Identifier` = '350500000004' LIMIT 1   [ RunTime:0.0010s ]
SQL: SELECT `ProductName` FROM `product` WHERE `ProductID` IN ('1')  [ RunTime:0.0010s ]
SQL: SELECT `Name` FROM `employee` WHERE `EmployeeID` = 15 LIMIT 1   [ RunTime:0.0020s ]
SQL: SELECT `CttProductID` FROM `contract` WHERE `Identifier` = '350500000005' LIMIT 1   [ RunTime:0.0010s ]
SQL: SELECT `ProductName` FROM `product` WHERE `ProductID` IN ('1','2')  [ RunTime:0.0020s ]
SQL: SELECT `Name` FROM `employee` WHERE `EmployeeID` = 15 LIMIT 1   [ RunTime:0.0010s ]
SQL: SELECT `CttProductID` FROM `contract` WHERE `Identifier` = '350500000006' LIMIT 1   [ RunTime:0.0010s ]
SQL: SELECT `ProductName` FROM `product` WHERE `ProductID` IN ('1','2')  [ RunTime:0.0010s ]
SQL: SELECT `Name` FROM `employee` WHERE `EmployeeID` = 15 LIMIT 1   [ RunTime:0.0010s ]
SQL: SELECT `CttProductID` FROM `contract` WHERE `Identifier` = '350500000007' LIMIT 1   [ RunTime:0.0010s ]
SQL: SELECT `Name` FROM `employee` WHERE `EmployeeID` = 15 LIMIT 1   [ RunTime:0.0010s ]
SQL: SELECT `CttProductID` FROM `contract` WHERE `Identifier` = '350500000008' LIMIT 1   [ RunTime:0.0010s ]
SQL: SELECT `ProductName` FROM `product` WHERE `ProductID` IN ('1')  [ RunTime:0.0010s ]
SQL: SELECT `Name` FROM `employee` WHERE `EmployeeID` = 15 LIMIT 1   [ RunTime:0.0010s ]
SQL: SELECT `CttProductID` FROM `contract` WHERE `Identifier` = '350500000016' LIMIT 1   [ RunTime:0.0010s ]
SQL: SELECT `ProductName` FROM `product` WHERE `ProductID` IN ('1')  [ RunTime:0.0020s ]
SQL: SELECT `CttProductID` FROM `contract` WHERE `Identifier` = '350500000017' LIMIT 1   [ RunTime:0.0010s ]
INFO: [ app_end ] --START--
INFO: Run Behavior\ShowPageTraceBehavior [ RunTime:0.001000s ]
INFO: [ app_end ] --END-- [ RunTime:0.001000s ]

[ 2016-06-28T17:34:26+08:00 ] 127.0.0.1 /admin/
INFO: [ app_init ] --START--
INFO: Run Behavior\BuildLiteBehavior [ RunTime:0.000000s ]
INFO: [ app_init ] --END-- [ RunTime:0.001000s ]
INFO: [ app_begin ] --START--
INFO: Run Behavior\ReadHtmlCacheBehavior [ RunTime:0.001000s ]
INFO: [ app_begin ] --END-- [ RunTime:0.001000s ]

[ 2016-06-28T17:34:26+08:00 ] 127.0.0.1 /admin/account/Login
INFO: [ app_init ] --START--
INFO: Run Behavior\BuildLiteBehavior [ RunTime:0.000000s ]
INFO: [ app_init ] --END-- [ RunTime:0.000000s ]
INFO: [ app_begin ] --START--
INFO: Run Behavior\ReadHtmlCacheBehavior [ RunTime:0.000000s ]
INFO: [ app_begin ] --END-- [ RunTime:0.000000s ]
SQL: SHOW COLUMNS FROM `employee` [ RunTime:0.0060s ]
SQL: SELECT COUNT(*) AS tp_count FROM `employee` WHERE `Status` = 0 AND `DelFlag` = 0 LIMIT 1   [ RunTime:0.0000s ]
INFO: [ view_parse ] --START--
INFO: [ template_filter ] --START--
INFO: Run Behavior\ContentReplaceBehavior [ RunTime:0.000000s ]
INFO: [ template_filter ] --END-- [ RunTime:0.000000s ]
INFO: Run Behavior\ParseTemplateBehavior [ RunTime:0.004000s ]
INFO: [ view_parse ] --END-- [ RunTime:0.004000s ]
INFO: [ view_filter ] --START--
INFO: Run Behavior\WriteHtmlCacheBehavior [ RunTime:0.001000s ]
INFO: [ view_filter ] --END-- [ RunTime:0.001000s ]
INFO: [ app_end ] --START--
INFO: Run Behavior\ShowPageTraceBehavior [ RunTime:0.000000s ]
INFO: [ app_end ] --END-- [ RunTime:0.000000s ]

[ 2016-06-28T17:34:36+08:00 ] 127.0.0.1 /admin/account/Login
INFO: [ app_init ] --START--
INFO: Run Behavior\BuildLiteBehavior [ RunTime:0.000000s ]
INFO: [ app_init ] --END-- [ RunTime:0.001000s ]
INFO: [ app_begin ] --START--
INFO: Run Behavior\ReadHtmlCacheBehavior [ RunTime:0.002000s ]
INFO: [ app_begin ] --END-- [ RunTime:0.002000s ]
SQL: SHOW COLUMNS FROM `employee` [ RunTime:0.0060s ]
SQL: SHOW COLUMNS FROM `customer` [ RunTime:0.0060s ]
SQL: SELECT * FROM `customer` WHERE `LoginName` = 'chen' LIMIT 1   [ RunTime:0.0020s ]

[ 2016-06-28T17:34:36+08:00 ] 127.0.0.1 /admin/
INFO: [ app_init ] --START--
INFO: Run Behavior\BuildLiteBehavior [ RunTime:0.000000s ]
INFO: [ app_init ] --END-- [ RunTime:0.000000s ]
INFO: [ app_begin ] --START--
INFO: Run Behavior\ReadHtmlCacheBehavior [ RunTime:0.000000s ]
INFO: [ app_begin ] --END-- [ RunTime:0.000000s ]
SQL: SHOW COLUMNS FROM `config` [ RunTime:0.0050s ]
SQL: SELECT * FROM `config`  [ RunTime:0.0010s ]
SQL: SHOW COLUMNS FROM `employee_duty` [ RunTime:0.0060s ]
SQL: SELECT `MemberID`,`DutyID`,`DutyName`,`Rules` FROM employee_duty a INNER JOIN duty g on a.DutyID=g.ID and g.Type = a.Type  WHERE ( a.MemberID='4' and g.Status='1' and g.Type='3' )  [ RunTime:0.0010s ]
SQL: SHOW COLUMNS FROM `menu` [ RunTime:0.0060s ]
SQL: SELECT * FROM `menu` WHERE `ID` IN ('55','64','93','95') AND `ShowType` = 0 ORDER BY Sort  [ RunTime:0.0010s ]
INFO: [ view_parse ] --START--
NOTIC: [2] file_get_contents(../Application/Admin/View/Huge/Public/menu.html) [<a href='function.file-get-contents'>function.file-get-contents</a>]: failed to open stream: No such file or directory E:\WWW\crm\ThinkPHP\Library\Think\Template.class.php 第 696 行.
NOTIC: [2] file_get_contents(../Application/Admin/View/Huge/Public/footer.html) [<a href='function.file-get-contents'>function.file-get-contents</a>]: failed to open stream: No such file or directory E:\WWW\crm\ThinkPHP\Library\Think\Template.class.php 第 696 行.
INFO: [ template_filter ] --START--
INFO: Run Behavior\ContentReplaceBehavior [ RunTime:0.000000s ]
INFO: [ template_filter ] --END-- [ RunTime:0.000000s ]
SQL: SHOW COLUMNS FROM `employee` [ RunTime:0.0060s ]
SQL: SELECT `Pic` FROM `employee` WHERE `EmployeeID` = 4 LIMIT 1   [ RunTime:0.0010s ]
INFO: Run Behavior\ParseTemplateBehavior [ RunTime:0.041002s ]
INFO: [ view_parse ] --END-- [ RunTime:0.041002s ]
INFO: [ view_filter ] --START--
INFO: Run Behavior\WriteHtmlCacheBehavior [ RunTime:0.001001s ]
INFO: [ view_filter ] --END-- [ RunTime:0.001001s ]
INFO: [ app_end ] --START--
INFO: Run Behavior\ShowPageTraceBehavior [ RunTime:0.002000s ]
INFO: [ app_end ] --END-- [ RunTime:0.002000s ]

[ 2016-06-28T17:34:44+08:00 ] 127.0.0.1 /admin/timeline/index
INFO: [ app_init ] --START--
INFO: Run Behavior\BuildLiteBehavior [ RunTime:0.000000s ]
INFO: [ app_init ] --END-- [ RunTime:0.000000s ]
INFO: [ app_begin ] --START--
INFO: Run Behavior\ReadHtmlCacheBehavior [ RunTime:0.000000s ]
INFO: [ app_begin ] --END-- [ RunTime:0.000000s ]
SQL: SHOW COLUMNS FROM `feedback` [ RunTime:0.0060s ]
SQL: SELECT f.*,c.ShortName FROM feedback f INNER JOIN customer c on f.CustomerID=c.CustomerID  WHERE f.EmpID = '4' AND f.DelFlag = 0 AND f.FbStatusID IN (1,4) ORDER BY f.PlanTime asc  [ RunTime:0.0020s ]
INFO: [ view_parse ] --START--
NOTIC: [2] file_get_contents(../Application/Admin/View/Huge/Public/footer.html) [<a href='function.file-get-contents'>function.file-get-contents</a>]: failed to open stream: No such file or directory E:\WWW\crm\ThinkPHP\Library\Think\Template.class.php 第 696 行.
INFO: [ template_filter ] --START--
INFO: Run Behavior\ContentReplaceBehavior [ RunTime:0.000000s ]
INFO: [ template_filter ] --END-- [ RunTime:0.000000s ]
INFO: Run Behavior\ParseTemplateBehavior [ RunTime:0.020001s ]
INFO: [ view_parse ] --END-- [ RunTime:0.020001s ]
INFO: [ view_filter ] --START--
INFO: Run Behavior\WriteHtmlCacheBehavior [ RunTime:0.000000s ]
INFO: [ view_filter ] --END-- [ RunTime:0.000000s ]
INFO: [ app_end ] --START--
INFO: Run Behavior\ShowPageTraceBehavior [ RunTime:0.001000s ]
INFO: [ app_end ] --END-- [ RunTime:0.001000s ]

[ 2016-06-28T17:35:35+08:00 ] 127.0.0.1 /admin/
INFO: [ app_init ] --START--
INFO: Run Behavior\BuildLiteBehavior [ RunTime:0.000000s ]
INFO: [ app_init ] --END-- [ RunTime:0.001000s ]
INFO: [ app_begin ] --START--
INFO: Run Behavior\ReadHtmlCacheBehavior [ RunTime:0.001000s ]
INFO: [ app_begin ] --END-- [ RunTime:0.001000s ]
SQL: SHOW COLUMNS FROM `config` [ RunTime:0.0060s ]
SQL: SELECT * FROM `config`  [ RunTime:0.0010s ]
SQL: SHOW COLUMNS FROM `employee_duty` [ RunTime:0.0050s ]
SQL: SELECT `MemberID`,`DutyID`,`DutyName`,`Rules` FROM employee_duty a INNER JOIN duty g on a.DutyID=g.ID and g.Type = a.Type  WHERE ( a.MemberID='4' and g.Status='1' and g.Type='3' )  [ RunTime:0.0010s ]
SQL: SHOW COLUMNS FROM `menu` [ RunTime:0.0060s ]
SQL: SELECT * FROM `menu` WHERE `ID` IN ('55','64','93','95') AND `ShowType` = 0 ORDER BY Sort  [ RunTime:0.0020s ]
INFO: [ view_parse ] --START--
NOTIC: [2] file_get_contents(../Application/Admin/View/Huge/Public/menu.html) [<a href='function.file-get-contents'>function.file-get-contents</a>]: failed to open stream: No such file or directory E:\WWW\crm\ThinkPHP\Library\Think\Template.class.php 第 696 行.
NOTIC: [2] file_get_contents(../Application/Admin/View/Huge/Public/footer.html) [<a href='function.file-get-contents'>function.file-get-contents</a>]: failed to open stream: No such file or directory E:\WWW\crm\ThinkPHP\Library\Think\Template.class.php 第 696 行.
INFO: [ template_filter ] --START--
INFO: Run Behavior\ContentReplaceBehavior [ RunTime:0.000000s ]
INFO: [ template_filter ] --END-- [ RunTime:0.000000s ]
SQL: SHOW COLUMNS FROM `employee` [ RunTime:0.0060s ]
SQL: SELECT `Pic` FROM `employee` WHERE `EmployeeID` = 4 LIMIT 1   [ RunTime:0.0010s ]
INFO: Run Behavior\ParseTemplateBehavior [ RunTime:0.017001s ]
INFO: [ view_parse ] --END-- [ RunTime:0.017001s ]
INFO: [ view_filter ] --START--
INFO: Run Behavior\WriteHtmlCacheBehavior [ RunTime:0.000000s ]
INFO: [ view_filter ] --END-- [ RunTime:0.000000s ]
INFO: [ app_end ] --START--
INFO: Run Behavior\ShowPageTraceBehavior [ RunTime:0.001000s ]
INFO: [ app_end ] --END-- [ RunTime:0.001000s ]

