[ 2016-06-24T09:39:39+08:00 ] 127.0.0.1 /admin
INFO: [ app_init ] --START--
INFO: Run Behavior\BuildLiteBehavior [ RunTime:0.000000s ]
INFO: [ app_init ] --END-- [ RunTime:0.000000s ]
INFO: [ app_begin ] --START--
INFO: Run Behavior\ReadHtmlCacheBehavior [ RunTime:0.001000s ]
INFO: [ app_begin ] --END-- [ RunTime:0.001000s ]

[ 2016-06-24T09:39:39+08:00 ] 127.0.0.1 /admin/account/Login
INFO: [ app_init ] --START--
INFO: Run Behavior\BuildLiteBehavior [ RunTime:0.000000s ]
INFO: [ app_init ] --END-- [ RunTime:0.000000s ]
INFO: [ app_begin ] --START--
INFO: Run Behavior\ReadHtmlCacheBehavior [ RunTime:0.000000s ]
INFO: [ app_begin ] --END-- [ RunTime:0.000000s ]
SQL: SHOW COLUMNS FROM `employee` [ RunTime:0.0330s ]
SQL: SELECT COUNT(*) AS tp_count FROM `employee` WHERE `Status` = 0 AND `DelFlag` = 0 LIMIT 1   [ RunTime:0.0010s ]
INFO: [ view_parse ] --START--
INFO: [ template_filter ] --START--
INFO: Run Behavior\ContentReplaceBehavior [ RunTime:0.000000s ]
INFO: [ template_filter ] --END-- [ RunTime:0.000000s ]
INFO: Run Behavior\ParseTemplateBehavior [ RunTime:0.029002s ]
INFO: [ view_parse ] --END-- [ RunTime:0.029002s ]
INFO: [ view_filter ] --START--
INFO: Run Behavior\WriteHtmlCacheBehavior [ RunTime:0.001000s ]
INFO: [ view_filter ] --END-- [ RunTime:0.001000s ]
INFO: [ app_end ] --START--
INFO: Run Behavior\ShowPageTraceBehavior [ RunTime:0.001000s ]
INFO: [ app_end ] --END-- [ RunTime:0.001000s ]

[ 2016-06-24T09:39:51+08:00 ] 127.0.0.1 /admin/account/Login
INFO: [ app_init ] --START--
INFO: Run Behavior\BuildLiteBehavior [ RunTime:0.000000s ]
INFO: [ app_init ] --END-- [ RunTime:0.001000s ]
INFO: [ app_begin ] --START--
INFO: Run Behavior\ReadHtmlCacheBehavior [ RunTime:0.000000s ]
INFO: [ app_begin ] --END-- [ RunTime:0.002000s ]
SQL: SHOW COLUMNS FROM `employee` [ RunTime:0.0060s ]
SQL: SELECT * FROM `employee` WHERE `EmployeeNum` = 'admin' LIMIT 1   [ RunTime:0.0010s ]

[ 2016-06-24T09:39:51+08:00 ] 127.0.0.1 /admin/
INFO: [ app_init ] --START--
INFO: Run Behavior\BuildLiteBehavior [ RunTime:0.000000s ]
INFO: [ app_init ] --END-- [ RunTime:0.001000s ]
INFO: [ app_begin ] --START--
INFO: Run Behavior\ReadHtmlCacheBehavior [ RunTime:0.001000s ]
INFO: [ app_begin ] --END-- [ RunTime:0.001000s ]
SQL: SHOW COLUMNS FROM `config` [ RunTime:0.0340s ]
SQL: SELECT * FROM `config`  [ RunTime:0.0010s ]
SQL: SHOW COLUMNS FROM `menu` [ RunTime:0.0370s ]
SQL: SELECT * FROM `menu` WHERE `ShowType` = 0 ORDER BY Sort  [ RunTime:0.0050s ]
INFO: [ view_parse ] --START--
NOTIC: [2] file_get_contents(../Application/Admin/View/Huge/Public/menu.html) [<a href='function.file-get-contents'>function.file-get-contents</a>]: failed to open stream: No such file or directory E:\WWW\crm\ThinkPHP\Library\Think\Template.class.php 第 696 行.
NOTIC: [2] file_get_contents(../Application/Admin/View/Huge/Public/footer.html) [<a href='function.file-get-contents'>function.file-get-contents</a>]: failed to open stream: No such file or directory E:\WWW\crm\ThinkPHP\Library\Think\Template.class.php 第 696 行.
INFO: [ template_filter ] --START--
INFO: Run Behavior\ContentReplaceBehavior [ RunTime:0.000000s ]
INFO: [ template_filter ] --END-- [ RunTime:0.000000s ]
SQL: SHOW COLUMNS FROM `employee` [ RunTime:0.0060s ]
SQL: SELECT `Pic` FROM `employee` WHERE `EmployeeID` = 2 LIMIT 1   [ RunTime:0.0010s ]
NOTIC: [8] Undefined index: son E:\WWW\crm\Runtime\Cache\Admin\c6d57c8d442e0de0d710af1c8a7160fe.php 第 83 行.
INFO: Run Behavior\ParseTemplateBehavior [ RunTime:0.041003s ]
INFO: [ view_parse ] --END-- [ RunTime:0.041003s ]
INFO: [ view_filter ] --START--
INFO: Run Behavior\WriteHtmlCacheBehavior [ RunTime:0.001000s ]
INFO: [ view_filter ] --END-- [ RunTime:0.001000s ]
INFO: [ app_end ] --START--
INFO: Run Behavior\ShowPageTraceBehavior [ RunTime:0.001000s ]
INFO: [ app_end ] --END-- [ RunTime:0.001000s ]

[ 2016-06-24T09:39:54+08:00 ] 127.0.0.1 /admin/Market/contract
INFO: [ app_init ] --START--
INFO: Run Behavior\BuildLiteBehavior [ RunTime:0.000000s ]
INFO: [ app_init ] --END-- [ RunTime:0.001000s ]
INFO: [ app_begin ] --START--
INFO: Run Behavior\ReadHtmlCacheBehavior [ RunTime:0.001000s ]
INFO: [ app_begin ] --END-- [ RunTime:0.001000s ]
SQL: SHOW COLUMNS FROM `config` [ RunTime:0.0060s ]
SQL: SELECT * FROM `config`  [ RunTime:0.0010s ]
SQL: SHOW COLUMNS FROM `menu` [ RunTime:0.0060s ]
SQL: SELECT * FROM `menu` WHERE `ShowType` = 0 ORDER BY Sort  [ RunTime:0.0010s ]
SQL: SHOW COLUMNS FROM `market` [ RunTime:0.0240s ]
SQL: SHOW COLUMNS FROM `contract` [ RunTime:0.0070s ]
SQL: SHOW COLUMNS FROM `contracttype` [ RunTime:0.0290s ]
SQL: SHOW COLUMNS FROM `employee` [ RunTime:0.0060s ]
SQL: SHOW COLUMNS FROM `customer` [ RunTime:0.0440s ]
SQL: SHOW COLUMNS FROM `product` [ RunTime:0.0260s ]
SQL: SHOW COLUMNS FROM `paytype` [ RunTime:0.0330s ]
INFO: [ view_parse ] --START--
NOTIC: [2] file_get_contents(../Application/Admin/View/Huge/Public/footer.html) [<a href='function.file-get-contents'>function.file-get-contents</a>]: failed to open stream: No such file or directory E:\WWW\crm\ThinkPHP\Library\Think\Template.class.php 第 696 行.
INFO: [ template_filter ] --START--
INFO: Run Behavior\ContentReplaceBehavior [ RunTime:0.001000s ]
INFO: [ template_filter ] --END-- [ RunTime:0.001000s ]
INFO: Run Behavior\ParseTemplateBehavior [ RunTime:0.033002s ]
INFO: [ view_parse ] --END-- [ RunTime:0.033002s ]
INFO: [ view_filter ] --START--
INFO: Run Behavior\WriteHtmlCacheBehavior [ RunTime:0.001000s ]
INFO: [ view_filter ] --END-- [ RunTime:0.001000s ]
INFO: [ app_end ] --START--
INFO: Run Behavior\ShowPageTraceBehavior [ RunTime:0.001000s ]
INFO: [ app_end ] --END-- [ RunTime:0.001000s ]

[ 2016-06-24T09:39:54+08:00 ] 127.0.0.1 /admin/Market/loadContract?sort=SignTime&order=desc&limit=10&offset=0
INFO: [ app_init ] --START--
INFO: Run Behavior\BuildLiteBehavior [ RunTime:0.000000s ]
INFO: [ app_init ] --END-- [ RunTime:0.000000s ]
INFO: [ app_begin ] --START--
INFO: Run Behavior\ReadHtmlCacheBehavior [ RunTime:0.001000s ]
INFO: [ app_begin ] --END-- [ RunTime:0.001000s ]
SQL: SHOW COLUMNS FROM `config` [ RunTime:0.0060s ]
SQL: SELECT * FROM `config`  [ RunTime:0.0010s ]
SQL: SHOW COLUMNS FROM `menu` [ RunTime:0.0060s ]
SQL: SELECT * FROM `menu` WHERE `ShowType` = 0 ORDER BY Sort  [ RunTime:0.0010s ]
SQL: SHOW COLUMNS FROM `market` [ RunTime:0.0060s ]
SQL: SHOW COLUMNS FROM `contract` [ RunTime:0.0060s ]
SQL: SHOW COLUMNS FROM `contracttype` [ RunTime:0.0050s ]
SQL: SHOW COLUMNS FROM `employee` [ RunTime:0.0060s ]
SQL: SHOW COLUMNS FROM `customer` [ RunTime:0.0060s ]
SQL: SHOW COLUMNS FROM `product` [ RunTime:0.0050s ]
SQL: SHOW COLUMNS FROM `paytype` [ RunTime:0.0050s ]
SQL: SELECT COUNT(*) AS tp_count FROM `contract` WHERE `DelFlag` = 0 ORDER BY SignTime desc LIMIT 1   [ RunTime:0.0010s ]
SQL: SELECT * FROM `contract` WHERE `DelFlag` = 0 ORDER BY SignTime desc LIMIT 0,10   [ RunTime:0.0020s ]
SQL: SELECT `Name` FROM `employee` WHERE `EmployeeID` = 2 LIMIT 1   [ RunTime:0.0020s ]
SQL: SELECT `ProductName` FROM `product` WHERE `ProductID` IN ('1')  [ RunTime:0.0010s ]
SQL: SELECT `CttTypeName` FROM `contracttype` WHERE `CttTypeID` = 0 LIMIT 1   [ RunTime:0.0020s ]
SQL: SELECT `ShortName` FROM `customer` WHERE `Identifier` = '350500000021' AND `DelFlag` = 0 LIMIT 1   [ RunTime:0.0010s ]
SQL: SELECT `Name` FROM `employee` WHERE `EmployeeID` = 2 LIMIT 1   [ RunTime:0.0010s ]
SQL: SELECT `ProductName` FROM `product` WHERE `ProductID` IN ('1')  [ RunTime:0.0010s ]
SQL: SELECT `CttTypeName` FROM `contracttype` WHERE `CttTypeID` = 0 LIMIT 1   [ RunTime:0.0010s ]
SQL: SELECT `ShortName` FROM `customer` WHERE `Identifier` = '350500000021' AND `DelFlag` = 0 LIMIT 1   [ RunTime:0.0000s ]
SQL: SELECT `Name` FROM `employee` WHERE `EmployeeID` = 2 LIMIT 1   [ RunTime:0.0010s ]
SQL: SELECT `ProductName` FROM `product` WHERE `ProductID` IN ('1')  [ RunTime:0.0010s ]
SQL: SELECT `CttTypeName` FROM `contracttype` WHERE `CttTypeID` = 0 LIMIT 1   [ RunTime:0.0010s ]
SQL: SELECT `ShortName` FROM `customer` WHERE `Identifier` = '350500000021' AND `DelFlag` = 0 LIMIT 1   [ RunTime:0.0000s ]
SQL: SELECT `Name` FROM `employee` WHERE `EmployeeID` = 2 LIMIT 1   [ RunTime:0.0000s ]
SQL: SELECT `ProductName` FROM `product` WHERE `ProductID` IN ('1')  [ RunTime:0.0010s ]
SQL: SELECT `CttTypeName` FROM `contracttype` WHERE `CttTypeID` = 0 LIMIT 1   [ RunTime:0.0010s ]
SQL: SELECT `ShortName` FROM `customer` WHERE `Identifier` = '350500000021' AND `DelFlag` = 0 LIMIT 1   [ RunTime:0.0010s ]
SQL: SELECT `Name` FROM `employee` WHERE `EmployeeID` = 2 LIMIT 1   [ RunTime:0.0010s ]
SQL: SELECT `ProductName` FROM `product` WHERE `ProductID` IN ('1')  [ RunTime:0.0010s ]
SQL: SELECT `CttTypeName` FROM `contracttype` WHERE `CttTypeID` = 0 LIMIT 1   [ RunTime:0.0010s ]
SQL: SELECT `ShortName` FROM `customer` WHERE `Identifier` = '350500000021' AND `DelFlag` = 0 LIMIT 1   [ RunTime:0.0000s ]
SQL: SELECT `Name` FROM `employee` WHERE `EmployeeID` = 2 LIMIT 1   [ RunTime:0.0010s ]
SQL: SELECT `ProductName` FROM `product` WHERE `ProductID` IN ('1')  [ RunTime:0.0010s ]
SQL: SELECT `CttTypeName` FROM `contracttype` WHERE `CttTypeID` = 1 LIMIT 1   [ RunTime:0.0010s ]
SQL: SELECT `ShortName` FROM `customer` WHERE `Identifier` = '350500000005' AND `DelFlag` = 0 LIMIT 1   [ RunTime:0.0020s ]
SQL: SELECT `Name` FROM `employee` WHERE `EmployeeID` = 2 LIMIT 1   [ RunTime:0.0010s ]
SQL: SELECT `ProductName` FROM `product` WHERE `ProductID` IN ('1')  [ RunTime:0.0000s ]
SQL: SELECT `CttTypeName` FROM `contracttype` WHERE `CttTypeID` = 1 LIMIT 1   [ RunTime:0.0000s ]
SQL: SELECT `ShortName` FROM `customer` WHERE `Identifier` = '350500000005' AND `DelFlag` = 0 LIMIT 1   [ RunTime:0.0010s ]
SQL: SELECT `Name` FROM `employee` WHERE `EmployeeID` = 2 LIMIT 1   [ RunTime:0.0010s ]
SQL: SELECT `ProductName` FROM `product` WHERE `ProductID` IN ('1')  [ RunTime:0.0000s ]
SQL: SELECT `CttTypeName` FROM `contracttype` WHERE `CttTypeID` = 1 LIMIT 1   [ RunTime:0.0000s ]
SQL: SELECT `ShortName` FROM `customer` WHERE `Identifier` = '350500000008' AND `DelFlag` = 0 LIMIT 1   [ RunTime:0.0020s ]
SQL: SELECT `Name` FROM `employee` WHERE `EmployeeID` = 2 LIMIT 1   [ RunTime:0.0000s ]
SQL: SELECT `ProductName` FROM `product` WHERE `ProductID` IN ('1')  [ RunTime:0.0000s ]
SQL: SELECT `CttTypeName` FROM `contracttype` WHERE `CttTypeID` = 1 LIMIT 1   [ RunTime:0.0010s ]
SQL: SELECT `ShortName` FROM `customer` WHERE `Identifier` = '350500000008' AND `DelFlag` = 0 LIMIT 1   [ RunTime:0.0010s ]
SQL: SELECT `Name` FROM `employee` WHERE `EmployeeID` = 2 LIMIT 1   [ RunTime:0.0010s ]
SQL: SELECT `ProductName` FROM `product` WHERE `ProductID` IN ('1')  [ RunTime:0.0000s ]
SQL: SELECT `CttTypeName` FROM `contracttype` WHERE `CttTypeID` = 1 LIMIT 1   [ RunTime:0.0010s ]
SQL: SELECT `ShortName` FROM `customer` WHERE `Identifier` = '350500000008' AND `DelFlag` = 0 LIMIT 1   [ RunTime:0.0010s ]
INFO: [ app_end ] --START--
INFO: Run Behavior\ShowPageTraceBehavior [ RunTime:0.001000s ]
INFO: [ app_end ] --END-- [ RunTime:0.001000s ]

[ 2016-06-24T09:40:05+08:00 ] 127.0.0.1 /admin/Market/loadContract?sort=SignTime&order=desc&limit=10&offset=10
INFO: [ app_init ] --START--
INFO: Run Behavior\BuildLiteBehavior [ RunTime:0.000000s ]
INFO: [ app_init ] --END-- [ RunTime:0.001000s ]
INFO: [ app_begin ] --START--
INFO: Run Behavior\ReadHtmlCacheBehavior [ RunTime:0.001000s ]
INFO: [ app_begin ] --END-- [ RunTime:0.001000s ]
SQL: SHOW COLUMNS FROM `config` [ RunTime:0.0060s ]
SQL: SELECT * FROM `config`  [ RunTime:0.0020s ]
SQL: SHOW COLUMNS FROM `menu` [ RunTime:0.0050s ]
SQL: SELECT * FROM `menu` WHERE `ShowType` = 0 ORDER BY Sort  [ RunTime:0.0020s ]
SQL: SHOW COLUMNS FROM `market` [ RunTime:0.0060s ]
SQL: SHOW COLUMNS FROM `contract` [ RunTime:0.0060s ]
SQL: SHOW COLUMNS FROM `contracttype` [ RunTime:0.0050s ]
SQL: SHOW COLUMNS FROM `employee` [ RunTime:0.0060s ]
SQL: SHOW COLUMNS FROM `customer` [ RunTime:0.0060s ]
SQL: SHOW COLUMNS FROM `product` [ RunTime:0.0060s ]
SQL: SHOW COLUMNS FROM `paytype` [ RunTime:0.0050s ]
SQL: SELECT COUNT(*) AS tp_count FROM `contract` WHERE `DelFlag` = 0 ORDER BY SignTime desc LIMIT 1   [ RunTime:0.0010s ]
SQL: SELECT * FROM `contract` WHERE `DelFlag` = 0 ORDER BY SignTime desc LIMIT 10,10   [ RunTime:0.0030s ]
SQL: SELECT `Name` FROM `employee` WHERE `EmployeeID` = 2 LIMIT 1   [ RunTime:0.0010s ]
SQL: SELECT `ProductName` FROM `product` WHERE `ProductID` IN ('1')  [ RunTime:0.0010s ]
SQL: SELECT `CttTypeName` FROM `contracttype` WHERE `CttTypeID` = 2 LIMIT 1   [ RunTime:0.0010s ]
SQL: SELECT `ShortName` FROM `customer` WHERE `Identifier` = '350500000021' AND `DelFlag` = 0 LIMIT 1   [ RunTime:0.0010s ]
SQL: SELECT `Name` FROM `employee` WHERE `EmployeeID` = 2 LIMIT 1   [ RunTime:0.0020s ]
SQL: SELECT `ProductName` FROM `product` WHERE `ProductID` IN ('1')  [ RunTime:0.0010s ]
SQL: SELECT `CttTypeName` FROM `contracttype` WHERE `CttTypeID` = 2 LIMIT 1   [ RunTime:0.0010s ]
SQL: SELECT `ShortName` FROM `customer` WHERE `Identifier` = '350500000021' AND `DelFlag` = 0 LIMIT 1   [ RunTime:0.0010s ]
SQL: SELECT `Name` FROM `employee` WHERE `EmployeeID` = 2 LIMIT 1   [ RunTime:0.0010s ]
SQL: SELECT `ProductName` FROM `product` WHERE `ProductID` IN ('1')  [ RunTime:0.0020s ]
SQL: SELECT `CttTypeName` FROM `contracttype` WHERE `CttTypeID` = 1 LIMIT 1   [ RunTime:0.0010s ]
SQL: SELECT `ShortName` FROM `customer` WHERE `Identifier` = '350500000005' AND `DelFlag` = 0 LIMIT 1   [ RunTime:0.0010s ]
SQL: SELECT `Name` FROM `employee` WHERE `EmployeeID` = 2 LIMIT 1   [ RunTime:0.0010s ]
SQL: SELECT `ProductName` FROM `product` WHERE `ProductID` IN ('1')  [ RunTime:0.0010s ]
SQL: SELECT `CttTypeName` FROM `contracttype` WHERE `CttTypeID` = 2 LIMIT 1   [ RunTime:0.0010s ]
SQL: SELECT `ShortName` FROM `customer` WHERE `Identifier` = '350500000006' AND `DelFlag` = 0 LIMIT 1   [ RunTime:0.0010s ]
SQL: SELECT `Name` FROM `employee` WHERE `EmployeeID` = 2 LIMIT 1   [ RunTime:0.0010s ]
SQL: SELECT `ProductName` FROM `product` WHERE `ProductID` IN ('1')  [ RunTime:0.0010s ]
SQL: SELECT `CttTypeName` FROM `contracttype` WHERE `CttTypeID` = 2 LIMIT 1   [ RunTime:0.0020s ]
SQL: SELECT `ShortName` FROM `customer` WHERE `Identifier` = '350500000023' AND `DelFlag` = 0 LIMIT 1   [ RunTime:0.0010s ]
SQL: SELECT `Name` FROM `employee` WHERE `EmployeeID` = 2 LIMIT 1   [ RunTime:0.0010s ]
SQL: SELECT `ProductName` FROM `product` WHERE `ProductID` IN ('1')  [ RunTime:0.0010s ]
SQL: SELECT `CttTypeName` FROM `contracttype` WHERE `CttTypeID` = 1 LIMIT 1   [ RunTime:0.0010s ]
SQL: SELECT `ShortName` FROM `customer` WHERE `Identifier` = '350500000002' AND `DelFlag` = 0 LIMIT 1   [ RunTime:0.0020s ]
SQL: SELECT `Name` FROM `employee` WHERE `EmployeeID` = 2 LIMIT 1   [ RunTime:0.0010s ]
SQL: SELECT `ProductName` FROM `product` WHERE `ProductID` IN ('1')  [ RunTime:0.0010s ]
SQL: SELECT `CttTypeName` FROM `contracttype` WHERE `CttTypeID` = 0 LIMIT 1   [ RunTime:0.0010s ]
SQL: SELECT `ShortName` FROM `customer` WHERE `Identifier` = '350500000005' AND `DelFlag` = 0 LIMIT 1   [ RunTime:0.0010s ]
SQL: SELECT `Name` FROM `employee` WHERE `EmployeeID` = 2 LIMIT 1   [ RunTime:0.0020s ]
SQL: SELECT `ProductName` FROM `product` WHERE `ProductID` IN ('1')  [ RunTime:0.0010s ]
SQL: SELECT `CttTypeName` FROM `contracttype` WHERE `CttTypeID` = 0 LIMIT 1   [ RunTime:0.0010s ]
SQL: SELECT `ShortName` FROM `customer` WHERE `Identifier` = '350500000016' AND `DelFlag` = 0 LIMIT 1   [ RunTime:0.0010s ]
SQL: SELECT `Name` FROM `employee` WHERE `EmployeeID` = 2 LIMIT 1   [ RunTime:0.0010s ]
SQL: SELECT `ProductName` FROM `product` WHERE `ProductID` IN ('1')  [ RunTime:0.0010s ]
SQL: SELECT `CttTypeName` FROM `contracttype` WHERE `CttTypeID` = 0 LIMIT 1   [ RunTime:0.0010s ]
SQL: SELECT `ShortName` FROM `customer` WHERE `Identifier` = '350500000016' AND `DelFlag` = 0 LIMIT 1   [ RunTime:0.0020s ]
SQL: SELECT `Name` FROM `employee` WHERE `EmployeeID` = 2 LIMIT 1   [ RunTime:0.0010s ]
SQL: SELECT `ProductName` FROM `product` WHERE `ProductID` IN ('1')  [ RunTime:0.0010s ]
SQL: SELECT `CttTypeName` FROM `contracttype` WHERE `CttTypeID` = 0 LIMIT 1   [ RunTime:0.0010s ]
SQL: SELECT `ShortName` FROM `customer` WHERE `Identifier` = '350500000016' AND `DelFlag` = 0 LIMIT 1   [ RunTime:0.0010s ]
INFO: [ app_end ] --START--
INFO: Run Behavior\ShowPageTraceBehavior [ RunTime:0.002000s ]
INFO: [ app_end ] --END-- [ RunTime:0.002000s ]

[ 2016-06-24T09:40:07+08:00 ] 127.0.0.1 /admin/Market/loadContract?sort=SignTime&order=desc&limit=10&offset=20
INFO: [ app_init ] --START--
INFO: Run Behavior\BuildLiteBehavior [ RunTime:0.000000s ]
INFO: [ app_init ] --END-- [ RunTime:0.001000s ]
INFO: [ app_begin ] --START--
INFO: Run Behavior\ReadHtmlCacheBehavior [ RunTime:0.001000s ]
INFO: [ app_begin ] --END-- [ RunTime:0.001000s ]
SQL: SHOW COLUMNS FROM `config` [ RunTime:0.0060s ]
SQL: SELECT * FROM `config`  [ RunTime:0.0010s ]
SQL: SHOW COLUMNS FROM `menu` [ RunTime:0.0050s ]
SQL: SELECT * FROM `menu` WHERE `ShowType` = 0 ORDER BY Sort  [ RunTime:0.0020s ]
SQL: SHOW COLUMNS FROM `market` [ RunTime:0.0050s ]
SQL: SHOW COLUMNS FROM `contract` [ RunTime:0.0060s ]
SQL: SHOW COLUMNS FROM `contracttype` [ RunTime:0.0060s ]
SQL: SHOW COLUMNS FROM `employee` [ RunTime:0.0060s ]
SQL: SHOW COLUMNS FROM `customer` [ RunTime:0.0060s ]
SQL: SHOW COLUMNS FROM `product` [ RunTime:0.0060s ]
SQL: SHOW COLUMNS FROM `paytype` [ RunTime:0.0060s ]
SQL: SELECT COUNT(*) AS tp_count FROM `contract` WHERE `DelFlag` = 0 ORDER BY SignTime desc LIMIT 1   [ RunTime:0.0010s ]
SQL: SELECT * FROM `contract` WHERE `DelFlag` = 0 ORDER BY SignTime desc LIMIT 20,10   [ RunTime:0.0030s ]
SQL: SELECT `Name` FROM `employee` WHERE `EmployeeID` = 2 LIMIT 1   [ RunTime:0.0010s ]
SQL: SELECT `ProductName` FROM `product` WHERE `ProductID` IN ('1')  [ RunTime:0.0010s ]
SQL: SELECT `CttTypeName` FROM `contracttype` WHERE `CttTypeID` = 1 LIMIT 1   [ RunTime:0.0010s ]
SQL: SELECT `ShortName` FROM `customer` WHERE `Identifier` = '350500000005' AND `DelFlag` = 0 LIMIT 1   [ RunTime:0.0010s ]
SQL: SELECT `Name` FROM `employee` WHERE `EmployeeID` = 2 LIMIT 1   [ RunTime:0.0010s ]
SQL: SELECT `ProductName` FROM `product` WHERE `ProductID` IN ('1')  [ RunTime:0.0010s ]
SQL: SELECT `CttTypeName` FROM `contracttype` WHERE `CttTypeID` = 0 LIMIT 1   [ RunTime:0.0010s ]
SQL: SELECT `ShortName` FROM `customer` WHERE `Identifier` = '350500000006' AND `DelFlag` = 0 LIMIT 1   [ RunTime:0.0010s ]
SQL: SELECT `Name` FROM `employee` WHERE `EmployeeID` = 2 LIMIT 1   [ RunTime:0.0010s ]
SQL: SELECT `ProductName` FROM `product` WHERE `ProductID` IN ('1')  [ RunTime:0.0010s ]
SQL: SELECT `CttTypeName` FROM `contracttype` WHERE `CttTypeID` = 1 LIMIT 1   [ RunTime:0.0010s ]
SQL: SELECT `ShortName` FROM `customer` WHERE `Identifier` = '350500000004' AND `DelFlag` = 0 LIMIT 1   [ RunTime:0.0010s ]
SQL: SELECT `Name` FROM `employee` WHERE `EmployeeID` = 2 LIMIT 1   [ RunTime:0.0010s ]
SQL: SELECT `ProductName` FROM `product` WHERE `ProductID` IN ('1')  [ RunTime:0.0010s ]
SQL: SELECT `CttTypeName` FROM `contracttype` WHERE `CttTypeID` = 0 LIMIT 1   [ RunTime:0.0010s ]
SQL: SELECT `ShortName` FROM `customer` WHERE `Identifier` = '350500000006' AND `DelFlag` = 0 LIMIT 1   [ RunTime:0.0010s ]
SQL: SELECT `Name` FROM `employee` WHERE `EmployeeID` = 2 LIMIT 1   [ RunTime:0.0010s ]
SQL: SELECT `ProductName` FROM `product` WHERE `ProductID` IN ('1')  [ RunTime:0.0020s ]
SQL: SELECT `CttTypeName` FROM `contracttype` WHERE `CttTypeID` = 1 LIMIT 1   [ RunTime:0.0010s ]
SQL: SELECT `ShortName` FROM `customer` WHERE `Identifier` = '350500000025' AND `DelFlag` = 0 LIMIT 1   [ RunTime:0.0010s ]
SQL: SELECT `Name` FROM `employee` WHERE `EmployeeID` = 2 LIMIT 1   [ RunTime:0.0010s ]
NOTIC: [2] implode() [<a href='function.implode'>function.implode</a>]: Invalid arguments passed E:\WWW\crm\ThinkPHP\Library\Think\Db\Driver.class.php 第 578 行.
ERR: 1064:You have an error in your SQL syntax; check the manual that corresponds to your MySQL server version for the right syntax to use near ')' at line 1
 [ SQL语句 ] : SELECT `ProductName` FROM `product` WHERE `ProductID` IN () 
ERR: 1064:You have an error in your SQL syntax; check the manual that corresponds to your MySQL server version for the right syntax to use near ')' at line 1
 [ SQL语句 ] : SELECT `ProductName` FROM `product` WHERE `ProductID` IN () 

[ 2016-06-24T09:40:09+08:00 ] 127.0.0.1 /admin/Market/loadContract?sort=SignTime&order=desc&limit=10&offset=30
INFO: [ app_init ] --START--
INFO: Run Behavior\BuildLiteBehavior [ RunTime:0.000000s ]
INFO: [ app_init ] --END-- [ RunTime:0.001000s ]
INFO: [ app_begin ] --START--
INFO: Run Behavior\ReadHtmlCacheBehavior [ RunTime:0.001000s ]
INFO: [ app_begin ] --END-- [ RunTime:0.001000s ]
SQL: SHOW COLUMNS FROM `config` [ RunTime:0.0060s ]
SQL: SELECT * FROM `config`  [ RunTime:0.0010s ]
SQL: SHOW COLUMNS FROM `menu` [ RunTime:0.0060s ]
SQL: SELECT * FROM `menu` WHERE `ShowType` = 0 ORDER BY Sort  [ RunTime:0.0010s ]
SQL: SHOW COLUMNS FROM `market` [ RunTime:0.0060s ]
SQL: SHOW COLUMNS FROM `contract` [ RunTime:0.0060s ]
SQL: SHOW COLUMNS FROM `contracttype` [ RunTime:0.0050s ]
SQL: SHOW COLUMNS FROM `employee` [ RunTime:0.0060s ]
SQL: SHOW COLUMNS FROM `customer` [ RunTime:0.0060s ]
SQL: SHOW COLUMNS FROM `product` [ RunTime:0.0050s ]
SQL: SHOW COLUMNS FROM `paytype` [ RunTime:0.0050s ]
SQL: SELECT COUNT(*) AS tp_count FROM `contract` WHERE `DelFlag` = 0 ORDER BY SignTime desc LIMIT 1   [ RunTime:0.0010s ]
SQL: SELECT * FROM `contract` WHERE `DelFlag` = 0 ORDER BY SignTime desc LIMIT 30,10   [ RunTime:0.0030s ]
SQL: SELECT `Name` FROM `employee` WHERE `EmployeeID` = 2 LIMIT 1   [ RunTime:0.0010s ]
SQL: SELECT `ProductName` FROM `product` WHERE `ProductID` IN ('1')  [ RunTime:0.0010s ]
SQL: SELECT `CttTypeName` FROM `contracttype` WHERE `CttTypeID` = 1 LIMIT 1   [ RunTime:0.0010s ]
SQL: SELECT `ShortName` FROM `customer` WHERE `Identifier` = '350500000008' AND `DelFlag` = 0 LIMIT 1   [ RunTime:0.0010s ]
SQL: SELECT `Name` FROM `employee` WHERE `EmployeeID` = 2 LIMIT 1   [ RunTime:0.0010s ]
SQL: SELECT `ProductName` FROM `product` WHERE `ProductID` IN ('1')  [ RunTime:0.0010s ]
SQL: SELECT `CttTypeName` FROM `contracttype` WHERE `CttTypeID` = 1 LIMIT 1   [ RunTime:0.0010s ]
SQL: SELECT `ShortName` FROM `customer` WHERE `Identifier` = '350500000008' AND `DelFlag` = 0 LIMIT 1   [ RunTime:0.0010s ]
SQL: SELECT `Name` FROM `employee` WHERE `EmployeeID` = 2 LIMIT 1   [ RunTime:0.0010s ]
SQL: SELECT `ProductName` FROM `product` WHERE `ProductID` IN ('1')  [ RunTime:0.0010s ]
SQL: SELECT `CttTypeName` FROM `contracttype` WHERE `CttTypeID` = 1 LIMIT 1   [ RunTime:0.0020s ]
SQL: SELECT `ShortName` FROM `customer` WHERE `Identifier` = '350500000008' AND `DelFlag` = 0 LIMIT 1   [ RunTime:0.0010s ]
SQL: SELECT `Name` FROM `employee` WHERE `EmployeeID` = 2 LIMIT 1   [ RunTime:0.0020s ]
SQL: SELECT `ProductName` FROM `product` WHERE `ProductID` IN ('1')  [ RunTime:0.0010s ]
SQL: SELECT `CttTypeName` FROM `contracttype` WHERE `CttTypeID` = 1 LIMIT 1   [ RunTime:0.0020s ]
SQL: SELECT `ShortName` FROM `customer` WHERE `Identifier` = '350500000006' AND `DelFlag` = 0 LIMIT 1   [ RunTime:0.0010s ]
SQL: SELECT `Name` FROM `employee` WHERE `EmployeeID` = 2 LIMIT 1   [ RunTime:0.0020s ]
SQL: SELECT `ProductName` FROM `product` WHERE `ProductID` IN ('1')  [ RunTime:0.0010s ]
SQL: SELECT `CttTypeName` FROM `contracttype` WHERE `CttTypeID` = 1 LIMIT 1   [ RunTime:0.0020s ]
SQL: SELECT `ShortName` FROM `customer` WHERE `Identifier` = '350500000021' AND `DelFlag` = 0 LIMIT 1   [ RunTime:0.0010s ]
SQL: SELECT `Name` FROM `employee` WHERE `EmployeeID` = 2 LIMIT 1   [ RunTime:0.0010s ]
SQL: SELECT `ProductName` FROM `product` WHERE `ProductID` IN ('1')  [ RunTime:0.0010s ]
SQL: SELECT `CttTypeName` FROM `contracttype` WHERE `CttTypeID` = 3 LIMIT 1   [ RunTime:0.0010s ]
SQL: SELECT `ShortName` FROM `customer` WHERE `Identifier` = '350500000008' AND `DelFlag` = 0 LIMIT 1   [ RunTime:0.0010s ]
SQL: SELECT `Name` FROM `employee` WHERE `EmployeeID` = 2 LIMIT 1   [ RunTime:0.0010s ]
SQL: SELECT `ProductName` FROM `product` WHERE `ProductID` IN ('1','2')  [ RunTime:0.0010s ]
SQL: SELECT `CttTypeName` FROM `contracttype` WHERE `CttTypeID` = 1 LIMIT 1   [ RunTime:0.0010s ]
SQL: SELECT `ShortName` FROM `customer` WHERE `Identifier` = '350500000002' AND `DelFlag` = 0 LIMIT 1   [ RunTime:0.0010s ]
SQL: SELECT `Name` FROM `employee` WHERE `EmployeeID` = 2 LIMIT 1   [ RunTime:0.0010s ]
SQL: SELECT `ProductName` FROM `product` WHERE `ProductID` IN ('1','2')  [ RunTime:0.0010s ]
SQL: SELECT `CttTypeName` FROM `contracttype` WHERE `CttTypeID` = 1 LIMIT 1   [ RunTime:0.0010s ]
SQL: SELECT `ShortName` FROM `customer` WHERE `Identifier` = '350500000006' AND `DelFlag` = 0 LIMIT 1   [ RunTime:0.0020s ]
SQL: SELECT `Name` FROM `employee` WHERE `EmployeeID` = 2 LIMIT 1   [ RunTime:0.0010s ]
SQL: SELECT `ProductName` FROM `product` WHERE `ProductID` IN ('1','2')  [ RunTime:0.0020s ]
SQL: SELECT `CttTypeName` FROM `contracttype` WHERE `CttTypeID` = 2 LIMIT 1   [ RunTime:0.0010s ]
SQL: SELECT `ShortName` FROM `customer` WHERE `Identifier` = '350500000002' AND `DelFlag` = 0 LIMIT 1   [ RunTime:0.0020s ]
SQL: SELECT `Name` FROM `employee` WHERE `EmployeeID` = 2 LIMIT 1   [ RunTime:0.0010s ]
SQL: SELECT `ProductName` FROM `product` WHERE `ProductID` IN ('1','2')  [ RunTime:0.0020s ]
SQL: SELECT `CttTypeName` FROM `contracttype` WHERE `CttTypeID` = 2 LIMIT 1   [ RunTime:0.0010s ]
SQL: SELECT `ShortName` FROM `customer` WHERE `Identifier` = '350500000002' AND `DelFlag` = 0 LIMIT 1   [ RunTime:0.0020s ]
INFO: [ app_end ] --START--
INFO: Run Behavior\ShowPageTraceBehavior [ RunTime:0.001000s ]
INFO: [ app_end ] --END-- [ RunTime:0.001000s ]

[ 2016-06-24T09:40:14+08:00 ] 127.0.0.1 /admin/Market/loadContract?sort=SignTime&order=desc&limit=10&offset=40
INFO: [ app_init ] --START--
INFO: Run Behavior\BuildLiteBehavior [ RunTime:0.000000s ]
INFO: [ app_init ] --END-- [ RunTime:0.001001s ]
INFO: [ app_begin ] --START--
INFO: Run Behavior\ReadHtmlCacheBehavior [ RunTime:0.001000s ]
INFO: [ app_begin ] --END-- [ RunTime:0.001000s ]
SQL: SHOW COLUMNS FROM `config` [ RunTime:0.0060s ]
SQL: SELECT * FROM `config`  [ RunTime:0.0010s ]
SQL: SHOW COLUMNS FROM `menu` [ RunTime:0.0060s ]
SQL: SELECT * FROM `menu` WHERE `ShowType` = 0 ORDER BY Sort  [ RunTime:0.0030s ]
SQL: SHOW COLUMNS FROM `market` [ RunTime:0.0050s ]
SQL: SHOW COLUMNS FROM `contract` [ RunTime:0.0070s ]
SQL: SHOW COLUMNS FROM `contracttype` [ RunTime:0.0050s ]
SQL: SHOW COLUMNS FROM `employee` [ RunTime:0.0060s ]
SQL: SHOW COLUMNS FROM `customer` [ RunTime:0.0060s ]
SQL: SHOW COLUMNS FROM `product` [ RunTime:0.0050s ]
SQL: SHOW COLUMNS FROM `paytype` [ RunTime:0.0060s ]
SQL: SELECT COUNT(*) AS tp_count FROM `contract` WHERE `DelFlag` = 0 ORDER BY SignTime desc LIMIT 1   [ RunTime:0.0010s ]
SQL: SELECT * FROM `contract` WHERE `DelFlag` = 0 ORDER BY SignTime desc LIMIT 40,10   [ RunTime:0.0030s ]
SQL: SELECT `Name` FROM `employee` WHERE `EmployeeID` = 2 LIMIT 1   [ RunTime:0.0010s ]
SQL: SELECT `ProductName` FROM `product` WHERE `ProductID` IN ('1','2')  [ RunTime:0.0010s ]
SQL: SELECT `CttTypeName` FROM `contracttype` WHERE `CttTypeID` = 2 LIMIT 1   [ RunTime:0.0020s ]
SQL: SELECT `ShortName` FROM `customer` WHERE `Identifier` = '350500000005' AND `DelFlag` = 0 LIMIT 1   [ RunTime:0.0010s ]
SQL: SELECT `Name` FROM `employee` WHERE `EmployeeID` = 2 LIMIT 1   [ RunTime:0.0010s ]
SQL: SELECT `ProductName` FROM `product` WHERE `ProductID` IN ('1','2')  [ RunTime:0.0010s ]
SQL: SELECT `CttTypeName` FROM `contracttype` WHERE `CttTypeID` = 2 LIMIT 1   [ RunTime:0.0010s ]
SQL: SELECT `ShortName` FROM `customer` WHERE `Identifier` = '350500000002' AND `DelFlag` = 0 LIMIT 1   [ RunTime:0.0020s ]
SQL: SELECT `Name` FROM `employee` WHERE `EmployeeID` = 2 LIMIT 1   [ RunTime:0.0010s ]
SQL: SELECT `ProductName` FROM `product` WHERE `ProductID` IN ('1','2')  [ RunTime:0.0010s ]
SQL: SELECT `CttTypeName` FROM `contracttype` WHERE `CttTypeID` = 2 LIMIT 1   [ RunTime:0.0010s ]
SQL: SELECT `ShortName` FROM `customer` WHERE `Identifier` = '350500000002' AND `DelFlag` = 0 LIMIT 1   [ RunTime:0.0010s ]
SQL: SELECT `Name` FROM `employee` WHERE `EmployeeID` = 2 LIMIT 1   [ RunTime:0.0010s ]
SQL: SELECT `ProductName` FROM `product` WHERE `ProductID` IN ('1','2')  [ RunTime:0.0010s ]
SQL: SELECT `CttTypeName` FROM `contracttype` WHERE `CttTypeID` = 2 LIMIT 1   [ RunTime:0.0020s ]
SQL: SELECT `ShortName` FROM `customer` WHERE `Identifier` = '350500000002' AND `DelFlag` = 0 LIMIT 1   [ RunTime:0.0010s ]
SQL: SELECT `Name` FROM `employee` WHERE `EmployeeID` = 2 LIMIT 1   [ RunTime:0.0010s ]
SQL: SELECT `ProductName` FROM `product` WHERE `ProductID` IN ('1','2')  [ RunTime:0.0010s ]
SQL: SELECT `CttTypeName` FROM `contracttype` WHERE `CttTypeID` = 2 LIMIT 1   [ RunTime:0.0010s ]
SQL: SELECT `ShortName` FROM `customer` WHERE `Identifier` = '350500000002' AND `DelFlag` = 0 LIMIT 1   [ RunTime:0.0020s ]
SQL: SELECT `Name` FROM `employee` WHERE `EmployeeID` = 2 LIMIT 1   [ RunTime:0.0010s ]
SQL: SELECT `ProductName` FROM `product` WHERE `ProductID` IN ('1','2')  [ RunTime:0.0010s ]
SQL: SELECT `CttTypeName` FROM `contracttype` WHERE `CttTypeID` = 2 LIMIT 1   [ RunTime:0.0010s ]
SQL: SELECT `ShortName` FROM `customer` WHERE `Identifier` = '350500000002' AND `DelFlag` = 0 LIMIT 1   [ RunTime:0.0010s ]
SQL: SELECT `Name` FROM `employee` WHERE `EmployeeID` = 2 LIMIT 1   [ RunTime:0.0020s ]
SQL: SELECT `ProductName` FROM `product` WHERE `ProductID` IN ('1','2')  [ RunTime:0.0010s ]
SQL: SELECT `CttTypeName` FROM `contracttype` WHERE `CttTypeID` = 2 LIMIT 1   [ RunTime:0.0010s ]
SQL: SELECT `ShortName` FROM `customer` WHERE `Identifier` = '350500000002' AND `DelFlag` = 0 LIMIT 1   [ RunTime:0.0010s ]
SQL: SELECT `Name` FROM `employee` WHERE `EmployeeID` = 2 LIMIT 1   [ RunTime:0.0010s ]
SQL: SELECT `ProductName` FROM `product` WHERE `ProductID` IN ('1','2')  [ RunTime:0.0020s ]
SQL: SELECT `CttTypeName` FROM `contracttype` WHERE `CttTypeID` = 2 LIMIT 1   [ RunTime:0.0010s ]
SQL: SELECT `ShortName` FROM `customer` WHERE `Identifier` = '350500000002' AND `DelFlag` = 0 LIMIT 1   [ RunTime:0.0010s ]
SQL: SELECT `Name` FROM `employee` WHERE `EmployeeID` = 2 LIMIT 1   [ RunTime:0.0010s ]
SQL: SELECT `ProductName` FROM `product` WHERE `ProductID` IN ('1','2')  [ RunTime:0.0010s ]
SQL: SELECT `CttTypeName` FROM `contracttype` WHERE `CttTypeID` = 2 LIMIT 1   [ RunTime:0.0020s ]
SQL: SELECT `ShortName` FROM `customer` WHERE `Identifier` = '350500000002' AND `DelFlag` = 0 LIMIT 1   [ RunTime:0.0010s ]
SQL: SELECT `Name` FROM `employee` WHERE `EmployeeID` = 2 LIMIT 1   [ RunTime:0.0010s ]
SQL: SELECT `ProductName` FROM `product` WHERE `ProductID` IN ('1','2')  [ RunTime:0.0010s ]
SQL: SELECT `CttTypeName` FROM `contracttype` WHERE `CttTypeID` = 2 LIMIT 1   [ RunTime:0.0010s ]
SQL: SELECT `ShortName` FROM `customer` WHERE `Identifier` = '350500000002' AND `DelFlag` = 0 LIMIT 1   [ RunTime:0.0010s ]
INFO: [ app_end ] --START--
INFO: Run Behavior\ShowPageTraceBehavior [ RunTime:0.001000s ]
INFO: [ app_end ] --END-- [ RunTime:0.001000s ]

[ 2016-06-24T09:40:16+08:00 ] 127.0.0.1 /admin/Market/loadContract?sort=SignTime&order=desc&limit=10&offset=50
INFO: [ app_init ] --START--
INFO: Run Behavior\BuildLiteBehavior [ RunTime:0.000000s ]
INFO: [ app_init ] --END-- [ RunTime:0.000000s ]
INFO: [ app_begin ] --START--
INFO: Run Behavior\ReadHtmlCacheBehavior [ RunTime:0.000000s ]
INFO: [ app_begin ] --END-- [ RunTime:0.001000s ]
SQL: SHOW COLUMNS FROM `config` [ RunTime:0.0060s ]
SQL: SELECT * FROM `config`  [ RunTime:0.0010s ]
SQL: SHOW COLUMNS FROM `menu` [ RunTime:0.0050s ]
SQL: SELECT * FROM `menu` WHERE `ShowType` = 0 ORDER BY Sort  [ RunTime:0.0030s ]
SQL: SHOW COLUMNS FROM `market` [ RunTime:0.0050s ]
SQL: SHOW COLUMNS FROM `contract` [ RunTime:0.0060s ]
SQL: SHOW COLUMNS FROM `contracttype` [ RunTime:0.0060s ]
SQL: SHOW COLUMNS FROM `employee` [ RunTime:0.0070s ]
SQL: SHOW COLUMNS FROM `customer` [ RunTime:0.0060s ]
SQL: SHOW COLUMNS FROM `product` [ RunTime:0.0050s ]
SQL: SHOW COLUMNS FROM `paytype` [ RunTime:0.0050s ]
SQL: SELECT COUNT(*) AS tp_count FROM `contract` WHERE `DelFlag` = 0 ORDER BY SignTime desc LIMIT 1   [ RunTime:0.0010s ]
SQL: SELECT * FROM `contract` WHERE `DelFlag` = 0 ORDER BY SignTime desc LIMIT 50,10   [ RunTime:0.0030s ]
SQL: SELECT `Name` FROM `employee` WHERE `EmployeeID` = 2 LIMIT 1   [ RunTime:0.0020s ]
SQL: SELECT `ProductName` FROM `product` WHERE `ProductID` IN ('1')  [ RunTime:0.0010s ]
SQL: SELECT `CttTypeName` FROM `contracttype` WHERE `CttTypeID` = 3 LIMIT 1   [ RunTime:0.0010s ]
SQL: SELECT `ShortName` FROM `customer` WHERE `Identifier` = '350500000002' AND `DelFlag` = 0 LIMIT 1   [ RunTime:0.0010s ]
SQL: SELECT `Name` FROM `employee` WHERE `EmployeeID` = 2 LIMIT 1   [ RunTime:0.0020s ]
SQL: SELECT `ProductName` FROM `product` WHERE `ProductID` IN ('1')  [ RunTime:0.0010s ]
SQL: SELECT `CttTypeName` FROM `contracttype` WHERE `CttTypeID` = 3 LIMIT 1   [ RunTime:0.0010s ]
SQL: SELECT `ShortName` FROM `customer` WHERE `Identifier` = '350500000002' AND `DelFlag` = 0 LIMIT 1   [ RunTime:0.0010s ]
SQL: SELECT `Name` FROM `employee` WHERE `EmployeeID` = 2 LIMIT 1   [ RunTime:0.0010s ]
SQL: SELECT `ProductName` FROM `product` WHERE `ProductID` IN ('1')  [ RunTime:0.0010s ]
SQL: SELECT `CttTypeName` FROM `contracttype` WHERE `CttTypeID` = 3 LIMIT 1   [ RunTime:0.0010s ]
SQL: SELECT `ShortName` FROM `customer` WHERE `Identifier` = '350500000002' AND `DelFlag` = 0 LIMIT 1   [ RunTime:0.0010s ]
SQL: SELECT `Name` FROM `employee` WHERE `EmployeeID` = 2 LIMIT 1   [ RunTime:0.0010s ]
SQL: SELECT `ProductName` FROM `product` WHERE `ProductID` IN ('1')  [ RunTime:0.0010s ]
SQL: SELECT `CttTypeName` FROM `contracttype` WHERE `CttTypeID` = 3 LIMIT 1   [ RunTime:0.0010s ]
SQL: SELECT `ShortName` FROM `customer` WHERE `Identifier` = '350500000002' AND `DelFlag` = 0 LIMIT 1   [ RunTime:0.0010s ]
SQL: SELECT `Name` FROM `employee` WHERE `EmployeeID` = 2 LIMIT 1   [ RunTime:0.0010s ]
SQL: SELECT `ProductName` FROM `product` WHERE `ProductID` IN ('1')  [ RunTime:0.0010s ]
SQL: SELECT `CttTypeName` FROM `contracttype` WHERE `CttTypeID` = 3 LIMIT 1   [ RunTime:0.0010s ]
SQL: SELECT `ShortName` FROM `customer` WHERE `Identifier` = '350500000002' AND `DelFlag` = 0 LIMIT 1   [ RunTime:0.0010s ]
SQL: SELECT `Name` FROM `employee` WHERE `EmployeeID` = 2 LIMIT 1   [ RunTime:0.0010s ]
SQL: SELECT `ProductName` FROM `product` WHERE `ProductID` IN ('1')  [ RunTime:0.0010s ]
SQL: SELECT `CttTypeName` FROM `contracttype` WHERE `CttTypeID` = 3 LIMIT 1   [ RunTime:0.0010s ]
SQL: SELECT `ShortName` FROM `customer` WHERE `Identifier` = '350500000002' AND `DelFlag` = 0 LIMIT 1   [ RunTime:0.0020s ]
SQL: SELECT `Name` FROM `employee` WHERE `EmployeeID` = 2 LIMIT 1   [ RunTime:0.0010s ]
SQL: SELECT `ProductName` FROM `product` WHERE `ProductID` IN ('1')  [ RunTime:0.0010s ]
SQL: SELECT `CttTypeName` FROM `contracttype` WHERE `CttTypeID` = 3 LIMIT 1   [ RunTime:0.0010s ]
SQL: SELECT `ShortName` FROM `customer` WHERE `Identifier` = '350500000002' AND `DelFlag` = 0 LIMIT 1   [ RunTime:0.0010s ]
SQL: SELECT `Name` FROM `employee` WHERE `EmployeeID` = 2 LIMIT 1   [ RunTime:0.0010s ]
SQL: SELECT `ProductName` FROM `product` WHERE `ProductID` IN ('1')  [ RunTime:0.0010s ]
SQL: SELECT `CttTypeName` FROM `contracttype` WHERE `CttTypeID` = 3 LIMIT 1   [ RunTime:0.0010s ]
SQL: SELECT `ShortName` FROM `customer` WHERE `Identifier` = '350500000002' AND `DelFlag` = 0 LIMIT 1   [ RunTime:0.0010s ]
SQL: SELECT `Name` FROM `employee` WHERE `EmployeeID` = 2 LIMIT 1   [ RunTime:0.0010s ]
SQL: SELECT `ProductName` FROM `product` WHERE `ProductID` IN ('1')  [ RunTime:0.0010s ]
SQL: SELECT `CttTypeName` FROM `contracttype` WHERE `CttTypeID` = 1 LIMIT 1   [ RunTime:0.0020s ]
SQL: SELECT `ShortName` FROM `customer` WHERE `Identifier` = '350500000002' AND `DelFlag` = 0 LIMIT 1   [ RunTime:0.0010s ]
SQL: SELECT `Name` FROM `employee` WHERE `EmployeeID` = 2 LIMIT 1   [ RunTime:0.0010s ]
SQL: SELECT `ProductName` FROM `product` WHERE `ProductID` IN ('1')  [ RunTime:0.0010s ]
SQL: SELECT `CttTypeName` FROM `contracttype` WHERE `CttTypeID` = 1 LIMIT 1   [ RunTime:0.0010s ]
SQL: SELECT `ShortName` FROM `customer` WHERE `Identifier` = '350500000002' AND `DelFlag` = 0 LIMIT 1   [ RunTime:0.0020s ]
INFO: [ app_end ] --START--
INFO: Run Behavior\ShowPageTraceBehavior [ RunTime:0.002000s ]
INFO: [ app_end ] --END-- [ RunTime:0.002000s ]

[ 2016-06-24T09:40:19+08:00 ] 127.0.0.1 /admin/Market/loadContract?sort=SignTime&order=desc&limit=10&offset=60
INFO: [ app_init ] --START--
INFO: Run Behavior\BuildLiteBehavior [ RunTime:0.000000s ]
INFO: [ app_init ] --END-- [ RunTime:0.000000s ]
INFO: [ app_begin ] --START--
INFO: Run Behavior\ReadHtmlCacheBehavior [ RunTime:0.001000s ]
INFO: [ app_begin ] --END-- [ RunTime:0.001000s ]
SQL: SHOW COLUMNS FROM `config` [ RunTime:0.0050s ]
SQL: SELECT * FROM `config`  [ RunTime:0.0010s ]
SQL: SHOW COLUMNS FROM `menu` [ RunTime:0.0060s ]
SQL: SELECT * FROM `menu` WHERE `ShowType` = 0 ORDER BY Sort  [ RunTime:0.0010s ]
SQL: SHOW COLUMNS FROM `market` [ RunTime:0.0060s ]
SQL: SHOW COLUMNS FROM `contract` [ RunTime:0.0060s ]
SQL: SHOW COLUMNS FROM `contracttype` [ RunTime:0.0050s ]
SQL: SHOW COLUMNS FROM `employee` [ RunTime:0.0060s ]
SQL: SHOW COLUMNS FROM `customer` [ RunTime:0.0060s ]
SQL: SHOW COLUMNS FROM `product` [ RunTime:0.0050s ]
SQL: SHOW COLUMNS FROM `paytype` [ RunTime:0.0060s ]
SQL: SELECT COUNT(*) AS tp_count FROM `contract` WHERE `DelFlag` = 0 ORDER BY SignTime desc LIMIT 1   [ RunTime:0.0010s ]
SQL: SELECT * FROM `contract` WHERE `DelFlag` = 0 ORDER BY SignTime desc LIMIT 60,10   [ RunTime:0.0030s ]
SQL: SELECT `Name` FROM `employee` WHERE `EmployeeID` = 2 LIMIT 1   [ RunTime:0.0020s ]
SQL: SELECT `ProductName` FROM `product` WHERE `ProductID` IN ('2')  [ RunTime:0.0010s ]
SQL: SELECT `CttTypeName` FROM `contracttype` WHERE `CttTypeID` = 1 LIMIT 1   [ RunTime:0.0010s ]
SQL: SELECT `ShortName` FROM `customer` WHERE `Identifier` = '350500000002' AND `DelFlag` = 0 LIMIT 1   [ RunTime:0.0010s ]
SQL: SELECT `Name` FROM `employee` WHERE `EmployeeID` = 2 LIMIT 1   [ RunTime:0.0010s ]
SQL: SELECT `ProductName` FROM `product` WHERE `ProductID` IN ('2')  [ RunTime:0.0010s ]
SQL: SELECT `CttTypeName` FROM `contracttype` WHERE `CttTypeID` = 1 LIMIT 1   [ RunTime:0.0010s ]
SQL: SELECT `ShortName` FROM `customer` WHERE `Identifier` = '350500000002' AND `DelFlag` = 0 LIMIT 1   [ RunTime:0.0010s ]
SQL: SELECT `Name` FROM `employee` WHERE `EmployeeID` = 2 LIMIT 1   [ RunTime:0.0010s ]
SQL: SELECT `ProductName` FROM `product` WHERE `ProductID` IN ('1')  [ RunTime:0.0010s ]
SQL: SELECT `CttTypeName` FROM `contracttype` WHERE `CttTypeID` = 1 LIMIT 1   [ RunTime:0.0010s ]
SQL: SELECT `ShortName` FROM `customer` WHERE `Identifier` = '350500000002' AND `DelFlag` = 0 LIMIT 1   [ RunTime:0.0010s ]
SQL: SELECT `Name` FROM `employee` WHERE `EmployeeID` = 2 LIMIT 1   [ RunTime:0.0010s ]
SQL: SELECT `ProductName` FROM `product` WHERE `ProductID` IN ('1')  [ RunTime:0.0010s ]
SQL: SELECT `CttTypeName` FROM `contracttype` WHERE `CttTypeID` = 2 LIMIT 1   [ RunTime:0.0010s ]
SQL: SELECT `ShortName` FROM `customer` WHERE `Identifier` = '350500000009' AND `DelFlag` = 0 LIMIT 1   [ RunTime:0.0010s ]
SQL: SELECT `Name` FROM `employee` WHERE `EmployeeID` = 2 LIMIT 1   [ RunTime:0.0010s ]
SQL: SELECT `ProductName` FROM `product` WHERE `ProductID` IN ('1')  [ RunTime:0.0010s ]
SQL: SELECT `CttTypeName` FROM `contracttype` WHERE `CttTypeID` = 2 LIMIT 1   [ RunTime:0.0020s ]
SQL: SELECT `ShortName` FROM `customer` WHERE `Identifier` = '350500000011' AND `DelFlag` = 0 LIMIT 1   [ RunTime:0.0010s ]
SQL: SELECT `Name` FROM `employee` WHERE `EmployeeID` = 2 LIMIT 1   [ RunTime:0.0010s ]
NOTIC: [2] implode() [<a href='function.implode'>function.implode</a>]: Invalid arguments passed E:\WWW\crm\ThinkPHP\Library\Think\Db\Driver.class.php 第 578 行.
ERR: 1064:You have an error in your SQL syntax; check the manual that corresponds to your MySQL server version for the right syntax to use near ')' at line 1
 [ SQL语句 ] : SELECT `ProductName` FROM `product` WHERE `ProductID` IN () 
ERR: 1064:You have an error in your SQL syntax; check the manual that corresponds to your MySQL server version for the right syntax to use near ')' at line 1
 [ SQL语句 ] : SELECT `ProductName` FROM `product` WHERE `ProductID` IN () 

[ 2016-06-24T09:40:21+08:00 ] 127.0.0.1 /admin/Market/loadContract?sort=SignTime&order=desc&limit=10&offset=70
INFO: [ app_init ] --START--
INFO: Run Behavior\BuildLiteBehavior [ RunTime:0.000000s ]
INFO: [ app_init ] --END-- [ RunTime:0.000000s ]
INFO: [ app_begin ] --START--
INFO: Run Behavior\ReadHtmlCacheBehavior [ RunTime:0.000000s ]
INFO: [ app_begin ] --END-- [ RunTime:0.001000s ]
SQL: SHOW COLUMNS FROM `config` [ RunTime:0.0060s ]
SQL: SELECT * FROM `config`  [ RunTime:0.0010s ]
SQL: SHOW COLUMNS FROM `menu` [ RunTime:0.0050s ]
SQL: SELECT * FROM `menu` WHERE `ShowType` = 0 ORDER BY Sort  [ RunTime:0.0020s ]
SQL: SHOW COLUMNS FROM `market` [ RunTime:0.0050s ]
SQL: SHOW COLUMNS FROM `contract` [ RunTime:0.0060s ]
SQL: SHOW COLUMNS FROM `contracttype` [ RunTime:0.0050s ]
SQL: SHOW COLUMNS FROM `employee` [ RunTime:0.0060s ]
SQL: SHOW COLUMNS FROM `customer` [ RunTime:0.0060s ]
SQL: SHOW COLUMNS FROM `product` [ RunTime:0.0060s ]
SQL: SHOW COLUMNS FROM `paytype` [ RunTime:0.0060s ]
SQL: SELECT COUNT(*) AS tp_count FROM `contract` WHERE `DelFlag` = 0 ORDER BY SignTime desc LIMIT 1   [ RunTime:0.0010s ]
SQL: SELECT * FROM `contract` WHERE `DelFlag` = 0 ORDER BY SignTime desc LIMIT 70,10   [ RunTime:0.0030s ]
SQL: SELECT `Name` FROM `employee` WHERE `EmployeeID` = 2 LIMIT 1   [ RunTime:0.0010s ]
SQL: SELECT `ProductName` FROM `product` WHERE `ProductID` IN ('2')  [ RunTime:0.0010s ]
SQL: SELECT `CttTypeName` FROM `contracttype` WHERE `CttTypeID` = 1 LIMIT 1   [ RunTime:0.0010s ]
SQL: SELECT `ShortName` FROM `customer` WHERE `Identifier` = '350500000001' AND `DelFlag` = 0 LIMIT 1   [ RunTime:0.0010s ]
SQL: SELECT `Name` FROM `employee` WHERE `EmployeeID` = 2 LIMIT 1   [ RunTime:0.0010s ]
SQL: SELECT `ProductName` FROM `product` WHERE `ProductID` IN ('1','2')  [ RunTime:0.0010s ]
SQL: SELECT `CttTypeName` FROM `contracttype` WHERE `CttTypeID` = 2 LIMIT 1   [ RunTime:0.0010s ]
SQL: SELECT `ShortName` FROM `customer` WHERE `Identifier` = '350500000002' AND `DelFlag` = 0 LIMIT 1   [ RunTime:0.0010s ]
SQL: SELECT `Name` FROM `employee` WHERE `EmployeeID` = 2 LIMIT 1   [ RunTime:0.0010s ]
SQL: SELECT `ProductName` FROM `product` WHERE `ProductID` IN ('1','2')  [ RunTime:0.0010s ]
SQL: SELECT `CttTypeName` FROM `contracttype` WHERE `CttTypeID` = 1 LIMIT 1   [ RunTime:0.0010s ]
SQL: SELECT `ShortName` FROM `customer` WHERE `Identifier` = '350500000002' AND `DelFlag` = 0 LIMIT 1   [ RunTime:0.0010s ]
INFO: [ app_end ] --START--
INFO: Run Behavior\ShowPageTraceBehavior [ RunTime:0.002000s ]
INFO: [ app_end ] --END-- [ RunTime:0.002000s ]

[ 2016-06-24T10:16:46+08:00 ] 127.0.0.1 /admin
INFO: [ app_init ] --START--
INFO: Run Behavior\BuildLiteBehavior [ RunTime:0.000000s ]
INFO: [ app_init ] --END-- [ RunTime:0.000000s ]
INFO: [ app_begin ] --START--
INFO: Run Behavior\ReadHtmlCacheBehavior [ RunTime:0.001001s ]
INFO: [ app_begin ] --END-- [ RunTime:0.001001s ]
SQL: SHOW COLUMNS FROM `config` [ RunTime:0.0060s ]
SQL: SELECT * FROM `config`  [ RunTime:0.0020s ]
SQL: SHOW COLUMNS FROM `menu` [ RunTime:0.0050s ]
SQL: SELECT * FROM `menu` WHERE `ShowType` = 0 ORDER BY Sort  [ RunTime:0.0020s ]
INFO: [ view_parse ] --START--
NOTIC: [2] file_get_contents(../Application/Admin/View/Huge/Public/menu.html) [<a href='function.file-get-contents'>function.file-get-contents</a>]: failed to open stream: No such file or directory E:\WWW\crm\ThinkPHP\Library\Think\Template.class.php 第 696 行.
NOTIC: [2] file_get_contents(../Application/Admin/View/Huge/Public/footer.html) [<a href='function.file-get-contents'>function.file-get-contents</a>]: failed to open stream: No such file or directory E:\WWW\crm\ThinkPHP\Library\Think\Template.class.php 第 696 行.
INFO: [ template_filter ] --START--
INFO: Run Behavior\ContentReplaceBehavior [ RunTime:0.000000s ]
INFO: [ template_filter ] --END-- [ RunTime:0.000000s ]
SQL: SHOW COLUMNS FROM `employee` [ RunTime:0.0060s ]
SQL: SELECT `Pic` FROM `employee` WHERE `EmployeeID` = 2 LIMIT 1   [ RunTime:0.0010s ]
NOTIC: [8] Undefined index: son E:\WWW\crm\Runtime\Cache\Admin\c6d57c8d442e0de0d710af1c8a7160fe.php 第 83 行.
INFO: Run Behavior\ParseTemplateBehavior [ RunTime:0.016000s ]
INFO: [ view_parse ] --END-- [ RunTime:0.016000s ]
INFO: [ view_filter ] --START--
INFO: Run Behavior\WriteHtmlCacheBehavior [ RunTime:0.000000s ]
INFO: [ view_filter ] --END-- [ RunTime:0.000000s ]
INFO: [ app_end ] --START--
INFO: Run Behavior\ShowPageTraceBehavior [ RunTime:0.000000s ]
INFO: [ app_end ] --END-- [ RunTime:0.000000s ]

