[ 2016-06-27T09:18:30+08:00 ] 127.0.0.1 /admin
INFO: [ app_init ] --START--
INFO: Run Behavior\BuildLiteBehavior [ RunTime:0.000000s ]
INFO: [ app_init ] --END-- [ RunTime:0.009000s ]
INFO: [ app_begin ] --START--
INFO: Run Behavior\ReadHtmlCacheBehavior [ RunTime:0.009000s ]
INFO: [ app_begin ] --END-- [ RunTime:0.009000s ]

[ 2016-06-27T09:18:30+08:00 ] 127.0.0.1 /admin/account/Login
INFO: [ app_init ] --START--
INFO: Run Behavior\BuildLiteBehavior [ RunTime:0.000000s ]
INFO: [ app_init ] --END-- [ RunTime:0.001000s ]
INFO: [ app_begin ] --START--
INFO: Run Behavior\ReadHtmlCacheBehavior [ RunTime:0.001000s ]
INFO: [ app_begin ] --END-- [ RunTime:0.002000s ]
SQL: SHOW COLUMNS FROM `employee` [ RunTime:0.0070s ]
SQL: SELECT COUNT(*) AS tp_count FROM `employee` WHERE `Status` = 0 AND `DelFlag` = 0 LIMIT 1   [ RunTime:0.0010s ]
INFO: [ view_parse ] --START--
INFO: [ template_filter ] --START--
INFO: Run Behavior\ContentReplaceBehavior [ RunTime:0.000000s ]
INFO: [ template_filter ] --END-- [ RunTime:0.000000s ]
INFO: Run Behavior\ParseTemplateBehavior [ RunTime:0.049003s ]
INFO: [ view_parse ] --END-- [ RunTime:0.049003s ]
INFO: [ view_filter ] --START--
INFO: Run Behavior\WriteHtmlCacheBehavior [ RunTime:0.007000s ]
INFO: [ view_filter ] --END-- [ RunTime:0.008001s ]
INFO: [ app_end ] --START--
INFO: Run Behavior\ShowPageTraceBehavior [ RunTime:0.001000s ]
INFO: [ app_end ] --END-- [ RunTime:0.001000s ]

[ 2016-06-27T09:18:42+08:00 ] 127.0.0.1 /admin/account/Login
INFO: [ app_init ] --START--
INFO: Run Behavior\BuildLiteBehavior [ RunTime:0.000000s ]
INFO: [ app_init ] --END-- [ RunTime:0.000000s ]
INFO: [ app_begin ] --START--
INFO: Run Behavior\ReadHtmlCacheBehavior [ RunTime:0.000000s ]
INFO: [ app_begin ] --END-- [ RunTime:0.000000s ]
SQL: SHOW COLUMNS FROM `employee` [ RunTime:0.0000s ]
SQL: SELECT * FROM `employee` WHERE `EmployeeNum` = 'admin' LIMIT 1   [ RunTime:0.0000s ]

[ 2016-06-27T09:18:42+08:00 ] 127.0.0.1 /admin/
INFO: [ app_init ] --START--
INFO: Run Behavior\BuildLiteBehavior [ RunTime:0.000000s ]
INFO: [ app_init ] --END-- [ RunTime:0.000000s ]
INFO: [ app_begin ] --START--
INFO: Run Behavior\ReadHtmlCacheBehavior [ RunTime:0.000000s ]
INFO: [ app_begin ] --END-- [ RunTime:0.000000s ]
SQL: SHOW COLUMNS FROM `config` [ RunTime:0.0060s ]
SQL: SELECT * FROM `config`  [ RunTime:0.0010s ]
SQL: SHOW COLUMNS FROM `menu` [ RunTime:0.0060s ]
SQL: SELECT * FROM `menu` WHERE `ShowType` = 0 ORDER BY Sort  [ RunTime:0.0020s ]
INFO: [ view_parse ] --START--
NOTIC: [2] file_get_contents(../Application/Admin/View/Huge/Public/menu.html) [<a href='function.file-get-contents'>function.file-get-contents</a>]: failed to open stream: No such file or directory E:\WWW\crm\ThinkPHP\Library\Think\Template.class.php 第 696 行.
NOTIC: [2] file_get_contents(../Application/Admin/View/Huge/Public/footer.html) [<a href='function.file-get-contents'>function.file-get-contents</a>]: failed to open stream: No such file or directory E:\WWW\crm\ThinkPHP\Library\Think\Template.class.php 第 696 行.
INFO: [ template_filter ] --START--
INFO: Run Behavior\ContentReplaceBehavior [ RunTime:0.000000s ]
INFO: [ template_filter ] --END-- [ RunTime:0.000000s ]
SQL: SHOW COLUMNS FROM `employee` [ RunTime:0.0060s ]
SQL: SELECT `Pic` FROM `employee` WHERE `EmployeeID` = 2 LIMIT 1   [ RunTime:0.0010s ]
NOTIC: [8] Undefined index: son E:\WWW\crm\Runtime\Cache\Admin\c6d57c8d442e0de0d710af1c8a7160fe.php 第 83 行.
INFO: Run Behavior\ParseTemplateBehavior [ RunTime:0.053003s ]
INFO: [ view_parse ] --END-- [ RunTime:0.053003s ]
INFO: [ view_filter ] --START--
INFO: Run Behavior\WriteHtmlCacheBehavior [ RunTime:0.000000s ]
INFO: [ view_filter ] --END-- [ RunTime:0.000000s ]
INFO: [ app_end ] --START--
INFO: Run Behavior\ShowPageTraceBehavior [ RunTime:0.001000s ]
INFO: [ app_end ] --END-- [ RunTime:0.001000s ]

[ 2016-06-27T09:18:47+08:00 ] 127.0.0.1 /admin/Customer/customer
INFO: [ app_init ] --START--
INFO: Run Behavior\BuildLiteBehavior [ RunTime:0.000000s ]
INFO: [ app_init ] --END-- [ RunTime:0.000000s ]
INFO: [ app_begin ] --START--
INFO: Run Behavior\ReadHtmlCacheBehavior [ RunTime:0.000000s ]
INFO: [ app_begin ] --END-- [ RunTime:0.000000s ]
SQL: SHOW COLUMNS FROM `config` [ RunTime:0.0060s ]
SQL: SELECT * FROM `config`  [ RunTime:0.0010s ]
SQL: SHOW COLUMNS FROM `menu` [ RunTime:0.0060s ]
SQL: SELECT * FROM `menu` WHERE `ShowType` = 0 ORDER BY Sort  [ RunTime:0.0020s ]
SQL: SHOW COLUMNS FROM `customer` [ RunTime:0.0070s ]
SQL: SHOW COLUMNS FROM `customerstatus` [ RunTime:0.0300s ]
SQL: SHOW COLUMNS FROM `customerrole` [ RunTime:0.0160s ]
SQL: SHOW COLUMNS FROM `customerrank` [ RunTime:0.0250s ]
SQL: SHOW COLUMNS FROM `customerclose` [ RunTime:0.0370s ]
SQL: SHOW COLUMNS FROM `feedbackstatus` [ RunTime:0.0300s ]
SQL: SHOW COLUMNS FROM `feedbackpriority` [ RunTime:0.0330s ]
SQL: SHOW COLUMNS FROM `feedback` [ RunTime:0.0330s ]
SQL: SHOW COLUMNS FROM `employee` [ RunTime:0.0060s ]
SQL: SHOW COLUMNS FROM `paytype` [ RunTime:0.0060s ]
SQL: SHOW COLUMNS FROM `support` [ RunTime:0.0380s ]
SQL: SELECT `CtmStatusID`,`CtmStatusName` FROM `customerstatus` WHERE `DelFlag` = 0  [ RunTime:0.0020s ]
SQL: SELECT `CtmRankID`,`CtmRankName` FROM `customerrank` WHERE `DelFlag` = 0  [ RunTime:0.0010s ]
INFO: [ view_parse ] --START--
NOTIC: [2] file_get_contents(../Application/Admin/View/Huge/Public/footer.html) [<a href='function.file-get-contents'>function.file-get-contents</a>]: failed to open stream: No such file or directory E:\WWW\crm\ThinkPHP\Library\Think\Template.class.php 第 696 行.
INFO: [ template_filter ] --START--
INFO: Run Behavior\ContentReplaceBehavior [ RunTime:0.001000s ]
INFO: [ template_filter ] --END-- [ RunTime:0.001000s ]
INFO: Run Behavior\ParseTemplateBehavior [ RunTime:0.044003s ]
INFO: [ view_parse ] --END-- [ RunTime:0.044003s ]
INFO: [ view_filter ] --START--
INFO: Run Behavior\WriteHtmlCacheBehavior [ RunTime:0.001000s ]
INFO: [ view_filter ] --END-- [ RunTime:0.001000s ]
INFO: [ app_end ] --START--
INFO: Run Behavior\ShowPageTraceBehavior [ RunTime:0.001000s ]
INFO: [ app_end ] --END-- [ RunTime:0.002000s ]

[ 2016-06-27T09:18:47+08:00 ] 127.0.0.1 /admin/Customer/loadCustomer?sort=CreateTime&order=asc&limit=10&offset=0
INFO: [ app_init ] --START--
INFO: Run Behavior\BuildLiteBehavior [ RunTime:0.001000s ]
INFO: [ app_init ] --END-- [ RunTime:0.001000s ]
INFO: [ app_begin ] --START--
INFO: Run Behavior\ReadHtmlCacheBehavior [ RunTime:0.001000s ]
INFO: [ app_begin ] --END-- [ RunTime:0.001000s ]
SQL: SHOW COLUMNS FROM `config` [ RunTime:0.0060s ]
SQL: SELECT * FROM `config`  [ RunTime:0.0010s ]
SQL: SHOW COLUMNS FROM `menu` [ RunTime:0.0060s ]
SQL: SELECT * FROM `menu` WHERE `ShowType` = 0 ORDER BY Sort  [ RunTime:0.0010s ]
SQL: SHOW COLUMNS FROM `customer` [ RunTime:0.0060s ]
SQL: SHOW COLUMNS FROM `customerstatus` [ RunTime:0.0050s ]
SQL: SHOW COLUMNS FROM `customerrole` [ RunTime:0.0050s ]
SQL: SHOW COLUMNS FROM `customerrank` [ RunTime:0.0040s ]
SQL: SHOW COLUMNS FROM `customerclose` [ RunTime:0.0050s ]
SQL: SHOW COLUMNS FROM `feedbackstatus` [ RunTime:0.0050s ]
SQL: SHOW COLUMNS FROM `feedbackpriority` [ RunTime:0.0050s ]
SQL: SHOW COLUMNS FROM `feedback` [ RunTime:0.0060s ]
SQL: SHOW COLUMNS FROM `employee` [ RunTime:0.0050s ]
SQL: SHOW COLUMNS FROM `paytype` [ RunTime:0.0050s ]
SQL: SHOW COLUMNS FROM `support` [ RunTime:0.0050s ]
SQL: SELECT C.*,S.CtmStatusName,K.CtmRankName,R.CtmRoleName FROM customer C left JOIN customerstatus S on S.CtmStatusID = C.CtmStatusID left JOIN customerrank K on K.CtmRankID = C.CtmRankID left JOIN customerrole R on R.CtmRoleID = C.CtmRoleID left JOIN employee E on E.EmployeeID = C.DeveloperID  WHERE C.DelFlag = 0 ORDER BY C.CreateTime asc LIMIT 0,10   [ RunTime:0.0030s ]
SQL: SELECT COUNT(*) AS tp_count FROM customer C left JOIN customerstatus S on S.CtmStatusID = C.CtmStatusID left JOIN customerrank K on K.CtmRankID = C.CtmRankID left JOIN customerrole R on R.CtmRoleID = C.CtmRoleID left JOIN employee E on E.EmployeeID = C.DeveloperID  WHERE C.DelFlag = 0 ORDER BY C.CreateTime asc LIMIT 1   [ RunTime:0.0010s ]
SQL: SHOW COLUMNS FROM `contract` [ RunTime:0.0060s ]
SQL: SELECT `CttProductID` FROM `contract` WHERE `Identifier` = '350500000002' LIMIT 1   [ RunTime:0.0010s ]
SQL: SHOW COLUMNS FROM `product` [ RunTime:0.0060s ]
SQL: SELECT `ProductName` FROM `product` WHERE `ProductID` IN ('1','2')  [ RunTime:0.0010s ]
SQL: SELECT `Name` FROM `employee` WHERE `EmployeeID` = 15 LIMIT 1   [ RunTime:0.0010s ]
SQL: SELECT `CttProductID` FROM `contract` WHERE `Identifier` = '350500000002' LIMIT 1   [ RunTime:0.0010s ]
SQL: SELECT `ProductName` FROM `product` WHERE `ProductID` IN ('1','2')  [ RunTime:0.0010s ]
SQL: SELECT `CttProductID` FROM `contract` WHERE `Identifier` = null LIMIT 1   [ RunTime:0.0010s ]
SQL: SELECT `CttProductID` FROM `contract` WHERE `Identifier` = '350500000004' LIMIT 1   [ RunTime:0.0010s ]
SQL: SELECT `ProductName` FROM `product` WHERE `ProductID` IN ('1')  [ RunTime:0.0010s ]
SQL: SELECT `Name` FROM `employee` WHERE `EmployeeID` = 15 LIMIT 1   [ RunTime:0.0010s ]
SQL: SELECT `CttProductID` FROM `contract` WHERE `Identifier` = '350500000005' LIMIT 1   [ RunTime:0.0010s ]
SQL: SELECT `ProductName` FROM `product` WHERE `ProductID` IN ('1','2')  [ RunTime:0.0000s ]
SQL: SELECT `Name` FROM `employee` WHERE `EmployeeID` = 15 LIMIT 1   [ RunTime:0.0000s ]
SQL: SELECT `CttProductID` FROM `contract` WHERE `Identifier` = '350500000006' LIMIT 1   [ RunTime:0.0020s ]
SQL: SELECT `ProductName` FROM `product` WHERE `ProductID` IN ('1','2')  [ RunTime:0.0010s ]
SQL: SELECT `Name` FROM `employee` WHERE `EmployeeID` = 15 LIMIT 1   [ RunTime:0.0000s ]
SQL: SELECT `CttProductID` FROM `contract` WHERE `Identifier` = '350500000007' LIMIT 1   [ RunTime:0.0010s ]
SQL: SELECT `Name` FROM `employee` WHERE `EmployeeID` = 15 LIMIT 1   [ RunTime:0.0010s ]
SQL: SELECT `CttProductID` FROM `contract` WHERE `Identifier` = '350500000008' LIMIT 1   [ RunTime:0.0010s ]
SQL: SELECT `ProductName` FROM `product` WHERE `ProductID` IN ('1')  [ RunTime:0.0020s ]
SQL: SELECT `Name` FROM `employee` WHERE `EmployeeID` = 15 LIMIT 1   [ RunTime:0.0010s ]
SQL: SELECT `CttProductID` FROM `contract` WHERE `Identifier` = '350500000016' LIMIT 1   [ RunTime:0.0020s ]
SQL: SELECT `ProductName` FROM `product` WHERE `ProductID` IN ('1')  [ RunTime:0.0000s ]
SQL: SELECT `CttProductID` FROM `contract` WHERE `Identifier` = '350500000017' LIMIT 1   [ RunTime:0.0010s ]
INFO: [ app_end ] --START--
INFO: Run Behavior\ShowPageTraceBehavior [ RunTime:0.001000s ]
INFO: [ app_end ] --END-- [ RunTime:0.001000s ]

[ 2016-06-27T09:18:53+08:00 ] 127.0.0.1 /admin/Customer/editCustomer?id=4&t=0.4475728396791965
INFO: [ app_init ] --START--
INFO: Run Behavior\BuildLiteBehavior [ RunTime:0.000000s ]
INFO: [ app_init ] --END-- [ RunTime:0.001000s ]
INFO: [ app_begin ] --START--
INFO: Run Behavior\ReadHtmlCacheBehavior [ RunTime:0.001000s ]
INFO: [ app_begin ] --END-- [ RunTime:0.001000s ]
SQL: SHOW COLUMNS FROM `config` [ RunTime:0.0060s ]
SQL: SELECT * FROM `config`  [ RunTime:0.0010s ]
SQL: SHOW COLUMNS FROM `menu` [ RunTime:0.0060s ]
SQL: SELECT * FROM `menu` WHERE `ShowType` = 0 ORDER BY Sort  [ RunTime:0.0010s ]
SQL: SHOW COLUMNS FROM `customer` [ RunTime:0.0060s ]
SQL: SHOW COLUMNS FROM `customerstatus` [ RunTime:0.0050s ]
SQL: SHOW COLUMNS FROM `customerrole` [ RunTime:0.0050s ]
SQL: SHOW COLUMNS FROM `customerrank` [ RunTime:0.0050s ]
SQL: SHOW COLUMNS FROM `customerclose` [ RunTime:0.0050s ]
SQL: SHOW COLUMNS FROM `feedbackstatus` [ RunTime:0.0050s ]
SQL: SHOW COLUMNS FROM `feedbackpriority` [ RunTime:0.0050s ]
SQL: SHOW COLUMNS FROM `feedback` [ RunTime:0.0060s ]
SQL: SHOW COLUMNS FROM `employee` [ RunTime:0.0050s ]
SQL: SHOW COLUMNS FROM `paytype` [ RunTime:0.0060s ]
SQL: SHOW COLUMNS FROM `support` [ RunTime:0.0060s ]
SQL: SELECT `CtmStatusID`,`CtmStatusName` FROM `customerstatus` WHERE `DelFlag` = 0  [ RunTime:0.0010s ]
SQL: SELECT `CtmRoleID`,`CtmRoleName` FROM `customerrole` WHERE `DelFlag` = 0  [ RunTime:0.0010s ]
SQL: SELECT `CtmRankID`,`CtmRankName` FROM `customerrank` WHERE `DelFlag` = 0  [ RunTime:0.0010s ]
SQL: SELECT `CtmCloseID`,`CtmCloseName` FROM `customerclose` WHERE `DelFlag` = 0  [ RunTime:0.0010s ]
SQL: SELECT * FROM `customer` WHERE `DelFlag` = 0 AND `CustomerID` = 4 LIMIT 1   [ RunTime:0.0020s ]
INFO: [ view_parse ] --START--
INFO: [ template_filter ] --START--
INFO: Run Behavior\ContentReplaceBehavior [ RunTime:0.001000s ]
INFO: [ template_filter ] --END-- [ RunTime:0.001000s ]
NOTIC: [8] Use of undefined constant CtmCloseID - assumed 'CtmCloseID' E:\WWW\crm\Runtime\Cache\Admin\0b0841c2c660d8a67360906f0a36c464.php 第 22 行.
NOTIC: [8] Use of undefined constant co - assumed 'co' E:\WWW\crm\Runtime\Cache\Admin\0b0841c2c660d8a67360906f0a36c464.php 第 22 行.
NOTIC: [8] Use of undefined constant CtmStatusID - assumed 'CtmStatusID' E:\WWW\crm\Runtime\Cache\Admin\0b0841c2c660d8a67360906f0a36c464.php 第 47 行.
NOTIC: [8] Use of undefined constant cs - assumed 'cs' E:\WWW\crm\Runtime\Cache\Admin\0b0841c2c660d8a67360906f0a36c464.php 第 47 行.
NOTIC: [8] Use of undefined constant CtmRoleID - assumed 'CtmRoleID' E:\WWW\crm\Runtime\Cache\Admin\0b0841c2c660d8a67360906f0a36c464.php 第 57 行.
NOTIC: [8] Use of undefined constant cr - assumed 'cr' E:\WWW\crm\Runtime\Cache\Admin\0b0841c2c660d8a67360906f0a36c464.php 第 57 行.
NOTIC: [8] Use of undefined constant CtmRankID - assumed 'CtmRankID' E:\WWW\crm\Runtime\Cache\Admin\0b0841c2c660d8a67360906f0a36c464.php 第 87 行.
NOTIC: [8] Use of undefined constant ck - assumed 'ck' E:\WWW\crm\Runtime\Cache\Admin\0b0841c2c660d8a67360906f0a36c464.php 第 87 行.
INFO: Run Behavior\ParseTemplateBehavior [ RunTime:0.026001s ]
INFO: [ view_parse ] --END-- [ RunTime:0.026001s ]
INFO: [ view_filter ] --START--
INFO: Run Behavior\WriteHtmlCacheBehavior [ RunTime:0.001000s ]
INFO: [ view_filter ] --END-- [ RunTime:0.001000s ]
INFO: [ app_end ] --START--
INFO: Run Behavior\ShowPageTraceBehavior [ RunTime:0.002001s ]
INFO: [ app_end ] --END-- [ RunTime:0.002001s ]

[ 2016-06-27T09:18:56+08:00 ] 127.0.0.1 /admin/Customer/loadCustomer?sort=CreateTime&order=asc&limit=10&offset=0
INFO: [ app_init ] --START--
INFO: Run Behavior\BuildLiteBehavior [ RunTime:0.000000s ]
INFO: [ app_init ] --END-- [ RunTime:0.000000s ]
INFO: [ app_begin ] --START--
INFO: Run Behavior\ReadHtmlCacheBehavior [ RunTime:0.001000s ]
INFO: [ app_begin ] --END-- [ RunTime:0.001000s ]
SQL: SHOW COLUMNS FROM `config` [ RunTime:0.0060s ]
SQL: SELECT * FROM `config`  [ RunTime:0.0020s ]
SQL: SHOW COLUMNS FROM `menu` [ RunTime:0.0060s ]
SQL: SELECT * FROM `menu` WHERE `ShowType` = 0 ORDER BY Sort  [ RunTime:0.0020s ]
SQL: SHOW COLUMNS FROM `customer` [ RunTime:0.0060s ]
SQL: SHOW COLUMNS FROM `customerstatus` [ RunTime:0.0040s ]
SQL: SHOW COLUMNS FROM `customerrole` [ RunTime:0.0000s ]
SQL: SHOW COLUMNS FROM `customerrank` [ RunTime:0.0000s ]
SQL: SHOW COLUMNS FROM `customerclose` [ RunTime:0.0156s ]
SQL: SHOW COLUMNS FROM `feedbackstatus` [ RunTime:0.0000s ]
SQL: SHOW COLUMNS FROM `feedbackpriority` [ RunTime:0.0000s ]
SQL: SHOW COLUMNS FROM `feedback` [ RunTime:0.0156s ]
SQL: SHOW COLUMNS FROM `employee` [ RunTime:0.0000s ]
SQL: SHOW COLUMNS FROM `paytype` [ RunTime:0.0156s ]
SQL: SHOW COLUMNS FROM `support` [ RunTime:0.0000s ]
SQL: SELECT C.*,S.CtmStatusName,K.CtmRankName,R.CtmRoleName FROM customer C left JOIN customerstatus S on S.CtmStatusID = C.CtmStatusID left JOIN customerrank K on K.CtmRankID = C.CtmRankID left JOIN customerrole R on R.CtmRoleID = C.CtmRoleID left JOIN employee E on E.EmployeeID = C.DeveloperID  WHERE C.DelFlag = 0 ORDER BY C.CreateTime asc LIMIT 0,10   [ RunTime:0.0000s ]
SQL: SELECT COUNT(*) AS tp_count FROM customer C left JOIN customerstatus S on S.CtmStatusID = C.CtmStatusID left JOIN customerrank K on K.CtmRankID = C.CtmRankID left JOIN customerrole R on R.CtmRoleID = C.CtmRoleID left JOIN employee E on E.EmployeeID = C.DeveloperID  WHERE C.DelFlag = 0 ORDER BY C.CreateTime asc LIMIT 1   [ RunTime:0.0000s ]
SQL: SHOW COLUMNS FROM `contract` [ RunTime:0.0000s ]
SQL: SELECT `CttProductID` FROM `contract` WHERE `Identifier` = '350500000002' LIMIT 1   [ RunTime:0.0000s ]
SQL: SHOW COLUMNS FROM `product` [ RunTime:0.0156s ]
SQL: SELECT `ProductName` FROM `product` WHERE `ProductID` IN ('1','2')  [ RunTime:0.0000s ]
SQL: SELECT `Name` FROM `employee` WHERE `EmployeeID` = 15 LIMIT 1   [ RunTime:0.0000s ]
SQL: SELECT `CttProductID` FROM `contract` WHERE `Identifier` = '350500000002' LIMIT 1   [ RunTime:0.0000s ]
SQL: SELECT `ProductName` FROM `product` WHERE `ProductID` IN ('1','2')  [ RunTime:0.0000s ]
SQL: SELECT `CttProductID` FROM `contract` WHERE `Identifier` = null LIMIT 1   [ RunTime:0.0000s ]
SQL: SELECT `CttProductID` FROM `contract` WHERE `Identifier` = '350500000004' LIMIT 1   [ RunTime:0.0000s ]
SQL: SELECT `ProductName` FROM `product` WHERE `ProductID` IN ('1')  [ RunTime:0.0000s ]
SQL: SELECT `Name` FROM `employee` WHERE `EmployeeID` = 15 LIMIT 1   [ RunTime:0.0000s ]
SQL: SELECT `CttProductID` FROM `contract` WHERE `Identifier` = '350500000005' LIMIT 1   [ RunTime:0.0000s ]
SQL: SELECT `ProductName` FROM `product` WHERE `ProductID` IN ('1','2')  [ RunTime:0.0000s ]
SQL: SELECT `Name` FROM `employee` WHERE `EmployeeID` = 15 LIMIT 1   [ RunTime:0.0000s ]
SQL: SELECT `CttProductID` FROM `contract` WHERE `Identifier` = '350500000006' LIMIT 1   [ RunTime:0.0000s ]
SQL: SELECT `ProductName` FROM `product` WHERE `ProductID` IN ('1','2')  [ RunTime:0.0000s ]
SQL: SELECT `Name` FROM `employee` WHERE `EmployeeID` = 15 LIMIT 1   [ RunTime:0.0000s ]
SQL: SELECT `CttProductID` FROM `contract` WHERE `Identifier` = '350500000007' LIMIT 1   [ RunTime:0.0000s ]
SQL: SELECT `Name` FROM `employee` WHERE `EmployeeID` = 15 LIMIT 1   [ RunTime:0.0000s ]
SQL: SELECT `CttProductID` FROM `contract` WHERE `Identifier` = '350500000008' LIMIT 1   [ RunTime:0.0000s ]
SQL: SELECT `ProductName` FROM `product` WHERE `ProductID` IN ('1')  [ RunTime:0.0010s ]
SQL: SELECT `Name` FROM `employee` WHERE `EmployeeID` = 15 LIMIT 1   [ RunTime:0.0010s ]
SQL: SELECT `CttProductID` FROM `contract` WHERE `Identifier` = '350500000016' LIMIT 1   [ RunTime:0.0010s ]
SQL: SELECT `ProductName` FROM `product` WHERE `ProductID` IN ('1')  [ RunTime:0.0010s ]
SQL: SELECT `CttProductID` FROM `contract` WHERE `Identifier` = '350500000017' LIMIT 1   [ RunTime:0.0010s ]
INFO: [ app_end ] --START--
INFO: Run Behavior\ShowPageTraceBehavior [ RunTime:0.001000s ]
INFO: [ app_end ] --END-- [ RunTime:0.002000s ]

[ 2016-06-27T09:19:07+08:00 ] 127.0.0.1 /admin/Customer/editCustomer?id=22&t=0.9624388110823929
INFO: [ app_init ] --START--
INFO: Run Behavior\BuildLiteBehavior [ RunTime:0.000000s ]
INFO: [ app_init ] --END-- [ RunTime:0.001000s ]
INFO: [ app_begin ] --START--
INFO: Run Behavior\ReadHtmlCacheBehavior [ RunTime:0.001000s ]
INFO: [ app_begin ] --END-- [ RunTime:0.001000s ]
SQL: SHOW COLUMNS FROM `config` [ RunTime:0.0060s ]
SQL: SELECT * FROM `config`  [ RunTime:0.0010s ]
SQL: SHOW COLUMNS FROM `menu` [ RunTime:0.0060s ]
SQL: SELECT * FROM `menu` WHERE `ShowType` = 0 ORDER BY Sort  [ RunTime:0.0010s ]
SQL: SHOW COLUMNS FROM `customer` [ RunTime:0.0060s ]
SQL: SHOW COLUMNS FROM `customerstatus` [ RunTime:0.0040s ]
SQL: SHOW COLUMNS FROM `customerrole` [ RunTime:0.0040s ]
SQL: SHOW COLUMNS FROM `customerrank` [ RunTime:0.0050s ]
SQL: SHOW COLUMNS FROM `customerclose` [ RunTime:0.0050s ]
SQL: SHOW COLUMNS FROM `feedbackstatus` [ RunTime:0.0050s ]
SQL: SHOW COLUMNS FROM `feedbackpriority` [ RunTime:0.0050s ]
SQL: SHOW COLUMNS FROM `feedback` [ RunTime:0.0060s ]
SQL: SHOW COLUMNS FROM `employee` [ RunTime:0.0060s ]
SQL: SHOW COLUMNS FROM `paytype` [ RunTime:0.0060s ]
SQL: SHOW COLUMNS FROM `support` [ RunTime:0.0060s ]
SQL: SELECT `CtmStatusID`,`CtmStatusName` FROM `customerstatus` WHERE `DelFlag` = 0  [ RunTime:0.0010s ]
SQL: SELECT `CtmRoleID`,`CtmRoleName` FROM `customerrole` WHERE `DelFlag` = 0  [ RunTime:0.0010s ]
SQL: SELECT `CtmRankID`,`CtmRankName` FROM `customerrank` WHERE `DelFlag` = 0  [ RunTime:0.0010s ]
SQL: SELECT `CtmCloseID`,`CtmCloseName` FROM `customerclose` WHERE `DelFlag` = 0  [ RunTime:0.0010s ]
SQL: SELECT * FROM `customer` WHERE `DelFlag` = 0 AND `CustomerID` = 22 LIMIT 1   [ RunTime:0.0020s ]
INFO: [ view_parse ] --START--
INFO: [ template_filter ] --START--
INFO: Run Behavior\ContentReplaceBehavior [ RunTime:0.000000s ]
INFO: [ template_filter ] --END-- [ RunTime:0.000000s ]
NOTIC: [8] Use of undefined constant CtmCloseID - assumed 'CtmCloseID' E:\WWW\crm\Runtime\Cache\Admin\0b0841c2c660d8a67360906f0a36c464.php 第 22 行.
NOTIC: [8] Use of undefined constant co - assumed 'co' E:\WWW\crm\Runtime\Cache\Admin\0b0841c2c660d8a67360906f0a36c464.php 第 22 行.
NOTIC: [8] Use of undefined constant CtmStatusID - assumed 'CtmStatusID' E:\WWW\crm\Runtime\Cache\Admin\0b0841c2c660d8a67360906f0a36c464.php 第 47 行.
NOTIC: [8] Use of undefined constant cs - assumed 'cs' E:\WWW\crm\Runtime\Cache\Admin\0b0841c2c660d8a67360906f0a36c464.php 第 47 行.
NOTIC: [8] Use of undefined constant CtmRoleID - assumed 'CtmRoleID' E:\WWW\crm\Runtime\Cache\Admin\0b0841c2c660d8a67360906f0a36c464.php 第 57 行.
NOTIC: [8] Use of undefined constant cr - assumed 'cr' E:\WWW\crm\Runtime\Cache\Admin\0b0841c2c660d8a67360906f0a36c464.php 第 57 行.
NOTIC: [8] Use of undefined constant CtmRankID - assumed 'CtmRankID' E:\WWW\crm\Runtime\Cache\Admin\0b0841c2c660d8a67360906f0a36c464.php 第 87 行.
NOTIC: [8] Use of undefined constant ck - assumed 'ck' E:\WWW\crm\Runtime\Cache\Admin\0b0841c2c660d8a67360906f0a36c464.php 第 87 行.
INFO: Run Behavior\ParseTemplateBehavior [ RunTime:0.015001s ]
INFO: [ view_parse ] --END-- [ RunTime:0.015001s ]
INFO: [ view_filter ] --START--
INFO: Run Behavior\WriteHtmlCacheBehavior [ RunTime:0.001000s ]
INFO: [ view_filter ] --END-- [ RunTime:0.001000s ]
INFO: [ app_end ] --START--
INFO: Run Behavior\ShowPageTraceBehavior [ RunTime:0.001000s ]
INFO: [ app_end ] --END-- [ RunTime:0.002000s ]

[ 2016-06-27T09:20:27+08:00 ] 127.0.0.1 /admin/Customer/editCustomer?id=22&t=0.9624388110823929
INFO: [ app_init ] --START--
INFO: Run Behavior\BuildLiteBehavior [ RunTime:0.000000s ]
INFO: [ app_init ] --END-- [ RunTime:0.001000s ]
INFO: [ app_begin ] --START--
INFO: Run Behavior\ReadHtmlCacheBehavior [ RunTime:0.001000s ]
INFO: [ app_begin ] --END-- [ RunTime:0.001000s ]
SQL: SHOW COLUMNS FROM `config` [ RunTime:0.0060s ]
SQL: SELECT * FROM `config`  [ RunTime:0.0010s ]
SQL: SHOW COLUMNS FROM `menu` [ RunTime:0.0060s ]
SQL: SELECT * FROM `menu` WHERE `ShowType` = 0 ORDER BY Sort  [ RunTime:0.0020s ]
SQL: SHOW COLUMNS FROM `customer` [ RunTime:0.0060s ]
SQL: SHOW COLUMNS FROM `customerstatus` [ RunTime:0.0050s ]
SQL: SHOW COLUMNS FROM `customerrole` [ RunTime:0.0040s ]
SQL: SHOW COLUMNS FROM `customerrank` [ RunTime:0.0040s ]
SQL: SHOW COLUMNS FROM `customerclose` [ RunTime:0.0040s ]
SQL: SHOW COLUMNS FROM `feedbackstatus` [ RunTime:0.0050s ]
SQL: SHOW COLUMNS FROM `feedbackpriority` [ RunTime:0.0050s ]
SQL: SHOW COLUMNS FROM `feedback` [ RunTime:0.0060s ]
SQL: SHOW COLUMNS FROM `employee` [ RunTime:0.0050s ]
SQL: SHOW COLUMNS FROM `paytype` [ RunTime:0.0060s ]
SQL: SHOW COLUMNS FROM `support` [ RunTime:0.0060s ]
SQL: SHOW COLUMNS FROM `duty` [ RunTime:0.0322s ]
SQL: SELECT * FROM `duty` WHERE `Type` = 3 AND `Status` = 1 LIMIT 1   [ RunTime:0.0000s ]
SQL: SHOW COLUMNS FROM `employee_duty` [ RunTime:0.0000s ]
SQL: SELECT * FROM `employee_duty` WHERE `MemberID` = 22 AND `DutyID` = 8 AND `Type` = 3 LIMIT 1   [ RunTime:0.0000s ]
SQL: INSERT INTO `employee_duty` (`MemberID`,`DutyID`,`Type`) VALUES ('22','8','3') [ RunTime:0.0624s ]
SQL: SELECT * FROM `customer` WHERE `ShortName` = 'aaa' AND `CustomerID` <> '22' LIMIT 1   [ RunTime:0.0000s ]
SQL: UPDATE `customer` SET `Website`='',`CtmCloseID`='5',`ShortName`='aaa',`Status`='0',`FullName`='英国vr体验中心',`CtmStatusID`='2',`Contacter`='陈先生',`CtmRoleID`='2',`Mobile`='15060880529',`Telephone`='',`Email`='625244441@qq.com',`Qq`='6252444441',`WeChat`='',`CtmRankID`='2',`Address`='',`Sort`='0',`ModifyTime`='2016-06-27 09:20:27',`OperatorID`='2' WHERE `CustomerID` = 22 [ RunTime:0.0312s ]

[ 2016-06-27T09:20:29+08:00 ] 127.0.0.1 /admin/Customer/loadCustomer?sort=CreateTime&order=asc&limit=10&offset=0
INFO: [ app_init ] --START--
INFO: Run Behavior\BuildLiteBehavior [ RunTime:0.000000s ]
INFO: [ app_init ] --END-- [ RunTime:0.001000s ]
INFO: [ app_begin ] --START--
INFO: Run Behavior\ReadHtmlCacheBehavior [ RunTime:0.001000s ]
INFO: [ app_begin ] --END-- [ RunTime:0.001000s ]
SQL: SHOW COLUMNS FROM `config` [ RunTime:0.0060s ]
SQL: SELECT * FROM `config`  [ RunTime:0.0010s ]
SQL: SHOW COLUMNS FROM `menu` [ RunTime:0.0070s ]
SQL: SELECT * FROM `menu` WHERE `ShowType` = 0 ORDER BY Sort  [ RunTime:0.0010s ]
SQL: SHOW COLUMNS FROM `customer` [ RunTime:0.0060s ]
SQL: SHOW COLUMNS FROM `customerstatus` [ RunTime:0.0050s ]
SQL: SHOW COLUMNS FROM `customerrole` [ RunTime:0.0050s ]
SQL: SHOW COLUMNS FROM `customerrank` [ RunTime:0.0050s ]
SQL: SHOW COLUMNS FROM `customerclose` [ RunTime:0.0050s ]
SQL: SHOW COLUMNS FROM `feedbackstatus` [ RunTime:0.0050s ]
SQL: SHOW COLUMNS FROM `feedbackpriority` [ RunTime:0.0050s ]
SQL: SHOW COLUMNS FROM `feedback` [ RunTime:0.0060s ]
SQL: SHOW COLUMNS FROM `employee` [ RunTime:0.0060s ]
SQL: SHOW COLUMNS FROM `paytype` [ RunTime:0.0050s ]
SQL: SHOW COLUMNS FROM `support` [ RunTime:0.0050s ]
SQL: SELECT C.*,S.CtmStatusName,K.CtmRankName,R.CtmRoleName FROM customer C left JOIN customerstatus S on S.CtmStatusID = C.CtmStatusID left JOIN customerrank K on K.CtmRankID = C.CtmRankID left JOIN customerrole R on R.CtmRoleID = C.CtmRoleID left JOIN employee E on E.EmployeeID = C.DeveloperID  WHERE C.DelFlag = 0 ORDER BY C.CreateTime asc LIMIT 0,10   [ RunTime:0.0030s ]
SQL: SELECT COUNT(*) AS tp_count FROM customer C left JOIN customerstatus S on S.CtmStatusID = C.CtmStatusID left JOIN customerrank K on K.CtmRankID = C.CtmRankID left JOIN customerrole R on R.CtmRoleID = C.CtmRoleID left JOIN employee E on E.EmployeeID = C.DeveloperID  WHERE C.DelFlag = 0 ORDER BY C.CreateTime asc LIMIT 1   [ RunTime:0.0020s ]
SQL: SHOW COLUMNS FROM `contract` [ RunTime:0.0050s ]
SQL: SELECT `CttProductID` FROM `contract` WHERE `Identifier` = '350500000002' LIMIT 1   [ RunTime:0.0000s ]
SQL: SHOW COLUMNS FROM `product` [ RunTime:0.0000s ]
SQL: SELECT `ProductName` FROM `product` WHERE `ProductID` IN ('1','2')  [ RunTime:0.0000s ]
SQL: SELECT `Name` FROM `employee` WHERE `EmployeeID` = 15 LIMIT 1   [ RunTime:0.0000s ]
SQL: SELECT `CttProductID` FROM `contract` WHERE `Identifier` = '350500000002' LIMIT 1   [ RunTime:0.0000s ]
SQL: SELECT `ProductName` FROM `product` WHERE `ProductID` IN ('1','2')  [ RunTime:0.0000s ]
SQL: SELECT `CttProductID` FROM `contract` WHERE `Identifier` = null LIMIT 1   [ RunTime:0.0000s ]
SQL: SELECT `CttProductID` FROM `contract` WHERE `Identifier` = '350500000004' LIMIT 1   [ RunTime:0.0156s ]
SQL: SELECT `ProductName` FROM `product` WHERE `ProductID` IN ('1')  [ RunTime:0.0000s ]
SQL: SELECT `Name` FROM `employee` WHERE `EmployeeID` = 15 LIMIT 1   [ RunTime:0.0000s ]
SQL: SELECT `CttProductID` FROM `contract` WHERE `Identifier` = '350500000005' LIMIT 1   [ RunTime:0.0000s ]
SQL: SELECT `ProductName` FROM `product` WHERE `ProductID` IN ('1','2')  [ RunTime:0.0000s ]
SQL: SELECT `Name` FROM `employee` WHERE `EmployeeID` = 15 LIMIT 1   [ RunTime:0.0000s ]
SQL: SELECT `CttProductID` FROM `contract` WHERE `Identifier` = '350500000006' LIMIT 1   [ RunTime:0.0000s ]
SQL: SELECT `ProductName` FROM `product` WHERE `ProductID` IN ('1','2')  [ RunTime:0.0000s ]
SQL: SELECT `Name` FROM `employee` WHERE `EmployeeID` = 15 LIMIT 1   [ RunTime:0.0000s ]
SQL: SELECT `CttProductID` FROM `contract` WHERE `Identifier` = '350500000007' LIMIT 1   [ RunTime:0.0156s ]
SQL: SELECT `Name` FROM `employee` WHERE `EmployeeID` = 15 LIMIT 1   [ RunTime:0.0000s ]
SQL: SELECT `CttProductID` FROM `contract` WHERE `Identifier` = '350500000008' LIMIT 1   [ RunTime:0.0000s ]
SQL: SELECT `ProductName` FROM `product` WHERE `ProductID` IN ('1')  [ RunTime:0.0000s ]
SQL: SELECT `Name` FROM `employee` WHERE `EmployeeID` = 15 LIMIT 1   [ RunTime:0.0000s ]
SQL: SELECT `CttProductID` FROM `contract` WHERE `Identifier` = '350500000016' LIMIT 1   [ RunTime:0.0000s ]
SQL: SELECT `ProductName` FROM `product` WHERE `ProductID` IN ('1')  [ RunTime:0.0000s ]
SQL: SELECT `CttProductID` FROM `contract` WHERE `Identifier` = '350500000017' LIMIT 1   [ RunTime:0.0000s ]
INFO: [ app_end ] --START--
INFO: Run Behavior\ShowPageTraceBehavior [ RunTime:0.015600s ]
INFO: [ app_end ] --END-- [ RunTime:0.015600s ]

