[ 2016-07-05T14:33:30+08:00 ] 127.0.0.1 /admin
INFO: [ app_init ] --START--
INFO: Run Behavior\BuildLiteBehavior [ RunTime:0.000000s ]
INFO: [ app_init ] --END-- [ RunTime:0.000000s ]
INFO: [ app_begin ] --START--
INFO: Run Behavior\ReadHtmlCacheBehavior [ RunTime:0.000000s ]
INFO: [ app_begin ] --END-- [ RunTime:0.001000s ]

[ 2016-07-05T14:33:30+08:00 ] 127.0.0.1 /admin/account/Login
INFO: [ app_init ] --START--
INFO: Run Behavior\BuildLiteBehavior [ RunTime:0.000000s ]
INFO: [ app_init ] --END-- [ RunTime:0.000000s ]
INFO: [ app_begin ] --START--
INFO: Run Behavior\ReadHtmlCacheBehavior [ RunTime:0.001000s ]
INFO: [ app_begin ] --END-- [ RunTime:0.001000s ]
SQL: SHOW COLUMNS FROM `employee` [ RunTime:0.0080s ]
SQL: SELECT COUNT(*) AS tp_count FROM `employee` WHERE `Status` = 0 AND `DelFlag` = 0 LIMIT 1   [ RunTime:0.0010s ]
INFO: [ view_parse ] --START--
INFO: [ template_filter ] --START--
INFO: Run Behavior\ContentReplaceBehavior [ RunTime:0.000000s ]
INFO: [ template_filter ] --END-- [ RunTime:0.001000s ]
INFO: Run Behavior\ParseTemplateBehavior [ RunTime:0.026001s ]
INFO: [ view_parse ] --END-- [ RunTime:0.026001s ]
INFO: [ view_filter ] --START--
INFO: Run Behavior\WriteHtmlCacheBehavior [ RunTime:0.001000s ]
INFO: [ view_filter ] --END-- [ RunTime:0.001000s ]
INFO: [ app_end ] --START--
INFO: Run Behavior\ShowPageTraceBehavior [ RunTime:0.002000s ]
INFO: [ app_end ] --END-- [ RunTime:0.002000s ]

[ 2016-07-05T14:33:41+08:00 ] 127.0.0.1 /admin/account/Login
INFO: [ app_init ] --START--
INFO: Run Behavior\BuildLiteBehavior [ RunTime:0.000000s ]
INFO: [ app_init ] --END-- [ RunTime:0.001000s ]
INFO: [ app_begin ] --START--
INFO: Run Behavior\ReadHtmlCacheBehavior [ RunTime:0.000000s ]
INFO: [ app_begin ] --END-- [ RunTime:0.001000s ]
SQL: SHOW COLUMNS FROM `employee` [ RunTime:0.0080s ]
SQL: SELECT * FROM `employee` WHERE `EmployeeNum` = 'admin' LIMIT 1   [ RunTime:0.0010s ]

[ 2016-07-05T14:33:41+08:00 ] 127.0.0.1 /admin/
INFO: [ app_init ] --START--
INFO: Run Behavior\BuildLiteBehavior [ RunTime:0.000000s ]
INFO: [ app_init ] --END-- [ RunTime:0.000000s ]
INFO: [ app_begin ] --START--
INFO: Run Behavior\ReadHtmlCacheBehavior [ RunTime:0.001000s ]
INFO: [ app_begin ] --END-- [ RunTime:0.001000s ]
SQL: SHOW COLUMNS FROM `config` [ RunTime:0.0070s ]
SQL: SELECT * FROM `config`  [ RunTime:0.0020s ]
SQL: SHOW COLUMNS FROM `menu` [ RunTime:0.0060s ]
SQL: SELECT * FROM `menu` WHERE `ShowType` = 0 ORDER BY Sort  [ RunTime:0.0010s ]
INFO: [ view_parse ] --START--
NOTIC: [2] file_get_contents(../Application/Admin/View/Huge/Public/menu.html) [<a href='function.file-get-contents'>function.file-get-contents</a>]: failed to open stream: No such file or directory E:\WWW\crm\ThinkPHP\Library\Think\Template.class.php 第 696 行.
NOTIC: [2] file_get_contents(../Application/Admin/View/Huge/Public/footer.html) [<a href='function.file-get-contents'>function.file-get-contents</a>]: failed to open stream: No such file or directory E:\WWW\crm\ThinkPHP\Library\Think\Template.class.php 第 696 行.
INFO: [ template_filter ] --START--
INFO: Run Behavior\ContentReplaceBehavior [ RunTime:0.000000s ]
INFO: [ template_filter ] --END-- [ RunTime:0.000000s ]
SQL: SHOW COLUMNS FROM `employee` [ RunTime:0.0080s ]
SQL: SELECT `Pic` FROM `employee` WHERE `EmployeeID` = 2 LIMIT 1   [ RunTime:0.0010s ]
NOTIC: [8] Undefined index: son E:\WWW\crm\Runtime\Cache\Admin\c6d57c8d442e0de0d710af1c8a7160fe.php 第 83 行.
INFO: Run Behavior\ParseTemplateBehavior [ RunTime:0.034001s ]
INFO: [ view_parse ] --END-- [ RunTime:0.035002s ]
INFO: [ view_filter ] --START--
INFO: Run Behavior\WriteHtmlCacheBehavior [ RunTime:0.000000s ]
INFO: [ view_filter ] --END-- [ RunTime:0.000000s ]
INFO: [ app_end ] --START--
INFO: Run Behavior\ShowPageTraceBehavior [ RunTime:0.001000s ]
INFO: [ app_end ] --END-- [ RunTime:0.001000s ]

[ 2016-07-05T14:33:44+08:00 ] 127.0.0.1 /admin/Market/contract
INFO: [ app_init ] --START--
INFO: Run Behavior\BuildLiteBehavior [ RunTime:0.000000s ]
INFO: [ app_init ] --END-- [ RunTime:0.001000s ]
INFO: [ app_begin ] --START--
INFO: Run Behavior\ReadHtmlCacheBehavior [ RunTime:0.001000s ]
INFO: [ app_begin ] --END-- [ RunTime:0.001000s ]
SQL: SHOW COLUMNS FROM `config` [ RunTime:0.0080s ]
SQL: SELECT * FROM `config`  [ RunTime:0.0010s ]
SQL: SHOW COLUMNS FROM `menu` [ RunTime:0.0070s ]
SQL: SELECT * FROM `menu` WHERE `ShowType` = 0 ORDER BY Sort  [ RunTime:0.0020s ]
SQL: SHOW COLUMNS FROM `market` [ RunTime:0.0070s ]
SQL: SHOW COLUMNS FROM `contract` [ RunTime:0.0080s ]
SQL: SHOW COLUMNS FROM `contracttype` [ RunTime:0.0070s ]
SQL: SHOW COLUMNS FROM `employee` [ RunTime:0.0070s ]
SQL: SHOW COLUMNS FROM `customer` [ RunTime:0.0080s ]
SQL: SHOW COLUMNS FROM `product` [ RunTime:0.0060s ]
SQL: SHOW COLUMNS FROM `paytype` [ RunTime:0.0070s ]
INFO: [ view_parse ] --START--
NOTIC: [2] file_get_contents(../Application/Admin/View/Huge/Public/footer.html) [<a href='function.file-get-contents'>function.file-get-contents</a>]: failed to open stream: No such file or directory E:\WWW\crm\ThinkPHP\Library\Think\Template.class.php 第 696 行.
INFO: [ template_filter ] --START--
INFO: Run Behavior\ContentReplaceBehavior [ RunTime:0.000000s ]
INFO: [ template_filter ] --END-- [ RunTime:0.000000s ]
INFO: Run Behavior\ParseTemplateBehavior [ RunTime:0.029001s ]
INFO: [ view_parse ] --END-- [ RunTime:0.029001s ]
INFO: [ view_filter ] --START--
INFO: Run Behavior\WriteHtmlCacheBehavior [ RunTime:0.001000s ]
INFO: [ view_filter ] --END-- [ RunTime:0.001000s ]
INFO: [ app_end ] --START--
INFO: Run Behavior\ShowPageTraceBehavior [ RunTime:0.002000s ]
INFO: [ app_end ] --END-- [ RunTime:0.002000s ]

[ 2016-07-05T14:33:45+08:00 ] 127.0.0.1 /admin/Market/loadContract?sort=SignTime&order=desc&limit=10&offset=0
INFO: [ app_init ] --START--
INFO: Run Behavior\BuildLiteBehavior [ RunTime:0.000000s ]
INFO: [ app_init ] --END-- [ RunTime:0.000000s ]
INFO: [ app_begin ] --START--
INFO: Run Behavior\ReadHtmlCacheBehavior [ RunTime:0.001000s ]
INFO: [ app_begin ] --END-- [ RunTime:0.001000s ]
SQL: SHOW COLUMNS FROM `config` [ RunTime:0.0070s ]
SQL: SELECT * FROM `config`  [ RunTime:0.0010s ]
SQL: SHOW COLUMNS FROM `menu` [ RunTime:0.0070s ]
SQL: SELECT * FROM `menu` WHERE `ShowType` = 0 ORDER BY Sort  [ RunTime:0.0020s ]
SQL: SHOW COLUMNS FROM `market` [ RunTime:0.0070s ]
SQL: SHOW COLUMNS FROM `contract` [ RunTime:0.0080s ]
SQL: SHOW COLUMNS FROM `contracttype` [ RunTime:0.0060s ]
SQL: SHOW COLUMNS FROM `employee` [ RunTime:0.0070s ]
SQL: SHOW COLUMNS FROM `customer` [ RunTime:0.0070s ]
SQL: SHOW COLUMNS FROM `product` [ RunTime:0.0070s ]
SQL: SHOW COLUMNS FROM `paytype` [ RunTime:0.0060s ]
SQL: SELECT COUNT(*) AS tp_count FROM `contract` WHERE `DelFlag` = 0 ORDER BY SignTime desc LIMIT 1   [ RunTime:0.0010s ]
SQL: SELECT * FROM `contract` WHERE `DelFlag` = 0 ORDER BY SignTime desc LIMIT 0,10   [ RunTime:0.0010s ]
SQL: SELECT `Name` FROM `employee` WHERE `EmployeeID` = 2 LIMIT 1   [ RunTime:0.0000s ]
SQL: SELECT `ProductName` FROM `product` WHERE `ProductID` IN ('1')  [ RunTime:0.0010s ]
SQL: SELECT `CttTypeName` FROM `contracttype` WHERE `CttTypeID` = 0 LIMIT 1   [ RunTime:0.0000s ]
SQL: SELECT `ShortName` FROM `customer` WHERE `Identifier` = '350500000021' AND `DelFlag` = 0 LIMIT 1   [ RunTime:0.0000s ]
SQL: SELECT `Name` FROM `employee` WHERE `EmployeeID` = 2 LIMIT 1   [ RunTime:0.0010s ]
SQL: SELECT `ProductName` FROM `product` WHERE `ProductID` IN ('1')  [ RunTime:0.0010s ]
SQL: SELECT `CttTypeName` FROM `contracttype` WHERE `CttTypeID` = 0 LIMIT 1   [ RunTime:0.0000s ]
SQL: SELECT `ShortName` FROM `customer` WHERE `Identifier` = '350500000021' AND `DelFlag` = 0 LIMIT 1   [ RunTime:0.0000s ]
SQL: SELECT `Name` FROM `employee` WHERE `EmployeeID` = 2 LIMIT 1   [ RunTime:0.0020s ]
SQL: SELECT `ProductName` FROM `product` WHERE `ProductID` IN ('1')  [ RunTime:0.0010s ]
SQL: SELECT `CttTypeName` FROM `contracttype` WHERE `CttTypeID` = 0 LIMIT 1   [ RunTime:0.0010s ]
SQL: SELECT `ShortName` FROM `customer` WHERE `Identifier` = '350500000021' AND `DelFlag` = 0 LIMIT 1   [ RunTime:0.0010s ]
SQL: SELECT `Name` FROM `employee` WHERE `EmployeeID` = 2 LIMIT 1   [ RunTime:0.0000s ]
SQL: SELECT `ProductName` FROM `product` WHERE `ProductID` IN ('1')  [ RunTime:0.0000s ]
SQL: SELECT `CttTypeName` FROM `contracttype` WHERE `CttTypeID` = 0 LIMIT 1   [ RunTime:0.0010s ]
SQL: SELECT `ShortName` FROM `customer` WHERE `Identifier` = '350500000021' AND `DelFlag` = 0 LIMIT 1   [ RunTime:0.0010s ]
SQL: SELECT `Name` FROM `employee` WHERE `EmployeeID` = 2 LIMIT 1   [ RunTime:0.0000s ]
SQL: SELECT `ProductName` FROM `product` WHERE `ProductID` IN ('1')  [ RunTime:0.0000s ]
SQL: SELECT `CttTypeName` FROM `contracttype` WHERE `CttTypeID` = 0 LIMIT 1   [ RunTime:0.0010s ]
SQL: SELECT `ShortName` FROM `customer` WHERE `Identifier` = '350500000021' AND `DelFlag` = 0 LIMIT 1   [ RunTime:0.0010s ]
SQL: SELECT `Name` FROM `employee` WHERE `EmployeeID` = 2 LIMIT 1   [ RunTime:0.0010s ]
SQL: SELECT `ProductName` FROM `product` WHERE `ProductID` IN ('1')  [ RunTime:0.0000s ]
SQL: SELECT `CttTypeName` FROM `contracttype` WHERE `CttTypeID` = 1 LIMIT 1   [ RunTime:0.0010s ]
SQL: SELECT `ShortName` FROM `customer` WHERE `Identifier` = '350500000005' AND `DelFlag` = 0 LIMIT 1   [ RunTime:0.0010s ]
SQL: SELECT `Name` FROM `employee` WHERE `EmployeeID` = 2 LIMIT 1   [ RunTime:0.0010s ]
SQL: SELECT `ProductName` FROM `product` WHERE `ProductID` IN ('1')  [ RunTime:0.0000s ]
SQL: SELECT `CttTypeName` FROM `contracttype` WHERE `CttTypeID` = 1 LIMIT 1   [ RunTime:0.0000s ]
SQL: SELECT `ShortName` FROM `customer` WHERE `Identifier` = '350500000005' AND `DelFlag` = 0 LIMIT 1   [ RunTime:0.0010s ]
SQL: SELECT `Name` FROM `employee` WHERE `EmployeeID` = 2 LIMIT 1   [ RunTime:0.0010s ]
SQL: SELECT `ProductName` FROM `product` WHERE `ProductID` IN ('1')  [ RunTime:0.0000s ]
SQL: SELECT `CttTypeName` FROM `contracttype` WHERE `CttTypeID` = 1 LIMIT 1   [ RunTime:0.0010s ]
SQL: SELECT `ShortName` FROM `customer` WHERE `Identifier` = '350500000008' AND `DelFlag` = 0 LIMIT 1   [ RunTime:0.0010s ]
SQL: SELECT `Name` FROM `employee` WHERE `EmployeeID` = 2 LIMIT 1   [ RunTime:0.0000s ]
SQL: SELECT `ProductName` FROM `product` WHERE `ProductID` IN ('1')  [ RunTime:0.0000s ]
SQL: SELECT `CttTypeName` FROM `contracttype` WHERE `CttTypeID` = 1 LIMIT 1   [ RunTime:0.0010s ]
SQL: SELECT `ShortName` FROM `customer` WHERE `Identifier` = '350500000008' AND `DelFlag` = 0 LIMIT 1   [ RunTime:0.0010s ]
SQL: SELECT `Name` FROM `employee` WHERE `EmployeeID` = 2 LIMIT 1   [ RunTime:0.0000s ]
SQL: SELECT `ProductName` FROM `product` WHERE `ProductID` IN ('1')  [ RunTime:0.0000s ]
SQL: SELECT `CttTypeName` FROM `contracttype` WHERE `CttTypeID` = 1 LIMIT 1   [ RunTime:0.0010s ]
SQL: SELECT `ShortName` FROM `customer` WHERE `Identifier` = '350500000008' AND `DelFlag` = 0 LIMIT 1   [ RunTime:0.0010s ]
INFO: [ app_end ] --START--
INFO: Run Behavior\ShowPageTraceBehavior [ RunTime:0.001001s ]
INFO: [ app_end ] --END-- [ RunTime:0.001001s ]

[ 2016-07-05T14:33:48+08:00 ] 127.0.0.1 /admin/Customer/customer
INFO: [ app_init ] --START--
INFO: Run Behavior\BuildLiteBehavior [ RunTime:0.000000s ]
INFO: [ app_init ] --END-- [ RunTime:0.000000s ]
INFO: [ app_begin ] --START--
INFO: Run Behavior\ReadHtmlCacheBehavior [ RunTime:0.000000s ]
INFO: [ app_begin ] --END-- [ RunTime:0.000000s ]
SQL: SHOW COLUMNS FROM `config` [ RunTime:0.0070s ]
SQL: SELECT * FROM `config`  [ RunTime:0.0010s ]
SQL: SHOW COLUMNS FROM `menu` [ RunTime:0.0070s ]
SQL: SELECT * FROM `menu` WHERE `ShowType` = 0 ORDER BY Sort  [ RunTime:0.0010s ]
SQL: SHOW COLUMNS FROM `customer` [ RunTime:0.0070s ]
SQL: SHOW COLUMNS FROM `customerstatus` [ RunTime:0.0070s ]
SQL: SHOW COLUMNS FROM `customerrole` [ RunTime:0.0060s ]
SQL: SHOW COLUMNS FROM `customerrank` [ RunTime:0.0060s ]
SQL: SHOW COLUMNS FROM `customerclose` [ RunTime:0.0060s ]
SQL: SHOW COLUMNS FROM `feedbackstatus` [ RunTime:0.0060s ]
SQL: SHOW COLUMNS FROM `feedbackpriority` [ RunTime:0.0060s ]
SQL: SHOW COLUMNS FROM `feedback` [ RunTime:0.0070s ]
SQL: SHOW COLUMNS FROM `employee` [ RunTime:0.0080s ]
SQL: SHOW COLUMNS FROM `paytype` [ RunTime:0.0070s ]
SQL: SHOW COLUMNS FROM `support` [ RunTime:0.0070s ]
SQL: SELECT `CtmStatusID`,`CtmStatusName` FROM `customerstatus` WHERE `DelFlag` = 0  [ RunTime:0.0010s ]
SQL: SELECT `CtmRankID`,`CtmRankName` FROM `customerrank` WHERE `DelFlag` = 0  [ RunTime:0.0010s ]
INFO: [ view_parse ] --START--
NOTIC: [2] file_get_contents(../Application/Admin/View/Huge/Public/footer.html) [<a href='function.file-get-contents'>function.file-get-contents</a>]: failed to open stream: No such file or directory E:\WWW\crm\ThinkPHP\Library\Think\Template.class.php 第 696 行.
INFO: [ template_filter ] --START--
INFO: Run Behavior\ContentReplaceBehavior [ RunTime:0.001000s ]
INFO: [ template_filter ] --END-- [ RunTime:0.001000s ]
INFO: Run Behavior\ParseTemplateBehavior [ RunTime:0.029002s ]
INFO: [ view_parse ] --END-- [ RunTime:0.029002s ]
INFO: [ view_filter ] --START--
INFO: Run Behavior\WriteHtmlCacheBehavior [ RunTime:0.001000s ]
INFO: [ view_filter ] --END-- [ RunTime:0.001000s ]
INFO: [ app_end ] --START--
INFO: Run Behavior\ShowPageTraceBehavior [ RunTime:0.001000s ]
INFO: [ app_end ] --END-- [ RunTime:0.001000s ]

[ 2016-07-05T14:33:48+08:00 ] 127.0.0.1 /admin/Customer/loadCustomer?sort=CreateTime&order=asc&limit=10&offset=0
INFO: [ app_init ] --START--
INFO: Run Behavior\BuildLiteBehavior [ RunTime:0.000000s ]
INFO: [ app_init ] --END-- [ RunTime:0.000000s ]
INFO: [ app_begin ] --START--
INFO: Run Behavior\ReadHtmlCacheBehavior [ RunTime:0.000000s ]
INFO: [ app_begin ] --END-- [ RunTime:0.000000s ]
SQL: SHOW COLUMNS FROM `config` [ RunTime:0.0070s ]
SQL: SELECT * FROM `config`  [ RunTime:0.0010s ]
SQL: SHOW COLUMNS FROM `menu` [ RunTime:0.0060s ]
SQL: SELECT * FROM `menu` WHERE `ShowType` = 0 ORDER BY Sort  [ RunTime:0.0010s ]
SQL: SHOW COLUMNS FROM `customer` [ RunTime:0.0070s ]
SQL: SHOW COLUMNS FROM `customerstatus` [ RunTime:0.0070s ]
SQL: SHOW COLUMNS FROM `customerrole` [ RunTime:0.0060s ]
SQL: SHOW COLUMNS FROM `customerrank` [ RunTime:0.0060s ]
SQL: SHOW COLUMNS FROM `customerclose` [ RunTime:0.0070s ]
SQL: SHOW COLUMNS FROM `feedbackstatus` [ RunTime:0.0070s ]
SQL: SHOW COLUMNS FROM `feedbackpriority` [ RunTime:0.0070s ]
SQL: SHOW COLUMNS FROM `feedback` [ RunTime:0.0070s ]
SQL: SHOW COLUMNS FROM `employee` [ RunTime:0.0070s ]
SQL: SHOW COLUMNS FROM `paytype` [ RunTime:0.0070s ]
SQL: SHOW COLUMNS FROM `support` [ RunTime:0.0070s ]
SQL: SELECT C.*,S.CtmStatusName,K.CtmRankName,R.CtmRoleName FROM customer C left JOIN customerstatus S on S.CtmStatusID = C.CtmStatusID left JOIN customerrank K on K.CtmRankID = C.CtmRankID left JOIN customerrole R on R.CtmRoleID = C.CtmRoleID left JOIN employee E on E.EmployeeID = C.DeveloperID  WHERE C.DelFlag = 0 ORDER BY C.CreateTime asc LIMIT 0,10   [ RunTime:0.0020s ]
SQL: SELECT COUNT(*) AS tp_count FROM customer C left JOIN customerstatus S on S.CtmStatusID = C.CtmStatusID left JOIN customerrank K on K.CtmRankID = C.CtmRankID left JOIN customerrole R on R.CtmRoleID = C.CtmRoleID left JOIN employee E on E.EmployeeID = C.DeveloperID  WHERE C.DelFlag = 0 ORDER BY C.CreateTime asc LIMIT 1   [ RunTime:0.0010s ]
SQL: SHOW COLUMNS FROM `contract` [ RunTime:0.0070s ]
SQL: SELECT `CttProductID` FROM `contract` WHERE `Identifier` = '350500000002' LIMIT 1   [ RunTime:0.0010s ]
SQL: SHOW COLUMNS FROM `product` [ RunTime:0.0060s ]
SQL: SELECT `ProductName` FROM `product` WHERE `ProductID` IN ('1','2')  [ RunTime:0.0010s ]
SQL: SELECT `Name` FROM `employee` WHERE `EmployeeID` = 15 LIMIT 1   [ RunTime:0.0010s ]
SQL: SELECT `CttProductID` FROM `contract` WHERE `Identifier` = '350500000002' LIMIT 1   [ RunTime:0.0010s ]
SQL: SELECT `ProductName` FROM `product` WHERE `ProductID` IN ('1','2')  [ RunTime:0.0020s ]
SQL: SELECT `CttProductID` FROM `contract` WHERE `Identifier` = null LIMIT 1   [ RunTime:0.0010s ]
SQL: SELECT `CttProductID` FROM `contract` WHERE `Identifier` = '350500000004' LIMIT 1   [ RunTime:0.0020s ]
SQL: SELECT `ProductName` FROM `product` WHERE `ProductID` IN ('1')  [ RunTime:0.0010s ]
SQL: SELECT `Name` FROM `employee` WHERE `EmployeeID` = 15 LIMIT 1   [ RunTime:0.0010s ]
SQL: SELECT `CttProductID` FROM `contract` WHERE `Identifier` = '350500000005' LIMIT 1   [ RunTime:0.0010s ]
SQL: SELECT `ProductName` FROM `product` WHERE `ProductID` IN ('1','2')  [ RunTime:0.0010s ]
SQL: SELECT `Name` FROM `employee` WHERE `EmployeeID` = 15 LIMIT 1   [ RunTime:0.0010s ]
SQL: SELECT `CttProductID` FROM `contract` WHERE `Identifier` = '350500000006' LIMIT 1   [ RunTime:0.0010s ]
SQL: SELECT `ProductName` FROM `product` WHERE `ProductID` IN ('1','2')  [ RunTime:0.0020s ]
SQL: SELECT `Name` FROM `employee` WHERE `EmployeeID` = 15 LIMIT 1   [ RunTime:0.0010s ]
SQL: SELECT `CttProductID` FROM `contract` WHERE `Identifier` = '350500000007' LIMIT 1   [ RunTime:0.0020s ]
SQL: SELECT `Name` FROM `employee` WHERE `EmployeeID` = 15 LIMIT 1   [ RunTime:0.0010s ]
SQL: SELECT `CttProductID` FROM `contract` WHERE `Identifier` = '350500000008' LIMIT 1   [ RunTime:0.0010s ]
SQL: SELECT `ProductName` FROM `product` WHERE `ProductID` IN ('1')  [ RunTime:0.0010s ]
SQL: SELECT `Name` FROM `employee` WHERE `EmployeeID` = 15 LIMIT 1   [ RunTime:0.0010s ]
SQL: SELECT `CttProductID` FROM `contract` WHERE `Identifier` = '350500000016' LIMIT 1   [ RunTime:0.0010s ]
SQL: SELECT `ProductName` FROM `product` WHERE `ProductID` IN ('1')  [ RunTime:0.0010s ]
SQL: SELECT `CttProductID` FROM `contract` WHERE `Identifier` = '350500000017' LIMIT 1   [ RunTime:0.0020s ]
INFO: [ app_end ] --START--
INFO: Run Behavior\ShowPageTraceBehavior [ RunTime:0.002000s ]
INFO: [ app_end ] --END-- [ RunTime:0.002000s ]

[ 2016-07-05T14:34:01+08:00 ] 127.0.0.1 /admin/Market/loadContract?sort=SignTime&order=desc&limit=10&offset=10
INFO: [ app_init ] --START--
INFO: Run Behavior\BuildLiteBehavior [ RunTime:0.000000s ]
INFO: [ app_init ] --END-- [ RunTime:0.001000s ]
INFO: [ app_begin ] --START--
INFO: Run Behavior\ReadHtmlCacheBehavior [ RunTime:0.001000s ]
INFO: [ app_begin ] --END-- [ RunTime:0.001000s ]
SQL: SHOW COLUMNS FROM `config` [ RunTime:0.0070s ]
SQL: SELECT * FROM `config`  [ RunTime:0.0010s ]
SQL: SHOW COLUMNS FROM `menu` [ RunTime:0.0070s ]
SQL: SELECT * FROM `menu` WHERE `ShowType` = 0 ORDER BY Sort  [ RunTime:0.0010s ]
SQL: SHOW COLUMNS FROM `market` [ RunTime:0.0070s ]
SQL: SHOW COLUMNS FROM `contract` [ RunTime:0.0070s ]
SQL: SHOW COLUMNS FROM `contracttype` [ RunTime:0.0070s ]
SQL: SHOW COLUMNS FROM `employee` [ RunTime:0.0070s ]
SQL: SHOW COLUMNS FROM `customer` [ RunTime:0.0070s ]
SQL: SHOW COLUMNS FROM `product` [ RunTime:0.0070s ]
SQL: SHOW COLUMNS FROM `paytype` [ RunTime:0.0060s ]
SQL: SELECT COUNT(*) AS tp_count FROM `contract` WHERE `DelFlag` = 0 ORDER BY SignTime desc LIMIT 1   [ RunTime:0.0020s ]
SQL: SELECT * FROM `contract` WHERE `DelFlag` = 0 ORDER BY SignTime desc LIMIT 10,10   [ RunTime:0.0030s ]
SQL: SELECT `Name` FROM `employee` WHERE `EmployeeID` = 2 LIMIT 1   [ RunTime:0.0020s ]
SQL: SELECT `ProductName` FROM `product` WHERE `ProductID` IN ('1')  [ RunTime:0.0010s ]
SQL: SELECT `CttTypeName` FROM `contracttype` WHERE `CttTypeID` = 2 LIMIT 1   [ RunTime:0.0010s ]
SQL: SELECT `ShortName` FROM `customer` WHERE `Identifier` = '350500000021' AND `DelFlag` = 0 LIMIT 1   [ RunTime:0.0010s ]
SQL: SELECT `Name` FROM `employee` WHERE `EmployeeID` = 2 LIMIT 1   [ RunTime:0.0010s ]
SQL: SELECT `ProductName` FROM `product` WHERE `ProductID` IN ('1')  [ RunTime:0.0010s ]
SQL: SELECT `CttTypeName` FROM `contracttype` WHERE `CttTypeID` = 2 LIMIT 1   [ RunTime:0.0010s ]
SQL: SELECT `ShortName` FROM `customer` WHERE `Identifier` = '350500000021' AND `DelFlag` = 0 LIMIT 1   [ RunTime:0.0010s ]
SQL: SELECT `Name` FROM `employee` WHERE `EmployeeID` = 2 LIMIT 1   [ RunTime:0.0010s ]
SQL: SELECT `ProductName` FROM `product` WHERE `ProductID` IN ('1')  [ RunTime:0.0010s ]
SQL: SELECT `CttTypeName` FROM `contracttype` WHERE `CttTypeID` = 1 LIMIT 1   [ RunTime:0.0010s ]
SQL: SELECT `ShortName` FROM `customer` WHERE `Identifier` = '350500000005' AND `DelFlag` = 0 LIMIT 1   [ RunTime:0.0010s ]
SQL: SELECT `Name` FROM `employee` WHERE `EmployeeID` = 2 LIMIT 1   [ RunTime:0.0010s ]
SQL: SELECT `ProductName` FROM `product` WHERE `ProductID` IN ('1')  [ RunTime:0.0010s ]
SQL: SELECT `CttTypeName` FROM `contracttype` WHERE `CttTypeID` = 2 LIMIT 1   [ RunTime:0.0010s ]
SQL: SELECT `ShortName` FROM `customer` WHERE `Identifier` = '350500000006' AND `DelFlag` = 0 LIMIT 1   [ RunTime:0.0000s ]
SQL: SELECT `Name` FROM `employee` WHERE `EmployeeID` = 2 LIMIT 1   [ RunTime:0.0010s ]
SQL: SELECT `ProductName` FROM `product` WHERE `ProductID` IN ('1')  [ RunTime:0.0010s ]
SQL: SELECT `CttTypeName` FROM `contracttype` WHERE `CttTypeID` = 2 LIMIT 1   [ RunTime:0.0010s ]
SQL: SELECT `ShortName` FROM `customer` WHERE `Identifier` = '350500000023' AND `DelFlag` = 0 LIMIT 1   [ RunTime:0.0010s ]
SQL: SELECT `Name` FROM `employee` WHERE `EmployeeID` = 2 LIMIT 1   [ RunTime:0.0010s ]
SQL: SELECT `ProductName` FROM `product` WHERE `ProductID` IN ('1')  [ RunTime:0.0010s ]
SQL: SELECT `CttTypeName` FROM `contracttype` WHERE `CttTypeID` = 1 LIMIT 1   [ RunTime:0.0010s ]
SQL: SELECT `ShortName` FROM `customer` WHERE `Identifier` = '350500000002' AND `DelFlag` = 0 LIMIT 1   [ RunTime:0.0010s ]
SQL: SELECT `Name` FROM `employee` WHERE `EmployeeID` = 2 LIMIT 1   [ RunTime:0.0010s ]
SQL: SELECT `ProductName` FROM `product` WHERE `ProductID` IN ('1')  [ RunTime:0.0020s ]
SQL: SELECT `CttTypeName` FROM `contracttype` WHERE `CttTypeID` = 0 LIMIT 1   [ RunTime:0.0010s ]
SQL: SELECT `ShortName` FROM `customer` WHERE `Identifier` = '350500000005' AND `DelFlag` = 0 LIMIT 1   [ RunTime:0.0010s ]
SQL: SELECT `Name` FROM `employee` WHERE `EmployeeID` = 2 LIMIT 1   [ RunTime:0.0010s ]
SQL: SELECT `ProductName` FROM `product` WHERE `ProductID` IN ('1')  [ RunTime:0.0010s ]
SQL: SELECT `CttTypeName` FROM `contracttype` WHERE `CttTypeID` = 0 LIMIT 1   [ RunTime:0.0010s ]
SQL: SELECT `ShortName` FROM `customer` WHERE `Identifier` = '350500000016' AND `DelFlag` = 0 LIMIT 1   [ RunTime:0.0010s ]
SQL: SELECT `Name` FROM `employee` WHERE `EmployeeID` = 2 LIMIT 1   [ RunTime:0.0010s ]
SQL: SELECT `ProductName` FROM `product` WHERE `ProductID` IN ('1')  [ RunTime:0.0010s ]
SQL: SELECT `CttTypeName` FROM `contracttype` WHERE `CttTypeID` = 0 LIMIT 1   [ RunTime:0.0010s ]
SQL: SELECT `ShortName` FROM `customer` WHERE `Identifier` = '350500000016' AND `DelFlag` = 0 LIMIT 1   [ RunTime:0.0010s ]
SQL: SELECT `Name` FROM `employee` WHERE `EmployeeID` = 2 LIMIT 1   [ RunTime:0.0010s ]
SQL: SELECT `ProductName` FROM `product` WHERE `ProductID` IN ('1')  [ RunTime:0.0020s ]
SQL: SELECT `CttTypeName` FROM `contracttype` WHERE `CttTypeID` = 0 LIMIT 1   [ RunTime:0.0010s ]
SQL: SELECT `ShortName` FROM `customer` WHERE `Identifier` = '350500000016' AND `DelFlag` = 0 LIMIT 1   [ RunTime:0.0010s ]
INFO: [ app_end ] --START--
INFO: Run Behavior\ShowPageTraceBehavior [ RunTime:0.002000s ]
INFO: [ app_end ] --END-- [ RunTime:0.002000s ]

[ 2016-07-05T14:34:02+08:00 ] 127.0.0.1 /admin/Market/loadContract?sort=SignTime&order=desc&limit=10&offset=20
INFO: [ app_init ] --START--
INFO: Run Behavior\BuildLiteBehavior [ RunTime:0.000000s ]
INFO: [ app_init ] --END-- [ RunTime:0.000000s ]
INFO: [ app_begin ] --START--
INFO: Run Behavior\ReadHtmlCacheBehavior [ RunTime:0.001000s ]
INFO: [ app_begin ] --END-- [ RunTime:0.001000s ]
SQL: SHOW COLUMNS FROM `config` [ RunTime:0.0070s ]
SQL: SELECT * FROM `config`  [ RunTime:0.0010s ]
SQL: SHOW COLUMNS FROM `menu` [ RunTime:0.0480s ]
SQL: SELECT * FROM `menu` WHERE `ShowType` = 0 ORDER BY Sort  [ RunTime:0.0020s ]
SQL: SHOW COLUMNS FROM `market` [ RunTime:0.0070s ]
SQL: SHOW COLUMNS FROM `contract` [ RunTime:0.0080s ]
SQL: SHOW COLUMNS FROM `contracttype` [ RunTime:0.0060s ]
SQL: SHOW COLUMNS FROM `employee` [ RunTime:0.0080s ]
SQL: SHOW COLUMNS FROM `customer` [ RunTime:0.0080s ]
SQL: SHOW COLUMNS FROM `product` [ RunTime:0.0070s ]
SQL: SHOW COLUMNS FROM `paytype` [ RunTime:0.0060s ]
SQL: SELECT COUNT(*) AS tp_count FROM `contract` WHERE `DelFlag` = 0 ORDER BY SignTime desc LIMIT 1   [ RunTime:0.0010s ]
SQL: SELECT * FROM `contract` WHERE `DelFlag` = 0 ORDER BY SignTime desc LIMIT 20,10   [ RunTime:0.0020s ]
SQL: SELECT `Name` FROM `employee` WHERE `EmployeeID` = 2 LIMIT 1   [ RunTime:0.0010s ]
SQL: SELECT `ProductName` FROM `product` WHERE `ProductID` IN ('1')  [ RunTime:0.0010s ]
SQL: SELECT `CttTypeName` FROM `contracttype` WHERE `CttTypeID` = 1 LIMIT 1   [ RunTime:0.0010s ]
SQL: SELECT `ShortName` FROM `customer` WHERE `Identifier` = '350500000005' AND `DelFlag` = 0 LIMIT 1   [ RunTime:0.0010s ]
SQL: SELECT `Name` FROM `employee` WHERE `EmployeeID` = 2 LIMIT 1   [ RunTime:0.0010s ]
SQL: SELECT `ProductName` FROM `product` WHERE `ProductID` IN ('1')  [ RunTime:0.0010s ]
SQL: SELECT `CttTypeName` FROM `contracttype` WHERE `CttTypeID` = 0 LIMIT 1   [ RunTime:0.0020s ]
SQL: SELECT `ShortName` FROM `customer` WHERE `Identifier` = '350500000006' AND `DelFlag` = 0 LIMIT 1   [ RunTime:0.0010s ]
SQL: SELECT `Name` FROM `employee` WHERE `EmployeeID` = 2 LIMIT 1   [ RunTime:0.0010s ]
SQL: SELECT `ProductName` FROM `product` WHERE `ProductID` IN ('1')  [ RunTime:0.0010s ]
SQL: SELECT `CttTypeName` FROM `contracttype` WHERE `CttTypeID` = 1 LIMIT 1   [ RunTime:0.0010s ]
SQL: SELECT `ShortName` FROM `customer` WHERE `Identifier` = '350500000004' AND `DelFlag` = 0 LIMIT 1   [ RunTime:0.0010s ]
SQL: SELECT `Name` FROM `employee` WHERE `EmployeeID` = 2 LIMIT 1   [ RunTime:0.0010s ]
SQL: SELECT `ProductName` FROM `product` WHERE `ProductID` IN ('1')  [ RunTime:0.0020s ]
SQL: SELECT `CttTypeName` FROM `contracttype` WHERE `CttTypeID` = 0 LIMIT 1   [ RunTime:0.0010s ]
SQL: SELECT `ShortName` FROM `customer` WHERE `Identifier` = '350500000006' AND `DelFlag` = 0 LIMIT 1   [ RunTime:0.0010s ]
SQL: SELECT `Name` FROM `employee` WHERE `EmployeeID` = 2 LIMIT 1   [ RunTime:0.0010s ]
SQL: SELECT `ProductName` FROM `product` WHERE `ProductID` IN ('1')  [ RunTime:0.0010s ]
SQL: SELECT `CttTypeName` FROM `contracttype` WHERE `CttTypeID` = 1 LIMIT 1   [ RunTime:0.0010s ]
SQL: SELECT `ShortName` FROM `customer` WHERE `Identifier` = '350500000025' AND `DelFlag` = 0 LIMIT 1   [ RunTime:0.0010s ]
SQL: SELECT `Name` FROM `employee` WHERE `EmployeeID` = 2 LIMIT 1   [ RunTime:0.0020s ]
NOTIC: [2] implode() [<a href='function.implode'>function.implode</a>]: Invalid arguments passed E:\WWW\crm\ThinkPHP\Library\Think\Db\Driver.class.php 第 578 行.
ERR: 1064:You have an error in your SQL syntax; check the manual that corresponds to your MySQL server version for the right syntax to use near ')' at line 1
 [ SQL语句 ] : SELECT `ProductName` FROM `product` WHERE `ProductID` IN () 
ERR: 1064:You have an error in your SQL syntax; check the manual that corresponds to your MySQL server version for the right syntax to use near ')' at line 1
 [ SQL语句 ] : SELECT `ProductName` FROM `product` WHERE `ProductID` IN () 

[ 2016-07-05T14:34:03+08:00 ] 127.0.0.1 /admin/Market/loadContract?sort=SignTime&order=desc&limit=10&offset=30
INFO: [ app_init ] --START--
INFO: Run Behavior\BuildLiteBehavior [ RunTime:0.000000s ]
INFO: [ app_init ] --END-- [ RunTime:0.001000s ]
INFO: [ app_begin ] --START--
INFO: Run Behavior\ReadHtmlCacheBehavior [ RunTime:0.001000s ]
INFO: [ app_begin ] --END-- [ RunTime:0.001000s ]
SQL: SHOW COLUMNS FROM `config` [ RunTime:0.0070s ]
SQL: SELECT * FROM `config`  [ RunTime:0.0010s ]
SQL: SHOW COLUMNS FROM `menu` [ RunTime:0.0070s ]
SQL: SELECT * FROM `menu` WHERE `ShowType` = 0 ORDER BY Sort  [ RunTime:0.0020s ]
SQL: SHOW COLUMNS FROM `market` [ RunTime:0.0060s ]
SQL: SHOW COLUMNS FROM `contract` [ RunTime:0.0070s ]
SQL: SHOW COLUMNS FROM `contracttype` [ RunTime:0.0070s ]
SQL: SHOW COLUMNS FROM `employee` [ RunTime:0.0070s ]
SQL: SHOW COLUMNS FROM `customer` [ RunTime:0.0080s ]
SQL: SHOW COLUMNS FROM `product` [ RunTime:0.0070s ]
SQL: SHOW COLUMNS FROM `paytype` [ RunTime:0.0080s ]
SQL: SELECT COUNT(*) AS tp_count FROM `contract` WHERE `DelFlag` = 0 ORDER BY SignTime desc LIMIT 1   [ RunTime:0.0010s ]
SQL: SELECT * FROM `contract` WHERE `DelFlag` = 0 ORDER BY SignTime desc LIMIT 30,10   [ RunTime:0.0020s ]
SQL: SELECT `Name` FROM `employee` WHERE `EmployeeID` = 2 LIMIT 1   [ RunTime:0.0010s ]
SQL: SELECT `ProductName` FROM `product` WHERE `ProductID` IN ('1')  [ RunTime:0.0010s ]
SQL: SELECT `CttTypeName` FROM `contracttype` WHERE `CttTypeID` = 1 LIMIT 1   [ RunTime:0.0010s ]
SQL: SELECT `ShortName` FROM `customer` WHERE `Identifier` = '350500000008' AND `DelFlag` = 0 LIMIT 1   [ RunTime:0.0010s ]
SQL: SELECT `Name` FROM `employee` WHERE `EmployeeID` = 2 LIMIT 1   [ RunTime:0.0010s ]
SQL: SELECT `ProductName` FROM `product` WHERE `ProductID` IN ('1')  [ RunTime:0.0010s ]
SQL: SELECT `CttTypeName` FROM `contracttype` WHERE `CttTypeID` = 1 LIMIT 1   [ RunTime:0.0020s ]
SQL: SELECT `ShortName` FROM `customer` WHERE `Identifier` = '350500000008' AND `DelFlag` = 0 LIMIT 1   [ RunTime:0.0010s ]
SQL: SELECT `Name` FROM `employee` WHERE `EmployeeID` = 2 LIMIT 1   [ RunTime:0.0010s ]
SQL: SELECT `ProductName` FROM `product` WHERE `ProductID` IN ('1')  [ RunTime:0.0010s ]
SQL: SELECT `CttTypeName` FROM `contracttype` WHERE `CttTypeID` = 1 LIMIT 1   [ RunTime:0.0010s ]
SQL: SELECT `ShortName` FROM `customer` WHERE `Identifier` = '350500000008' AND `DelFlag` = 0 LIMIT 1   [ RunTime:0.0010s ]
SQL: SELECT `Name` FROM `employee` WHERE `EmployeeID` = 2 LIMIT 1   [ RunTime:0.0010s ]
SQL: SELECT `ProductName` FROM `product` WHERE `ProductID` IN ('1')  [ RunTime:0.0010s ]
SQL: SELECT `CttTypeName` FROM `contracttype` WHERE `CttTypeID` = 1 LIMIT 1   [ RunTime:0.0010s ]
SQL: SELECT `ShortName` FROM `customer` WHERE `Identifier` = '350500000006' AND `DelFlag` = 0 LIMIT 1   [ RunTime:0.0010s ]
SQL: SELECT `Name` FROM `employee` WHERE `EmployeeID` = 2 LIMIT 1   [ RunTime:0.0010s ]
SQL: SELECT `ProductName` FROM `product` WHERE `ProductID` IN ('1')  [ RunTime:0.0010s ]
SQL: SELECT `CttTypeName` FROM `contracttype` WHERE `CttTypeID` = 1 LIMIT 1   [ RunTime:0.0020s ]
SQL: SELECT `ShortName` FROM `customer` WHERE `Identifier` = '350500000021' AND `DelFlag` = 0 LIMIT 1   [ RunTime:0.0010s ]
SQL: SELECT `Name` FROM `employee` WHERE `EmployeeID` = 2 LIMIT 1   [ RunTime:0.0010s ]
SQL: SELECT `ProductName` FROM `product` WHERE `ProductID` IN ('1')  [ RunTime:0.0010s ]
SQL: SELECT `CttTypeName` FROM `contracttype` WHERE `CttTypeID` = 3 LIMIT 1   [ RunTime:0.0010s ]
SQL: SELECT `ShortName` FROM `customer` WHERE `Identifier` = '350500000008' AND `DelFlag` = 0 LIMIT 1   [ RunTime:0.0010s ]
SQL: SELECT `Name` FROM `employee` WHERE `EmployeeID` = 2 LIMIT 1   [ RunTime:0.0010s ]
SQL: SELECT `ProductName` FROM `product` WHERE `ProductID` IN ('1','2')  [ RunTime:0.0010s ]
SQL: SELECT `CttTypeName` FROM `contracttype` WHERE `CttTypeID` = 1 LIMIT 1   [ RunTime:0.0010s ]
SQL: SELECT `ShortName` FROM `customer` WHERE `Identifier` = '350500000002' AND `DelFlag` = 0 LIMIT 1   [ RunTime:0.0010s ]
SQL: SELECT `Name` FROM `employee` WHERE `EmployeeID` = 2 LIMIT 1   [ RunTime:0.0010s ]
SQL: SELECT `ProductName` FROM `product` WHERE `ProductID` IN ('1','2')  [ RunTime:0.0020s ]
SQL: SELECT `CttTypeName` FROM `contracttype` WHERE `CttTypeID` = 1 LIMIT 1   [ RunTime:0.0010s ]
SQL: SELECT `ShortName` FROM `customer` WHERE `Identifier` = '350500000006' AND `DelFlag` = 0 LIMIT 1   [ RunTime:0.0010s ]
SQL: SELECT `Name` FROM `employee` WHERE `EmployeeID` = 2 LIMIT 1   [ RunTime:0.0010s ]
SQL: SELECT `ProductName` FROM `product` WHERE `ProductID` IN ('1','2')  [ RunTime:0.0010s ]
SQL: SELECT `CttTypeName` FROM `contracttype` WHERE `CttTypeID` = 2 LIMIT 1   [ RunTime:0.0010s ]
SQL: SELECT `ShortName` FROM `customer` WHERE `Identifier` = '350500000002' AND `DelFlag` = 0 LIMIT 1   [ RunTime:0.0010s ]
SQL: SELECT `Name` FROM `employee` WHERE `EmployeeID` = 2 LIMIT 1   [ RunTime:0.0010s ]
SQL: SELECT `ProductName` FROM `product` WHERE `ProductID` IN ('1','2')  [ RunTime:0.0020s ]
SQL: SELECT `CttTypeName` FROM `contracttype` WHERE `CttTypeID` = 2 LIMIT 1   [ RunTime:0.0010s ]
SQL: SELECT `ShortName` FROM `customer` WHERE `Identifier` = '350500000002' AND `DelFlag` = 0 LIMIT 1   [ RunTime:0.0010s ]
INFO: [ app_end ] --START--
INFO: Run Behavior\ShowPageTraceBehavior [ RunTime:0.002000s ]
INFO: [ app_end ] --END-- [ RunTime:0.002000s ]

