[ 2016-06-13T11:49:25+08:00 ] 127.0.0.1 /admin
INFO: [ app_init ] --START--
INFO: Run Behavior\BuildLiteBehavior [ RunTime:0.000000s ]
INFO: [ app_init ] --END-- [ RunTime:0.008001s ]
INFO: [ app_begin ] --START--
INFO: Run Behavior\ReadHtmlCacheBehavior [ RunTime:0.009000s ]
INFO: [ app_begin ] --END-- [ RunTime:0.009000s ]

[ 2016-06-13T11:49:25+08:00 ] 127.0.0.1 /admin/account/Login
INFO: [ app_init ] --START--
INFO: Run Behavior\BuildLiteBehavior [ RunTime:0.000000s ]
INFO: [ app_init ] --END-- [ RunTime:0.000000s ]
INFO: [ app_begin ] --START--
INFO: Run Behavior\ReadHtmlCacheBehavior [ RunTime:0.000000s ]
INFO: [ app_begin ] --END-- [ RunTime:0.000000s ]
SQL: SHOW COLUMNS FROM `employee` [ RunTime:0.0080s ]
SQL: SELECT COUNT(*) AS tp_count FROM `employee` WHERE `Status` = 0 AND `DelFlag` = 0 LIMIT 1   [ RunTime:0.0010s ]
INFO: [ view_parse ] --START--
INFO: [ template_filter ] --START--
INFO: Run Behavior\ContentReplaceBehavior [ RunTime:0.000000s ]
INFO: [ template_filter ] --END-- [ RunTime:0.000000s ]
INFO: Run Behavior\ParseTemplateBehavior [ RunTime:0.054003s ]
INFO: [ view_parse ] --END-- [ RunTime:0.054003s ]
INFO: [ view_filter ] --START--
INFO: Run Behavior\WriteHtmlCacheBehavior [ RunTime:0.004000s ]
INFO: [ view_filter ] --END-- [ RunTime:0.004000s ]
INFO: [ app_end ] --START--
INFO: Run Behavior\ShowPageTraceBehavior [ RunTime:0.003000s ]
INFO: [ app_end ] --END-- [ RunTime:0.003000s ]

[ 2016-06-13T11:49:36+08:00 ] 127.0.0.1 /admin/account/Login
INFO: [ app_init ] --START--
INFO: Run Behavior\BuildLiteBehavior [ RunTime:0.000000s ]
INFO: [ app_init ] --END-- [ RunTime:0.000000s ]
INFO: [ app_begin ] --START--
INFO: Run Behavior\ReadHtmlCacheBehavior [ RunTime:0.000000s ]
INFO: [ app_begin ] --END-- [ RunTime:0.000000s ]
SQL: SHOW COLUMNS FROM `employee` [ RunTime:0.0000s ]
SQL: SELECT * FROM `employee` WHERE `EmployeeNum` = 'admin' LIMIT 1   [ RunTime:0.0000s ]

[ 2016-06-13T11:49:36+08:00 ] 127.0.0.1 /admin/
INFO: [ app_init ] --START--
INFO: Run Behavior\BuildLiteBehavior [ RunTime:0.000000s ]
INFO: [ app_init ] --END-- [ RunTime:0.000000s ]
INFO: [ app_begin ] --START--
INFO: Run Behavior\ReadHtmlCacheBehavior [ RunTime:0.000000s ]
INFO: [ app_begin ] --END-- [ RunTime:0.000000s ]
SQL: SHOW COLUMNS FROM `config` [ RunTime:0.0070s ]
SQL: SELECT * FROM `config`  [ RunTime:0.0010s ]
SQL: SHOW COLUMNS FROM `menu` [ RunTime:0.0060s ]
SQL: SELECT * FROM `menu` WHERE `ShowType` = 0 ORDER BY Sort  [ RunTime:0.0010s ]
INFO: [ view_parse ] --START--
NOTIC: [2] file_get_contents(../Application/Admin/View/Huge/Public/menu.html) [<a href='function.file-get-contents'>function.file-get-contents</a>]: failed to open stream: No such file or directory E:\WWW\crm\ThinkPHP\Library\Think\Template.class.php 第 696 行.
NOTIC: [2] file_get_contents(../Application/Admin/View/Huge/Public/footer.html) [<a href='function.file-get-contents'>function.file-get-contents</a>]: failed to open stream: No such file or directory E:\WWW\crm\ThinkPHP\Library\Think\Template.class.php 第 696 行.
INFO: [ template_filter ] --START--
INFO: Run Behavior\ContentReplaceBehavior [ RunTime:0.000000s ]
INFO: [ template_filter ] --END-- [ RunTime:0.000000s ]
SQL: SHOW COLUMNS FROM `employee` [ RunTime:0.0070s ]
SQL: SELECT `Pic` FROM `employee` WHERE `EmployeeID` = 2 LIMIT 1   [ RunTime:0.0000s ]
NOTIC: [8] Undefined index: son E:\WWW\crm\Runtime\Cache\Admin\c6d57c8d442e0de0d710af1c8a7160fe.php 第 83 行.
INFO: Run Behavior\ParseTemplateBehavior [ RunTime:0.063003s ]
INFO: [ view_parse ] --END-- [ RunTime:0.063003s ]
INFO: [ view_filter ] --START--
INFO: Run Behavior\WriteHtmlCacheBehavior [ RunTime:0.001000s ]
INFO: [ view_filter ] --END-- [ RunTime:0.001000s ]
INFO: [ app_end ] --START--
INFO: Run Behavior\ShowPageTraceBehavior [ RunTime:0.000000s ]
INFO: [ app_end ] --END-- [ RunTime:0.000000s ]

[ 2016-06-13T11:49:41+08:00 ] 127.0.0.1 /admin/Customer/demand
INFO: [ app_init ] --START--
INFO: Run Behavior\BuildLiteBehavior [ RunTime:0.000000s ]
INFO: [ app_init ] --END-- [ RunTime:0.000000s ]
INFO: [ app_begin ] --START--
INFO: Run Behavior\ReadHtmlCacheBehavior [ RunTime:0.001000s ]
INFO: [ app_begin ] --END-- [ RunTime:0.001000s ]
SQL: SHOW COLUMNS FROM `config` [ RunTime:0.0070s ]
SQL: SELECT * FROM `config`  [ RunTime:0.0010s ]
SQL: SHOW COLUMNS FROM `menu` [ RunTime:0.0060s ]
SQL: SELECT * FROM `menu` WHERE `ShowType` = 0 ORDER BY Sort  [ RunTime:0.0020s ]
SQL: SHOW COLUMNS FROM `customer` [ RunTime:0.0070s ]
SQL: SHOW COLUMNS FROM `customerstatus` [ RunTime:0.0060s ]
SQL: SHOW COLUMNS FROM `customerrole` [ RunTime:0.0070s ]
SQL: SHOW COLUMNS FROM `customerrank` [ RunTime:0.0060s ]
SQL: SHOW COLUMNS FROM `customerclose` [ RunTime:0.0060s ]
SQL: SHOW COLUMNS FROM `feedbackstatus` [ RunTime:0.0060s ]
SQL: SHOW COLUMNS FROM `feedbackpriority` [ RunTime:0.0060s ]
SQL: SHOW COLUMNS FROM `feedback` [ RunTime:0.0070s ]
SQL: SHOW COLUMNS FROM `employee` [ RunTime:0.0070s ]
SQL: SHOW COLUMNS FROM `paytype` [ RunTime:0.0060s ]
SQL: SHOW COLUMNS FROM `support` [ RunTime:0.0070s ]
SQL: SELECT * FROM `feedbackstatus` WHERE `DelFlag` = 0  [ RunTime:0.0010s ]
SQL: SELECT * FROM `feedbackpriority` WHERE `DelFlag` = 0  [ RunTime:0.0010s ]
INFO: [ view_parse ] --START--
NOTIC: [2] file_get_contents(../Application/Admin/View/Huge/Public/footer.html) [<a href='function.file-get-contents'>function.file-get-contents</a>]: failed to open stream: No such file or directory E:\WWW\crm\ThinkPHP\Library\Think\Template.class.php 第 696 行.
INFO: [ template_filter ] --START--
INFO: Run Behavior\ContentReplaceBehavior [ RunTime:0.000000s ]
INFO: [ template_filter ] --END-- [ RunTime:0.001000s ]
INFO: Run Behavior\ParseTemplateBehavior [ RunTime:0.044003s ]
INFO: [ view_parse ] --END-- [ RunTime:0.044003s ]
INFO: [ view_filter ] --START--
INFO: Run Behavior\WriteHtmlCacheBehavior [ RunTime:0.001000s ]
INFO: [ view_filter ] --END-- [ RunTime:0.001000s ]
INFO: [ app_end ] --START--
INFO: Run Behavior\ShowPageTraceBehavior [ RunTime:0.001000s ]
INFO: [ app_end ] --END-- [ RunTime:0.001000s ]

[ 2016-06-13T11:49:41+08:00 ] 127.0.0.1 /admin/Customer/loadDemand?sort=FeedbackID&order=desc&limit=10&offset=0
INFO: [ app_init ] --START--
INFO: Run Behavior\BuildLiteBehavior [ RunTime:0.000000s ]
INFO: [ app_init ] --END-- [ RunTime:0.001000s ]
INFO: [ app_begin ] --START--
INFO: Run Behavior\ReadHtmlCacheBehavior [ RunTime:0.001000s ]
INFO: [ app_begin ] --END-- [ RunTime:0.001000s ]
SQL: SHOW COLUMNS FROM `config` [ RunTime:0.0060s ]
SQL: SELECT * FROM `config`  [ RunTime:0.0010s ]
SQL: SHOW COLUMNS FROM `menu` [ RunTime:0.0070s ]
SQL: SELECT * FROM `menu` WHERE `ShowType` = 0 ORDER BY Sort  [ RunTime:0.0010s ]
SQL: SHOW COLUMNS FROM `customer` [ RunTime:0.0070s ]
SQL: SHOW COLUMNS FROM `customerstatus` [ RunTime:0.0060s ]
SQL: SHOW COLUMNS FROM `customerrole` [ RunTime:0.0060s ]
SQL: SHOW COLUMNS FROM `customerrank` [ RunTime:0.0050s ]
SQL: SHOW COLUMNS FROM `customerclose` [ RunTime:0.0050s ]
SQL: SHOW COLUMNS FROM `feedbackstatus` [ RunTime:0.0050s ]
SQL: SHOW COLUMNS FROM `feedbackpriority` [ RunTime:0.0050s ]
SQL: SHOW COLUMNS FROM `feedback` [ RunTime:0.0060s ]
SQL: SHOW COLUMNS FROM `employee` [ RunTime:0.0060s ]
SQL: SHOW COLUMNS FROM `paytype` [ RunTime:0.0050s ]
SQL: SHOW COLUMNS FROM `support` [ RunTime:0.0060s ]
SQL: SELECT COUNT(*) AS tp_count FROM feedback F INNER JOIN customer as c on c.CustomerID = F.CustomerID LEFT JOIN employee as e on e.EmployeeId = F.CtmID  WHERE F.DelFlag = 0 ORDER BY F.FeedbackID desc LIMIT 1   [ RunTime:0.0010s ]
SQL: SELECT c.ShortName as CustomerName,e.Name as EmployeeName,F.* FROM feedback F INNER JOIN customer as c on c.CustomerID = F.CustomerID LEFT JOIN employee as e on e.EmployeeId = F.CtmID  WHERE F.DelFlag = 0 ORDER BY F.FeedbackID desc LIMIT 0,10   [ RunTime:0.0010s ]
SQL: SELECT `Name` FROM `employee` WHERE `EmployeeID` = 0 LIMIT 1   [ RunTime:0.0010s ]
SQL: SELECT `Name` FROM `employee` WHERE `EmployeeID` = null LIMIT 1   [ RunTime:0.0010s ]
SQL: SELECT `Name` FROM `employee` WHERE `EmployeeID` = 13 LIMIT 1   [ RunTime:0.0000s ]
SQL: SELECT `FbPriorityName` FROM `feedbackpriority` WHERE `FbPriorityID` = 2 LIMIT 1   [ RunTime:0.0000s ]
SQL: SELECT `Name` FROM `employee` WHERE `EmployeeID` = 0 LIMIT 1   [ RunTime:0.0010s ]
SQL: SELECT `Name` FROM `employee` WHERE `EmployeeID` = null LIMIT 1   [ RunTime:0.0010s ]
SQL: SELECT `FbStatusName` FROM `feedbackstatus` WHERE `FbStatusID` = 5 LIMIT 1   [ RunTime:0.0000s ]
SQL: SELECT `Name` FROM `employee` WHERE `EmployeeID` = 2 LIMIT 1   [ RunTime:0.0000s ]
SQL: SELECT `FbPriorityName` FROM `feedbackpriority` WHERE `FbPriorityID` = 2 LIMIT 1   [ RunTime:0.0010s ]
SQL: SELECT `Name` FROM `employee` WHERE `EmployeeID` = 0 LIMIT 1   [ RunTime:0.0010s ]
SQL: SELECT `Name` FROM `employee` WHERE `EmployeeID` = null LIMIT 1   [ RunTime:0.0010s ]
SQL: SELECT `Name` FROM `employee` WHERE `EmployeeID` = 2 LIMIT 1   [ RunTime:0.0000s ]
SQL: SELECT `FbPriorityName` FROM `feedbackpriority` WHERE `FbPriorityID` = 2 LIMIT 1   [ RunTime:0.0010s ]
SQL: SELECT `Name` FROM `employee` WHERE `EmployeeID` = 14 LIMIT 1   [ RunTime:0.0010s ]
SQL: SELECT `Name` FROM `employee` WHERE `EmployeeID` = null LIMIT 1   [ RunTime:0.0000s ]
SQL: SELECT `FbStatusName` FROM `feedbackstatus` WHERE `FbStatusID` = 5 LIMIT 1   [ RunTime:0.0000s ]
SQL: SELECT `Name` FROM `employee` WHERE `EmployeeID` = 2 LIMIT 1   [ RunTime:0.0010s ]
SQL: SELECT `FbPriorityName` FROM `feedbackpriority` WHERE `FbPriorityID` = 2 LIMIT 1   [ RunTime:0.0010s ]
SQL: SELECT `Name` FROM `employee` WHERE `EmployeeID` = 14 LIMIT 1   [ RunTime:0.0000s ]
SQL: SELECT `Name` FROM `employee` WHERE `EmployeeID` = null LIMIT 1   [ RunTime:0.0000s ]
SQL: SELECT `FbStatusName` FROM `feedbackstatus` WHERE `FbStatusID` = 2 LIMIT 1   [ RunTime:0.0010s ]
SQL: SELECT `Name` FROM `employee` WHERE `EmployeeID` = 2 LIMIT 1   [ RunTime:0.0010s ]
SQL: SELECT `FbPriorityName` FROM `feedbackpriority` WHERE `FbPriorityID` = 2 LIMIT 1   [ RunTime:0.0000s ]
SQL: SELECT `Name` FROM `employee` WHERE `EmployeeID` = 2 LIMIT 1   [ RunTime:0.0000s ]
SQL: SELECT `Name` FROM `employee` WHERE `EmployeeID` = 14 LIMIT 1   [ RunTime:0.0010s ]
SQL: SELECT `FbStatusName` FROM `feedbackstatus` WHERE `FbStatusID` = 2 LIMIT 1   [ RunTime:0.0010s ]
SQL: SELECT `Name` FROM `employee` WHERE `EmployeeID` = 2 LIMIT 1   [ RunTime:0.0000s ]
SQL: SELECT `FbPriorityName` FROM `feedbackpriority` WHERE `FbPriorityID` = 2 LIMIT 1   [ RunTime:0.0010s ]
SQL: SELECT `Name` FROM `employee` WHERE `EmployeeID` = 2 LIMIT 1   [ RunTime:0.0010s ]
SQL: SELECT `Name` FROM `employee` WHERE `EmployeeID` = null LIMIT 1   [ RunTime:0.0010s ]
SQL: SELECT `Name` FROM `employee` WHERE `EmployeeID` = 2 LIMIT 1   [ RunTime:0.0020s ]
SQL: SELECT `FbPriorityName` FROM `feedbackpriority` WHERE `FbPriorityID` = 2 LIMIT 1   [ RunTime:0.0000s ]
SQL: SELECT `Name` FROM `employee` WHERE `EmployeeID` = 2 LIMIT 1   [ RunTime:0.0000s ]
SQL: SELECT `Name` FROM `employee` WHERE `EmployeeID` = 14 LIMIT 1   [ RunTime:0.0010s ]
SQL: SELECT `Name` FROM `employee` WHERE `EmployeeID` = 2 LIMIT 1   [ RunTime:0.0010s ]
SQL: SELECT `FbPriorityName` FROM `feedbackpriority` WHERE `FbPriorityID` = 2 LIMIT 1   [ RunTime:0.0000s ]
SQL: SELECT `Name` FROM `employee` WHERE `EmployeeID` = 2 LIMIT 1   [ RunTime:0.0000s ]
SQL: SELECT `Name` FROM `employee` WHERE `EmployeeID` = 14 LIMIT 1   [ RunTime:0.0010s ]
SQL: SELECT `Name` FROM `employee` WHERE `EmployeeID` = 2 LIMIT 1   [ RunTime:0.0010s ]
SQL: SELECT `FbPriorityName` FROM `feedbackpriority` WHERE `FbPriorityID` = 1 LIMIT 1   [ RunTime:0.0000s ]
SQL: SELECT `Name` FROM `employee` WHERE `EmployeeID` = 2 LIMIT 1   [ RunTime:0.0000s ]
SQL: SELECT `Name` FROM `employee` WHERE `EmployeeID` = 14 LIMIT 1   [ RunTime:0.0010s ]
SQL: SELECT `Name` FROM `employee` WHERE `EmployeeID` = 2 LIMIT 1   [ RunTime:0.0010s ]
SQL: SELECT `FbPriorityName` FROM `feedbackpriority` WHERE `FbPriorityID` = 2 LIMIT 1   [ RunTime:0.0000s ]
INFO: [ app_end ] --START--
INFO: Run Behavior\ShowPageTraceBehavior [ RunTime:0.000000s ]
INFO: [ app_end ] --END-- [ RunTime:0.000000s ]

[ 2016-06-13T11:49:43+08:00 ] 127.0.0.1 /admin/Market/contract
INFO: [ app_init ] --START--
INFO: Run Behavior\BuildLiteBehavior [ RunTime:0.000000s ]
INFO: [ app_init ] --END-- [ RunTime:0.000000s ]
INFO: [ app_begin ] --START--
INFO: Run Behavior\ReadHtmlCacheBehavior [ RunTime:0.001000s ]
INFO: [ app_begin ] --END-- [ RunTime:0.001000s ]
SQL: SHOW COLUMNS FROM `config` [ RunTime:0.0060s ]
SQL: SELECT * FROM `config`  [ RunTime:0.0010s ]
SQL: SHOW COLUMNS FROM `menu` [ RunTime:0.0060s ]
SQL: SELECT * FROM `menu` WHERE `ShowType` = 0 ORDER BY Sort  [ RunTime:0.0020s ]
SQL: SHOW COLUMNS FROM `market` [ RunTime:0.0070s ]
SQL: SHOW COLUMNS FROM `contract` [ RunTime:0.0080s ]
SQL: SHOW COLUMNS FROM `contracttype` [ RunTime:0.0070s ]
SQL: SHOW COLUMNS FROM `employee` [ RunTime:0.0070s ]
SQL: SHOW COLUMNS FROM `customer` [ RunTime:0.0080s ]
SQL: SHOW COLUMNS FROM `product` [ RunTime:0.0070s ]
SQL: SHOW COLUMNS FROM `paytype` [ RunTime:0.0060s ]
INFO: [ view_parse ] --START--
NOTIC: [2] file_get_contents(../Application/Admin/View/Huge/Public/footer.html) [<a href='function.file-get-contents'>function.file-get-contents</a>]: failed to open stream: No such file or directory E:\WWW\crm\ThinkPHP\Library\Think\Template.class.php 第 696 行.
INFO: [ template_filter ] --START--
INFO: Run Behavior\ContentReplaceBehavior [ RunTime:0.001000s ]
INFO: [ template_filter ] --END-- [ RunTime:0.001000s ]
INFO: Run Behavior\ParseTemplateBehavior [ RunTime:0.023001s ]
INFO: [ view_parse ] --END-- [ RunTime:0.023001s ]
INFO: [ view_filter ] --START--
INFO: Run Behavior\WriteHtmlCacheBehavior [ RunTime:0.001000s ]
INFO: [ view_filter ] --END-- [ RunTime:0.001000s ]
INFO: [ app_end ] --START--
INFO: Run Behavior\ShowPageTraceBehavior [ RunTime:0.001000s ]
INFO: [ app_end ] --END-- [ RunTime:0.001000s ]

[ 2016-06-13T11:49:43+08:00 ] 127.0.0.1 /admin/Market/loadContract?sort=SignTime&order=desc&limit=10&offset=0
INFO: [ app_init ] --START--
INFO: Run Behavior\BuildLiteBehavior [ RunTime:0.000000s ]
INFO: [ app_init ] --END-- [ RunTime:0.000000s ]
INFO: [ app_begin ] --START--
INFO: Run Behavior\ReadHtmlCacheBehavior [ RunTime:0.000000s ]
INFO: [ app_begin ] --END-- [ RunTime:0.000000s ]
SQL: SHOW COLUMNS FROM `config` [ RunTime:0.0060s ]
SQL: SELECT * FROM `config`  [ RunTime:0.0020s ]
SQL: SHOW COLUMNS FROM `menu` [ RunTime:0.0060s ]
SQL: SELECT * FROM `menu` WHERE `ShowType` = 0 ORDER BY Sort  [ RunTime:0.0020s ]
SQL: SHOW COLUMNS FROM `market` [ RunTime:0.0060s ]
SQL: SHOW COLUMNS FROM `contract` [ RunTime:0.0070s ]
SQL: SHOW COLUMNS FROM `contracttype` [ RunTime:0.0060s ]
SQL: SHOW COLUMNS FROM `employee` [ RunTime:0.0060s ]
SQL: SHOW COLUMNS FROM `customer` [ RunTime:0.0060s ]
SQL: SHOW COLUMNS FROM `product` [ RunTime:0.0050s ]
SQL: SHOW COLUMNS FROM `paytype` [ RunTime:0.0060s ]
SQL: SELECT COUNT(*) AS tp_count FROM `contract` WHERE `DelFlag` = 0 ORDER BY SignTime desc LIMIT 1   [ RunTime:0.0010s ]
SQL: SELECT * FROM `contract` WHERE `DelFlag` = 0 ORDER BY SignTime desc LIMIT 0,10   [ RunTime:0.0020s ]
SQL: SELECT `Name` FROM `employee` WHERE `EmployeeID` = 2 LIMIT 1   [ RunTime:0.0010s ]
SQL: SELECT `ProductName` FROM `product` WHERE `ProductID` = null LIMIT 1   [ RunTime:0.0010s ]
SQL: SELECT `CttTypeName` FROM `contracttype` WHERE `CttTypeID` = 1 LIMIT 1   [ RunTime:0.0010s ]
SQL: SELECT `ShortName` FROM `customer` WHERE `Identifier` = '350500000021' AND `DelFlag` = 0 LIMIT 1   [ RunTime:0.0010s ]
SQL: SELECT `Name` FROM `employee` WHERE `EmployeeID` = 2 LIMIT 1   [ RunTime:0.0010s ]
SQL: SELECT `ProductName` FROM `product` WHERE `ProductID` = 1 LIMIT 1   [ RunTime:0.0010s ]
SQL: SELECT `CttTypeName` FROM `contracttype` WHERE `CttTypeID` = 1 LIMIT 1   [ RunTime:0.0010s ]
SQL: SELECT `ShortName` FROM `customer` WHERE `Identifier` = '350500000005' AND `DelFlag` = 0 LIMIT 1   [ RunTime:0.0010s ]
SQL: SELECT `Name` FROM `employee` WHERE `EmployeeID` = 2 LIMIT 1   [ RunTime:0.0010s ]
SQL: SELECT `ProductName` FROM `product` WHERE `ProductID` = 1 LIMIT 1   [ RunTime:0.0010s ]
SQL: SELECT `CttTypeName` FROM `contracttype` WHERE `CttTypeID` = 0 LIMIT 1   [ RunTime:0.0010s ]
SQL: SELECT `ShortName` FROM `customer` WHERE `Identifier` = '350500000024' AND `DelFlag` = 0 LIMIT 1   [ RunTime:0.0010s ]
SQL: SELECT `Name` FROM `employee` WHERE `EmployeeID` = 2 LIMIT 1   [ RunTime:0.0010s ]
SQL: SELECT `ProductName` FROM `product` WHERE `ProductID` = 1 LIMIT 1   [ RunTime:0.0010s ]
SQL: SELECT `CttTypeName` FROM `contracttype` WHERE `CttTypeID` = 1 LIMIT 1   [ RunTime:0.0010s ]
SQL: SELECT `ShortName` FROM `customer` WHERE `Identifier` = '350500000022' AND `DelFlag` = 0 LIMIT 1   [ RunTime:0.0010s ]
SQL: SELECT `Name` FROM `employee` WHERE `EmployeeID` = 2 LIMIT 1   [ RunTime:0.0010s ]
SQL: SELECT `ProductName` FROM `product` WHERE `ProductID` = 1 LIMIT 1   [ RunTime:0.0010s ]
SQL: SELECT `CttTypeName` FROM `contracttype` WHERE `CttTypeID` = 1 LIMIT 1   [ RunTime:0.0010s ]
SQL: SELECT `ShortName` FROM `customer` WHERE `Identifier` = '350500000005' AND `DelFlag` = 0 LIMIT 1   [ RunTime:0.0010s ]
SQL: SELECT `Name` FROM `employee` WHERE `EmployeeID` = 2 LIMIT 1   [ RunTime:0.0020s ]
SQL: SELECT `ProductName` FROM `product` WHERE `ProductID` = 1 LIMIT 1   [ RunTime:0.0010s ]
SQL: SELECT `CttTypeName` FROM `contracttype` WHERE `CttTypeID` = 1 LIMIT 1   [ RunTime:0.0010s ]
SQL: SELECT `ShortName` FROM `customer` WHERE `Identifier` = '350500000008' AND `DelFlag` = 0 LIMIT 1   [ RunTime:0.0010s ]
SQL: SELECT `Name` FROM `employee` WHERE `EmployeeID` = 2 LIMIT 1   [ RunTime:0.0010s ]
SQL: SELECT `ProductName` FROM `product` WHERE `ProductID` = 1 LIMIT 1   [ RunTime:0.0010s ]
SQL: SELECT `CttTypeName` FROM `contracttype` WHERE `CttTypeID` = 1 LIMIT 1   [ RunTime:0.0010s ]
SQL: SELECT `ShortName` FROM `customer` WHERE `Identifier` = '350500000008' AND `DelFlag` = 0 LIMIT 1   [ RunTime:0.0010s ]
SQL: SELECT `Name` FROM `employee` WHERE `EmployeeID` = 2 LIMIT 1   [ RunTime:0.0010s ]
SQL: SELECT `ProductName` FROM `product` WHERE `ProductID` = 1 LIMIT 1   [ RunTime:0.0010s ]
SQL: SELECT `CttTypeName` FROM `contracttype` WHERE `CttTypeID` = 1 LIMIT 1   [ RunTime:0.0010s ]
SQL: SELECT `ShortName` FROM `customer` WHERE `Identifier` = '350500000008' AND `DelFlag` = 0 LIMIT 1   [ RunTime:0.0010s ]
SQL: SELECT `Name` FROM `employee` WHERE `EmployeeID` = 2 LIMIT 1   [ RunTime:0.0010s ]
SQL: SELECT `ProductName` FROM `product` WHERE `ProductID` = 1 LIMIT 1   [ RunTime:0.0020s ]
SQL: SELECT `CttTypeName` FROM `contracttype` WHERE `CttTypeID` = 1 LIMIT 1   [ RunTime:0.0010s ]
SQL: SELECT `ShortName` FROM `customer` WHERE `Identifier` = '350500000006' AND `DelFlag` = 0 LIMIT 1   [ RunTime:0.0010s ]
SQL: SELECT `Name` FROM `employee` WHERE `EmployeeID` = 2 LIMIT 1   [ RunTime:0.0010s ]
SQL: SELECT `ProductName` FROM `product` WHERE `ProductID` = 1 LIMIT 1   [ RunTime:0.0010s ]
SQL: SELECT `CttTypeName` FROM `contracttype` WHERE `CttTypeID` = 1 LIMIT 1   [ RunTime:0.0010s ]
SQL: SELECT `ShortName` FROM `customer` WHERE `Identifier` = '350500000021' AND `DelFlag` = 0 LIMIT 1   [ RunTime:0.0010s ]
INFO: [ app_end ] --START--
INFO: Run Behavior\ShowPageTraceBehavior [ RunTime:0.001000s ]
INFO: [ app_end ] --END-- [ RunTime:0.002001s ]

[ 2016-06-13T11:49:45+08:00 ] 127.0.0.1 /admin/Market/addContract
INFO: [ app_init ] --START--
INFO: Run Behavior\BuildLiteBehavior [ RunTime:0.000000s ]
INFO: [ app_init ] --END-- [ RunTime:0.001000s ]
INFO: [ app_begin ] --START--
INFO: Run Behavior\ReadHtmlCacheBehavior [ RunTime:0.000000s ]
INFO: [ app_begin ] --END-- [ RunTime:0.001000s ]
SQL: SHOW COLUMNS FROM `config` [ RunTime:0.0070s ]
SQL: SELECT * FROM `config`  [ RunTime:0.0010s ]
SQL: SHOW COLUMNS FROM `menu` [ RunTime:0.0070s ]
SQL: SELECT * FROM `menu` WHERE `ShowType` = 0 ORDER BY Sort  [ RunTime:0.0010s ]
SQL: SHOW COLUMNS FROM `market` [ RunTime:0.0060s ]
SQL: SHOW COLUMNS FROM `contract` [ RunTime:0.0070s ]
SQL: SHOW COLUMNS FROM `contracttype` [ RunTime:0.0060s ]
SQL: SHOW COLUMNS FROM `employee` [ RunTime:0.0070s ]
SQL: SHOW COLUMNS FROM `customer` [ RunTime:0.0070s ]
SQL: SHOW COLUMNS FROM `product` [ RunTime:0.0070s ]
SQL: SHOW COLUMNS FROM `paytype` [ RunTime:0.0060s ]
SQL: SELECT `Identifier`,`FullName` FROM `customer` WHERE `DelFlag` = 0  [ RunTime:0.0020s ]
SQL: SELECT `CttTypeID`,`CttTypeName` FROM `contracttype` WHERE `DelFlag` = 0  [ RunTime:0.0010s ]
SQL: SELECT `ProductID`,`ProductName` FROM `product` WHERE `DelFlag` = 0  [ RunTime:0.0010s ]
SQL: SELECT `PayID`,`PayName` FROM `paytype` WHERE `DelFlag` = 0  [ RunTime:0.0010s ]
INFO: [ view_parse ] --START--
NOTIC: [2] file_get_contents(../Application/Admin/View/Huge/Public/footer.html) [<a href='function.file-get-contents'>function.file-get-contents</a>]: failed to open stream: No such file or directory E:\WWW\crm\ThinkPHP\Library\Think\Template.class.php 第 696 行.
INFO: [ template_filter ] --START--
INFO: Run Behavior\ContentReplaceBehavior [ RunTime:0.000000s ]
INFO: [ template_filter ] --END-- [ RunTime:0.000000s ]
NOTIC: [8] Undefined variable: info E:\WWW\crm\Runtime\Cache\Admin\98cd070d225f58600892abc538c48b3a.php 第 69 行.
NOTIC: [8] Use of undefined constant Identifier - assumed 'Identifier' E:\WWW\crm\Runtime\Cache\Admin\98cd070d225f58600892abc538c48b3a.php 第 74 行.
NOTIC: [8] Undefined variable: info E:\WWW\crm\Runtime\Cache\Admin\98cd070d225f58600892abc538c48b3a.php 第 74 行.
NOTIC: [8] Undefined variable: info E:\WWW\crm\Runtime\Cache\Admin\98cd070d225f58600892abc538c48b3a.php 第 75 行.
NOTIC: [8] Undefined index: checked E:\WWW\crm\Runtime\Cache\Admin\98cd070d225f58600892abc538c48b3a.php 第 84 行.
NOTIC: [8] Undefined index: checked E:\WWW\crm\Runtime\Cache\Admin\98cd070d225f58600892abc538c48b3a.php 第 84 行.
NOTIC: [8] Use of undefined constant CttTypeID - assumed 'CttTypeID' E:\WWW\crm\Runtime\Cache\Admin\98cd070d225f58600892abc538c48b3a.php 第 90 行.
NOTIC: [8] Undefined variable: info E:\WWW\crm\Runtime\Cache\Admin\98cd070d225f58600892abc538c48b3a.php 第 90 行.
NOTIC: [8] Use of undefined constant PayTypeID - assumed 'PayTypeID' E:\WWW\crm\Runtime\Cache\Admin\98cd070d225f58600892abc538c48b3a.php 第 94 行.
NOTIC: [8] Undefined variable: info E:\WWW\crm\Runtime\Cache\Admin\98cd070d225f58600892abc538c48b3a.php 第 94 行.
NOTIC: [8] Undefined variable: info E:\WWW\crm\Runtime\Cache\Admin\98cd070d225f58600892abc538c48b3a.php 第 100 行.
NOTIC: [8] Undefined variable: info E:\WWW\crm\Runtime\Cache\Admin\98cd070d225f58600892abc538c48b3a.php 第 104 行.
NOTIC: [8] Undefined variable: info E:\WWW\crm\Runtime\Cache\Admin\98cd070d225f58600892abc538c48b3a.php 第 112 行.
NOTIC: [8] Undefined variable: info E:\WWW\crm\Runtime\Cache\Admin\98cd070d225f58600892abc538c48b3a.php 第 116 行.
NOTIC: [8] Undefined variable: info E:\WWW\crm\Runtime\Cache\Admin\98cd070d225f58600892abc538c48b3a.php 第 123 行.
NOTIC: [8] Undefined variable: info E:\WWW\crm\Runtime\Cache\Admin\98cd070d225f58600892abc538c48b3a.php 第 127 行.
NOTIC: [8] Undefined variable: info E:\WWW\crm\Runtime\Cache\Admin\98cd070d225f58600892abc538c48b3a.php 第 134 行.
NOTIC: [8] Undefined variable: info E:\WWW\crm\Runtime\Cache\Admin\98cd070d225f58600892abc538c48b3a.php 第 138 行.
NOTIC: [8] Undefined variable: info E:\WWW\crm\Runtime\Cache\Admin\98cd070d225f58600892abc538c48b3a.php 第 145 行.
NOTIC: [8] Undefined variable: info E:\WWW\crm\Runtime\Cache\Admin\98cd070d225f58600892abc538c48b3a.php 第 149 行.
NOTIC: [8] Undefined variable: info E:\WWW\crm\Runtime\Cache\Admin\98cd070d225f58600892abc538c48b3a.php 第 155 行.
NOTIC: [8] Undefined variable: info E:\WWW\crm\Runtime\Cache\Admin\98cd070d225f58600892abc538c48b3a.php 第 159 行.
NOTIC: [8] Undefined variable: info E:\WWW\crm\Runtime\Cache\Admin\98cd070d225f58600892abc538c48b3a.php 第 165 行.
NOTIC: [8] Undefined variable: info E:\WWW\crm\Runtime\Cache\Admin\98cd070d225f58600892abc538c48b3a.php 第 169 行.
NOTIC: [8] Undefined variable: info E:\WWW\crm\Runtime\Cache\Admin\98cd070d225f58600892abc538c48b3a.php 第 175 行.
NOTIC: [8] Undefined variable: info E:\WWW\crm\Runtime\Cache\Admin\98cd070d225f58600892abc538c48b3a.php 第 179 行.
NOTIC: [8] Undefined variable: info E:\WWW\crm\Runtime\Cache\Admin\98cd070d225f58600892abc538c48b3a.php 第 193 行.
NOTIC: [8] Undefined variable: info E:\WWW\crm\Runtime\Cache\Admin\98cd070d225f58600892abc538c48b3a.php 第 196 行.
INFO: Run Behavior\ParseTemplateBehavior [ RunTime:0.050003s ]
INFO: [ view_parse ] --END-- [ RunTime:0.050003s ]
INFO: [ view_filter ] --START--
INFO: Run Behavior\WriteHtmlCacheBehavior [ RunTime:0.001000s ]
INFO: [ view_filter ] --END-- [ RunTime:0.001000s ]
INFO: [ app_end ] --START--
INFO: Run Behavior\ShowPageTraceBehavior [ RunTime:0.002000s ]
INFO: [ app_end ] --END-- [ RunTime:0.002000s ]

[ 2016-06-13T11:49:45+08:00 ] 127.0.0.1 /admin/Market/
INFO: [ app_init ] --START--
INFO: Run Behavior\BuildLiteBehavior [ RunTime:0.000000s ]
INFO: [ app_init ] --END-- [ RunTime:0.000000s ]
INFO: [ app_begin ] --START--
INFO: Run Behavior\ReadHtmlCacheBehavior [ RunTime:0.001000s ]
INFO: [ app_begin ] --END-- [ RunTime:0.001000s ]
SQL: SHOW COLUMNS FROM `config` [ RunTime:0.0070s ]
SQL: SELECT * FROM `config`  [ RunTime:0.0010s ]
SQL: SHOW COLUMNS FROM `menu` [ RunTime:0.0070s ]
SQL: SELECT * FROM `menu` WHERE `ShowType` = 0 ORDER BY Sort  [ RunTime:0.0010s ]
SQL: SHOW COLUMNS FROM `market` [ RunTime:0.0070s ]
SQL: SHOW COLUMNS FROM `contract` [ RunTime:0.0070s ]
SQL: SHOW COLUMNS FROM `contracttype` [ RunTime:0.0070s ]
SQL: SHOW COLUMNS FROM `employee` [ RunTime:0.0070s ]
SQL: SHOW COLUMNS FROM `customer` [ RunTime:0.0070s ]
SQL: SHOW COLUMNS FROM `product` [ RunTime:0.0060s ]
SQL: SHOW COLUMNS FROM `paytype` [ RunTime:0.0060s ]
INFO: [ view_parse ] --START--
NOTIC: [2] file_get_contents(../Application/Admin/View/Huge/Public/footer.html) [<a href='function.file-get-contents'>function.file-get-contents</a>]: failed to open stream: No such file or directory E:\WWW\crm\ThinkPHP\Library\Think\Template.class.php 第 696 行.
INFO: [ template_filter ] --START--
INFO: Run Behavior\ContentReplaceBehavior [ RunTime:0.000000s ]
INFO: [ template_filter ] --END-- [ RunTime:0.000000s ]
INFO: Run Behavior\ParseTemplateBehavior [ RunTime:0.036002s ]
INFO: [ view_parse ] --END-- [ RunTime:0.036002s ]
INFO: [ view_filter ] --START--
INFO: Run Behavior\WriteHtmlCacheBehavior [ RunTime:0.000000s ]
INFO: [ view_filter ] --END-- [ RunTime:0.000000s ]
INFO: [ app_end ] --START--
INFO: Run Behavior\ShowPageTraceBehavior [ RunTime:0.001000s ]
INFO: [ app_end ] --END-- [ RunTime:0.001000s ]

[ 2016-06-13T11:49:47+08:00 ] 127.0.0.1 /admin/Common/getALLCustomer?q=&limit=10&timestamp=1465789787554
INFO: [ app_init ] --START--
INFO: Run Behavior\BuildLiteBehavior [ RunTime:0.000000s ]
INFO: [ app_init ] --END-- [ RunTime:0.001001s ]
INFO: [ app_begin ] --START--
INFO: Run Behavior\ReadHtmlCacheBehavior [ RunTime:0.000000s ]
INFO: [ app_begin ] --END-- [ RunTime:0.001000s ]
SQL: SHOW COLUMNS FROM `config` [ RunTime:0.0060s ]
SQL: SELECT * FROM `config`  [ RunTime:0.0010s ]
SQL: SHOW COLUMNS FROM `menu` [ RunTime:0.0070s ]
SQL: SELECT * FROM `menu` WHERE `ShowType` = 0 ORDER BY Sort  [ RunTime:0.0010s ]
SQL: SHOW COLUMNS FROM `customer` [ RunTime:0.0070s ]
SQL: SELECT `ShortName` FROM `customer` WHERE `ShortName` LIKE '%%' AND `DelFlag` = 0 AND `Status` = 0 ORDER BY ShortName LIMIT 10   [ RunTime:0.0010s ]
INFO: [ app_end ] --START--
INFO: Run Behavior\ShowPageTraceBehavior [ RunTime:0.002001s ]
INFO: [ app_end ] --END-- [ RunTime:0.002001s ]

[ 2016-06-13T11:49:49+08:00 ] 127.0.0.1 /admin/Customer/customer
INFO: [ app_init ] --START--
INFO: Run Behavior\BuildLiteBehavior [ RunTime:0.000000s ]
INFO: [ app_init ] --END-- [ RunTime:0.001000s ]
INFO: [ app_begin ] --START--
INFO: Run Behavior\ReadHtmlCacheBehavior [ RunTime:0.000000s ]
INFO: [ app_begin ] --END-- [ RunTime:0.000000s ]
SQL: SHOW COLUMNS FROM `config` [ RunTime:0.0070s ]
SQL: SELECT * FROM `config`  [ RunTime:0.0010s ]
SQL: SHOW COLUMNS FROM `menu` [ RunTime:0.0070s ]
SQL: SELECT * FROM `menu` WHERE `ShowType` = 0 ORDER BY Sort  [ RunTime:0.0020s ]
SQL: SHOW COLUMNS FROM `customer` [ RunTime:0.0080s ]
SQL: SHOW COLUMNS FROM `customerstatus` [ RunTime:0.0060s ]
SQL: SHOW COLUMNS FROM `customerrole` [ RunTime:0.0060s ]
SQL: SHOW COLUMNS FROM `customerrank` [ RunTime:0.0060s ]
SQL: SHOW COLUMNS FROM `customerclose` [ RunTime:0.0060s ]
SQL: SHOW COLUMNS FROM `feedbackstatus` [ RunTime:0.0060s ]
SQL: SHOW COLUMNS FROM `feedbackpriority` [ RunTime:0.0060s ]
SQL: SHOW COLUMNS FROM `feedback` [ RunTime:0.0070s ]
SQL: SHOW COLUMNS FROM `employee` [ RunTime:0.0070s ]
SQL: SHOW COLUMNS FROM `paytype` [ RunTime:0.0070s ]
SQL: SHOW COLUMNS FROM `support` [ RunTime:0.0070s ]
SQL: SELECT `CtmStatusID`,`CtmStatusName` FROM `customerstatus` WHERE `DelFlag` = 0  [ RunTime:0.0010s ]
SQL: SELECT `CtmRankID`,`CtmRankName` FROM `customerrank` WHERE `DelFlag` = 0  [ RunTime:0.0010s ]
INFO: [ view_parse ] --START--
NOTIC: [2] file_get_contents(../Application/Admin/View/Huge/Public/footer.html) [<a href='function.file-get-contents'>function.file-get-contents</a>]: failed to open stream: No such file or directory E:\WWW\crm\ThinkPHP\Library\Think\Template.class.php 第 696 行.
INFO: [ template_filter ] --START--
INFO: Run Behavior\ContentReplaceBehavior [ RunTime:0.001000s ]
INFO: [ template_filter ] --END-- [ RunTime:0.001000s ]
INFO: Run Behavior\ParseTemplateBehavior [ RunTime:0.056003s ]
INFO: [ view_parse ] --END-- [ RunTime:0.056003s ]
INFO: [ view_filter ] --START--
INFO: Run Behavior\WriteHtmlCacheBehavior [ RunTime:0.001000s ]
INFO: [ view_filter ] --END-- [ RunTime:0.001000s ]
INFO: [ app_end ] --START--
INFO: Run Behavior\ShowPageTraceBehavior [ RunTime:0.002000s ]
INFO: [ app_end ] --END-- [ RunTime:0.002000s ]

[ 2016-06-13T11:49:50+08:00 ] 127.0.0.1 /admin/Customer/loadCustomer?sort=CreateTime&order=asc&limit=10&offset=0
INFO: [ app_init ] --START--
INFO: Run Behavior\BuildLiteBehavior [ RunTime:0.000000s ]
INFO: [ app_init ] --END-- [ RunTime:0.000000s ]
INFO: [ app_begin ] --START--
INFO: Run Behavior\ReadHtmlCacheBehavior [ RunTime:0.001000s ]
INFO: [ app_begin ] --END-- [ RunTime:0.001000s ]
SQL: SHOW COLUMNS FROM `config` [ RunTime:0.0260s ]
SQL: SELECT * FROM `config`  [ RunTime:0.0010s ]
SQL: SHOW COLUMNS FROM `menu` [ RunTime:0.0060s ]
SQL: SELECT * FROM `menu` WHERE `ShowType` = 0 ORDER BY Sort  [ RunTime:0.0020s ]
SQL: SHOW COLUMNS FROM `customer` [ RunTime:0.0080s ]
SQL: SHOW COLUMNS FROM `customerstatus` [ RunTime:0.0060s ]
SQL: SHOW COLUMNS FROM `customerrole` [ RunTime:0.0070s ]
SQL: SHOW COLUMNS FROM `customerrank` [ RunTime:0.0060s ]
SQL: SHOW COLUMNS FROM `customerclose` [ RunTime:0.0060s ]
SQL: SHOW COLUMNS FROM `feedbackstatus` [ RunTime:0.0060s ]
SQL: SHOW COLUMNS FROM `feedbackpriority` [ RunTime:0.0050s ]
SQL: SHOW COLUMNS FROM `feedback` [ RunTime:0.0070s ]
SQL: SHOW COLUMNS FROM `employee` [ RunTime:0.0070s ]
SQL: SHOW COLUMNS FROM `paytype` [ RunTime:0.0060s ]
SQL: SHOW COLUMNS FROM `support` [ RunTime:0.0070s ]
SQL: SELECT C.*,S.CtmStatusName,K.CtmRankName,R.CtmRoleName FROM customer C left JOIN customerstatus S on S.CtmStatusID = C.CtmStatusID left JOIN customerrank K on K.CtmRankID = C.CtmRankID left JOIN customerrole R on R.CtmRoleID = C.CtmRoleID left JOIN employee E on E.EmployeeID = C.DeveloperID  WHERE C.DelFlag = 0 ORDER BY C.CreateTime asc LIMIT 0,10   [ RunTime:0.0020s ]
SQL: SELECT COUNT(*) AS tp_count FROM customer C left JOIN customerstatus S on S.CtmStatusID = C.CtmStatusID left JOIN customerrank K on K.CtmRankID = C.CtmRankID left JOIN customerrole R on R.CtmRoleID = C.CtmRoleID left JOIN employee E on E.EmployeeID = C.DeveloperID  WHERE C.DelFlag = 0 ORDER BY C.CreateTime asc LIMIT 1   [ RunTime:0.0010s ]
SQL: SHOW COLUMNS FROM `contract` [ RunTime:0.0070s ]
SQL: SELECT `CttProductID` FROM `contract` WHERE `Identifier` = '350500000002' LIMIT 1   [ RunTime:0.0010s ]
SQL: SHOW COLUMNS FROM `product` [ RunTime:0.0060s ]
SQL: SELECT `ProductName` FROM `product` WHERE `ProductID` IN ('1','2')  [ RunTime:0.0010s ]
SQL: SELECT `Name` FROM `employee` WHERE `EmployeeID` = 15 LIMIT 1   [ RunTime:0.0010s ]
SQL: SELECT `CttProductID` FROM `contract` WHERE `Identifier` = '350500000002' LIMIT 1   [ RunTime:0.0010s ]
SQL: SELECT `ProductName` FROM `product` WHERE `ProductID` IN ('1','2')  [ RunTime:0.0020s ]
SQL: SELECT `CttProductID` FROM `contract` WHERE `Identifier` = null LIMIT 1   [ RunTime:0.0010s ]
SQL: SELECT `CttProductID` FROM `contract` WHERE `Identifier` = '350500000004' LIMIT 1   [ RunTime:0.0020s ]
SQL: SELECT `Name` FROM `employee` WHERE `EmployeeID` = 15 LIMIT 1   [ RunTime:0.0010s ]
SQL: SELECT `CttProductID` FROM `contract` WHERE `Identifier` = '350500000005' LIMIT 1   [ RunTime:0.0020s ]
SQL: SELECT `ProductName` FROM `product` WHERE `ProductID` IN ('1','2')  [ RunTime:0.0010s ]
SQL: SELECT `Name` FROM `employee` WHERE `EmployeeID` = 15 LIMIT 1   [ RunTime:0.0020s ]
SQL: SELECT `CttProductID` FROM `contract` WHERE `Identifier` = '350500000006' LIMIT 1   [ RunTime:0.0010s ]
SQL: SELECT `ProductName` FROM `product` WHERE `ProductID` IN ('1','2')  [ RunTime:0.0020s ]
SQL: SELECT `Name` FROM `employee` WHERE `EmployeeID` = 15 LIMIT 1   [ RunTime:0.0010s ]
SQL: SELECT `CttProductID` FROM `contract` WHERE `Identifier` = '350500000007' LIMIT 1   [ RunTime:0.0020s ]
SQL: SELECT `Name` FROM `employee` WHERE `EmployeeID` = 15 LIMIT 1   [ RunTime:0.0010s ]
SQL: SELECT `CttProductID` FROM `contract` WHERE `Identifier` = '350500000008' LIMIT 1   [ RunTime:0.0020s ]
SQL: SELECT `ProductName` FROM `product` WHERE `ProductID` IN ('1')  [ RunTime:0.0010s ]
SQL: SELECT `Name` FROM `employee` WHERE `EmployeeID` = 15 LIMIT 1   [ RunTime:0.0010s ]
SQL: SELECT `CttProductID` FROM `contract` WHERE `Identifier` = '350500000016' LIMIT 1   [ RunTime:0.0010s ]
SQL: SELECT `CttProductID` FROM `contract` WHERE `Identifier` = '350500000017' LIMIT 1   [ RunTime:0.0010s ]
INFO: [ app_end ] --START--
INFO: Run Behavior\ShowPageTraceBehavior [ RunTime:0.001000s ]
INFO: [ app_end ] --END-- [ RunTime:0.001000s ]

[ 2016-06-13T11:49:51+08:00 ] 127.0.0.1 /admin/Customer/addCustomer
INFO: [ app_init ] --START--
INFO: Run Behavior\BuildLiteBehavior [ RunTime:0.000000s ]
INFO: [ app_init ] --END-- [ RunTime:0.001000s ]
INFO: [ app_begin ] --START--
INFO: Run Behavior\ReadHtmlCacheBehavior [ RunTime:0.001000s ]
INFO: [ app_begin ] --END-- [ RunTime:0.001000s ]
SQL: SHOW COLUMNS FROM `config` [ RunTime:0.0070s ]
SQL: SELECT * FROM `config`  [ RunTime:0.0010s ]
SQL: SHOW COLUMNS FROM `menu` [ RunTime:0.0070s ]
SQL: SELECT * FROM `menu` WHERE `ShowType` = 0 ORDER BY Sort  [ RunTime:0.0020s ]
SQL: SHOW COLUMNS FROM `customer` [ RunTime:0.0070s ]
SQL: SHOW COLUMNS FROM `customerstatus` [ RunTime:0.0060s ]
SQL: SHOW COLUMNS FROM `customerrole` [ RunTime:0.0050s ]
SQL: SHOW COLUMNS FROM `customerrank` [ RunTime:0.0060s ]
SQL: SHOW COLUMNS FROM `customerclose` [ RunTime:0.0060s ]
SQL: SHOW COLUMNS FROM `feedbackstatus` [ RunTime:0.0060s ]
SQL: SHOW COLUMNS FROM `feedbackpriority` [ RunTime:0.0060s ]
SQL: SHOW COLUMNS FROM `feedback` [ RunTime:0.0070s ]
SQL: SHOW COLUMNS FROM `employee` [ RunTime:0.0080s ]
SQL: SHOW COLUMNS FROM `paytype` [ RunTime:0.0060s ]
SQL: SHOW COLUMNS FROM `support` [ RunTime:0.0070s ]
SQL: SELECT `CtmStatusID`,`CtmStatusName` FROM `customerstatus` WHERE `DelFlag` = 0  [ RunTime:0.0010s ]
SQL: SELECT `CtmRoleID`,`CtmRoleName` FROM `customerrole` WHERE `DelFlag` = 0  [ RunTime:0.0010s ]
SQL: SELECT `CtmRankID`,`CtmRankName` FROM `customerrank` WHERE `DelFlag` = 0  [ RunTime:0.0010s ]
SQL: SELECT `CtmCloseID`,`CtmCloseName` FROM `customerclose` WHERE `DelFlag` = 0  [ RunTime:0.0010s ]
INFO: [ view_parse ] --START--
INFO: [ template_filter ] --START--
INFO: Run Behavior\ContentReplaceBehavior [ RunTime:0.000000s ]
INFO: [ template_filter ] --END-- [ RunTime:0.000000s ]
NOTIC: [8] Undefined variable: info E:\WWW\crm\Runtime\Cache\Admin\0b0841c2c660d8a67360906f0a36c464.php 第 7 行.
NOTIC: [8] Undefined variable: info E:\WWW\crm\Runtime\Cache\Admin\0b0841c2c660d8a67360906f0a36c464.php 第 12 行.
NOTIC: [8] Undefined variable: info E:\WWW\crm\Runtime\Cache\Admin\0b0841c2c660d8a67360906f0a36c464.php 第 18 行.
NOTIC: [8] Use of undefined constant CtmCloseID - assumed 'CtmCloseID' E:\WWW\crm\Runtime\Cache\Admin\0b0841c2c660d8a67360906f0a36c464.php 第 22 行.
NOTIC: [8] Undefined variable: info E:\WWW\crm\Runtime\Cache\Admin\0b0841c2c660d8a67360906f0a36c464.php 第 22 行.
NOTIC: [8] Use of undefined constant co - assumed 'co' E:\WWW\crm\Runtime\Cache\Admin\0b0841c2c660d8a67360906f0a36c464.php 第 22 行.
NOTIC: [8] Undefined variable: info E:\WWW\crm\Runtime\Cache\Admin\0b0841c2c660d8a67360906f0a36c464.php 第 30 行.
NOTIC: [8] Undefined variable: info E:\WWW\crm\Runtime\Cache\Admin\0b0841c2c660d8a67360906f0a36c464.php 第 36 行.
NOTIC: [8] Undefined variable: info E:\WWW\crm\Runtime\Cache\Admin\0b0841c2c660d8a67360906f0a36c464.php 第 43 行.
NOTIC: [8] Use of undefined constant CtmStatusID - assumed 'CtmStatusID' E:\WWW\crm\Runtime\Cache\Admin\0b0841c2c660d8a67360906f0a36c464.php 第 47 行.
NOTIC: [8] Undefined variable: info E:\WWW\crm\Runtime\Cache\Admin\0b0841c2c660d8a67360906f0a36c464.php 第 47 行.
NOTIC: [8] Use of undefined constant cs - assumed 'cs' E:\WWW\crm\Runtime\Cache\Admin\0b0841c2c660d8a67360906f0a36c464.php 第 47 行.
NOTIC: [8] Undefined variable: info E:\WWW\crm\Runtime\Cache\Admin\0b0841c2c660d8a67360906f0a36c464.php 第 53 行.
NOTIC: [8] Use of undefined constant CtmRoleID - assumed 'CtmRoleID' E:\WWW\crm\Runtime\Cache\Admin\0b0841c2c660d8a67360906f0a36c464.php 第 57 行.
NOTIC: [8] Undefined variable: info E:\WWW\crm\Runtime\Cache\Admin\0b0841c2c660d8a67360906f0a36c464.php 第 57 行.
NOTIC: [8] Use of undefined constant cr - assumed 'cr' E:\WWW\crm\Runtime\Cache\Admin\0b0841c2c660d8a67360906f0a36c464.php 第 57 行.
NOTIC: [8] Undefined variable: info E:\WWW\crm\Runtime\Cache\Admin\0b0841c2c660d8a67360906f0a36c464.php 第 63 行.
NOTIC: [8] Undefined variable: info E:\WWW\crm\Runtime\Cache\Admin\0b0841c2c660d8a67360906f0a36c464.php 第 67 行.
NOTIC: [8] Undefined variable: info E:\WWW\crm\Runtime\Cache\Admin\0b0841c2c660d8a67360906f0a36c464.php 第 73 行.
NOTIC: [8] Undefined variable: info E:\WWW\crm\Runtime\Cache\Admin\0b0841c2c660d8a67360906f0a36c464.php 第 77 行.
NOTIC: [8] Undefined variable: info E:\WWW\crm\Runtime\Cache\Admin\0b0841c2c660d8a67360906f0a36c464.php 第 83 行.
NOTIC: [8] Use of undefined constant CtmRankID - assumed 'CtmRankID' E:\WWW\crm\Runtime\Cache\Admin\0b0841c2c660d8a67360906f0a36c464.php 第 87 行.
NOTIC: [8] Undefined variable: info E:\WWW\crm\Runtime\Cache\Admin\0b0841c2c660d8a67360906f0a36c464.php 第 87 行.
NOTIC: [8] Use of undefined constant ck - assumed 'ck' E:\WWW\crm\Runtime\Cache\Admin\0b0841c2c660d8a67360906f0a36c464.php 第 87 行.
NOTIC: [8] Undefined variable: info E:\WWW\crm\Runtime\Cache\Admin\0b0841c2c660d8a67360906f0a36c464.php 第 93 行.
NOTIC: [8] Undefined variable: info E:\WWW\crm\Runtime\Cache\Admin\0b0841c2c660d8a67360906f0a36c464.php 第 97 行.
INFO: Run Behavior\ParseTemplateBehavior [ RunTime:0.009000s ]
INFO: [ view_parse ] --END-- [ RunTime:0.009000s ]
INFO: [ view_filter ] --START--
INFO: Run Behavior\WriteHtmlCacheBehavior [ RunTime:0.000000s ]
INFO: [ view_filter ] --END-- [ RunTime:0.000000s ]
INFO: [ app_end ] --START--
INFO: Run Behavior\ShowPageTraceBehavior [ RunTime:0.001001s ]
INFO: [ app_end ] --END-- [ RunTime:0.001001s ]

[ 2016-06-13T11:50:18+08:00 ] 127.0.0.1 /admin/Customer/addCustomer
INFO: [ app_init ] --START--
INFO: Run Behavior\BuildLiteBehavior [ RunTime:0.000000s ]
INFO: [ app_init ] --END-- [ RunTime:0.001001s ]
INFO: [ app_begin ] --START--
INFO: Run Behavior\ReadHtmlCacheBehavior [ RunTime:0.001000s ]
INFO: [ app_begin ] --END-- [ RunTime:0.001000s ]
SQL: SHOW COLUMNS FROM `config` [ RunTime:0.0070s ]
SQL: SELECT * FROM `config`  [ RunTime:0.0010s ]
SQL: SHOW COLUMNS FROM `menu` [ RunTime:0.0060s ]
SQL: SELECT * FROM `menu` WHERE `ShowType` = 0 ORDER BY Sort  [ RunTime:0.0010s ]
SQL: SHOW COLUMNS FROM `customer` [ RunTime:0.0070s ]
SQL: SHOW COLUMNS FROM `customerstatus` [ RunTime:0.0060s ]
SQL: SHOW COLUMNS FROM `customerrole` [ RunTime:0.0060s ]
SQL: SHOW COLUMNS FROM `customerrank` [ RunTime:0.0060s ]
SQL: SHOW COLUMNS FROM `customerclose` [ RunTime:0.0060s ]
SQL: SHOW COLUMNS FROM `feedbackstatus` [ RunTime:0.0060s ]
SQL: SHOW COLUMNS FROM `feedbackpriority` [ RunTime:0.0060s ]
SQL: SHOW COLUMNS FROM `feedback` [ RunTime:0.0070s ]
SQL: SHOW COLUMNS FROM `employee` [ RunTime:0.0070s ]
SQL: SHOW COLUMNS FROM `paytype` [ RunTime:0.0060s ]
SQL: SHOW COLUMNS FROM `support` [ RunTime:0.0070s ]
SQL: SELECT MAX(Identifier) AS tp_max FROM `customer` LIMIT 1   [ RunTime:0.0010s ]
SQL: SELECT * FROM `customer` WHERE `LoginName` = 'zhenzhen' LIMIT 1   [ RunTime:0.0020s ]
SQL: SELECT * FROM `customer` WHERE `ShortName` = 'zhenz' LIMIT 1   [ RunTime:0.0010s ]
SQL: INSERT INTO `customer` (`LoginName`,`Website`,`CtmCloseID`,`ShortName`,`Status`,`FullName`,`CtmStatusID`,`Contacter`,`CtmRoleID`,`Mobile`,`Telephone`,`Email`,`Qq`,`WeChat`,`CtmRankID`,`Address`,`Sort`,`Identifier`,`ModifyTime`,`CreateTime`,`OperatorID`,`Sources`) VALUES ('zhenzhen','wwww','0','zhenz','0','','0','','0','','','625244441@qq.com','625244441','','0','','0','350500000025','2016-06-13 11:50:18','2016-06-13 11:50:18','2','1') [ RunTime:0.0402s ]
SQL: SHOW COLUMNS FROM `duty` [ RunTime:0.0000s ]
SQL: SELECT * FROM `duty` WHERE `Type` = 3 AND `Status` = 1 LIMIT 1   [ RunTime:0.0156s ]
SQL: SHOW COLUMNS FROM `employee_duty` [ RunTime:0.0000s ]
SQL: INSERT INTO `employee_duty` (`MemberID`,`DutyID`,`Type`) VALUES ('57','8','3') [ RunTime:0.0312s ]
SQL: UPDATE `customer` SET `Random`='237151',`Password`='dc528bfd8d9017d8bb73924b775b167f' WHERE `CustomerID` = 57 [ RunTime:0.0156s ]

[ 2016-06-13T11:50:20+08:00 ] 127.0.0.1 /admin/Customer/loadCustomer?sort=CreateTime&order=asc&limit=10&offset=0
INFO: [ app_init ] --START--
INFO: Run Behavior\BuildLiteBehavior [ RunTime:0.000000s ]
INFO: [ app_init ] --END-- [ RunTime:0.001000s ]
INFO: [ app_begin ] --START--
INFO: Run Behavior\ReadHtmlCacheBehavior [ RunTime:0.001000s ]
INFO: [ app_begin ] --END-- [ RunTime:0.001000s ]
SQL: SHOW COLUMNS FROM `config` [ RunTime:0.0070s ]
SQL: SELECT * FROM `config`  [ RunTime:0.0010s ]
SQL: SHOW COLUMNS FROM `menu` [ RunTime:0.0070s ]
SQL: SELECT * FROM `menu` WHERE `ShowType` = 0 ORDER BY Sort  [ RunTime:0.0010s ]
SQL: SHOW COLUMNS FROM `customer` [ RunTime:0.0070s ]
SQL: SHOW COLUMNS FROM `customerstatus` [ RunTime:0.0060s ]
SQL: SHOW COLUMNS FROM `customerrole` [ RunTime:0.0060s ]
SQL: SHOW COLUMNS FROM `customerrank` [ RunTime:0.0060s ]
SQL: SHOW COLUMNS FROM `customerclose` [ RunTime:0.0060s ]
SQL: SHOW COLUMNS FROM `feedbackstatus` [ RunTime:0.0060s ]
SQL: SHOW COLUMNS FROM `feedbackpriority` [ RunTime:0.0060s ]
SQL: SHOW COLUMNS FROM `feedback` [ RunTime:0.0070s ]
SQL: SHOW COLUMNS FROM `employee` [ RunTime:0.0070s ]
SQL: SHOW COLUMNS FROM `paytype` [ RunTime:0.0060s ]
SQL: SHOW COLUMNS FROM `support` [ RunTime:0.0070s ]
SQL: SELECT C.*,S.CtmStatusName,K.CtmRankName,R.CtmRoleName FROM customer C left JOIN customerstatus S on S.CtmStatusID = C.CtmStatusID left JOIN customerrank K on K.CtmRankID = C.CtmRankID left JOIN customerrole R on R.CtmRoleID = C.CtmRoleID left JOIN employee E on E.EmployeeID = C.DeveloperID  WHERE C.DelFlag = 0 ORDER BY C.CreateTime asc LIMIT 0,10   [ RunTime:0.0030s ]
SQL: SELECT COUNT(*) AS tp_count FROM customer C left JOIN customerstatus S on S.CtmStatusID = C.CtmStatusID left JOIN customerrank K on K.CtmRankID = C.CtmRankID left JOIN customerrole R on R.CtmRoleID = C.CtmRoleID left JOIN employee E on E.EmployeeID = C.DeveloperID  WHERE C.DelFlag = 0 ORDER BY C.CreateTime asc LIMIT 1   [ RunTime:0.0010s ]
SQL: SHOW COLUMNS FROM `contract` [ RunTime:0.0070s ]
SQL: SELECT `CttProductID` FROM `contract` WHERE `Identifier` = '350500000002' LIMIT 1   [ RunTime:0.0010s ]
SQL: SHOW COLUMNS FROM `product` [ RunTime:0.0060s ]
SQL: SELECT `ProductName` FROM `product` WHERE `ProductID` IN ('1','2')  [ RunTime:0.0010s ]
SQL: SELECT `Name` FROM `employee` WHERE `EmployeeID` = 15 LIMIT 1   [ RunTime:0.0010s ]
SQL: SELECT `CttProductID` FROM `contract` WHERE `Identifier` = '350500000002' LIMIT 1   [ RunTime:0.0010s ]
SQL: SELECT `ProductName` FROM `product` WHERE `ProductID` IN ('1','2')  [ RunTime:0.0020s ]
SQL: SELECT `CttProductID` FROM `contract` WHERE `Identifier` = null LIMIT 1   [ RunTime:0.0010s ]
SQL: SELECT `CttProductID` FROM `contract` WHERE `Identifier` = '350500000004' LIMIT 1   [ RunTime:0.0010s ]
SQL: SELECT `Name` FROM `employee` WHERE `EmployeeID` = 15 LIMIT 1   [ RunTime:0.0010s ]
SQL: SELECT `CttProductID` FROM `contract` WHERE `Identifier` = '350500000005' LIMIT 1   [ RunTime:0.0010s ]
SQL: SELECT `ProductName` FROM `product` WHERE `ProductID` IN ('1','2')  [ RunTime:0.0010s ]
SQL: SELECT `Name` FROM `employee` WHERE `EmployeeID` = 15 LIMIT 1   [ RunTime:0.0000s ]
SQL: SELECT `CttProductID` FROM `contract` WHERE `Identifier` = '350500000006' LIMIT 1   [ RunTime:0.0000s ]
SQL: SELECT `ProductName` FROM `product` WHERE `ProductID` IN ('1','2')  [ RunTime:0.0000s ]
SQL: SELECT `Name` FROM `employee` WHERE `EmployeeID` = 15 LIMIT 1   [ RunTime:0.0000s ]
SQL: SELECT `CttProductID` FROM `contract` WHERE `Identifier` = '350500000007' LIMIT 1   [ RunTime:0.0000s ]
SQL: SELECT `Name` FROM `employee` WHERE `EmployeeID` = 15 LIMIT 1   [ RunTime:0.0000s ]
SQL: SELECT `CttProductID` FROM `contract` WHERE `Identifier` = '350500000008' LIMIT 1   [ RunTime:0.0000s ]
SQL: SELECT `ProductName` FROM `product` WHERE `ProductID` IN ('1')  [ RunTime:0.0000s ]
SQL: SELECT `Name` FROM `employee` WHERE `EmployeeID` = 15 LIMIT 1   [ RunTime:0.0000s ]
SQL: SELECT `CttProductID` FROM `contract` WHERE `Identifier` = '350500000016' LIMIT 1   [ RunTime:0.0156s ]
SQL: SELECT `CttProductID` FROM `contract` WHERE `Identifier` = '350500000017' LIMIT 1   [ RunTime:0.0000s ]
INFO: [ app_end ] --START--
INFO: Run Behavior\ShowPageTraceBehavior [ RunTime:0.000000s ]
INFO: [ app_end ] --END-- [ RunTime:0.000000s ]

[ 2016-06-13T11:50:23+08:00 ] 127.0.0.1 /admin/Common/getALLCustomer?q=z&limit=10&timestamp=1465789823833
INFO: [ app_init ] --START--
INFO: Run Behavior\BuildLiteBehavior [ RunTime:0.000000s ]
INFO: [ app_init ] --END-- [ RunTime:0.000000s ]
INFO: [ app_begin ] --START--
INFO: Run Behavior\ReadHtmlCacheBehavior [ RunTime:0.001000s ]
INFO: [ app_begin ] --END-- [ RunTime:0.001000s ]
SQL: SHOW COLUMNS FROM `config` [ RunTime:0.0070s ]
SQL: SELECT * FROM `config`  [ RunTime:0.0010s ]
SQL: SHOW COLUMNS FROM `menu` [ RunTime:0.0070s ]
SQL: SELECT * FROM `menu` WHERE `ShowType` = 0 ORDER BY Sort  [ RunTime:0.0020s ]
SQL: SHOW COLUMNS FROM `customer` [ RunTime:0.0070s ]
SQL: SELECT `ShortName` FROM `customer` WHERE `ShortName` LIKE '%z%' AND `DelFlag` = 0 AND `Status` = 0 ORDER BY ShortName LIMIT 10   [ RunTime:0.0010s ]
INFO: [ app_end ] --START--
INFO: Run Behavior\ShowPageTraceBehavior [ RunTime:0.001000s ]
INFO: [ app_end ] --END-- [ RunTime:0.001000s ]

[ 2016-06-13T11:50:28+08:00 ] 127.0.0.1 /admin/Common/getALLCustomer?q=zhen&limit=10&timestamp=1465789828877
INFO: [ app_init ] --START--
INFO: Run Behavior\BuildLiteBehavior [ RunTime:0.000000s ]
INFO: [ app_init ] --END-- [ RunTime:0.000000s ]
INFO: [ app_begin ] --START--
INFO: Run Behavior\ReadHtmlCacheBehavior [ RunTime:0.001000s ]
INFO: [ app_begin ] --END-- [ RunTime:0.001000s ]
SQL: SHOW COLUMNS FROM `config` [ RunTime:0.0070s ]
SQL: SELECT * FROM `config`  [ RunTime:0.0010s ]
SQL: SHOW COLUMNS FROM `menu` [ RunTime:0.0060s ]
SQL: SELECT * FROM `menu` WHERE `ShowType` = 0 ORDER BY Sort  [ RunTime:0.0020s ]
SQL: SHOW COLUMNS FROM `customer` [ RunTime:0.0070s ]
SQL: SELECT `ShortName` FROM `customer` WHERE `ShortName` LIKE '%zhen%' AND `DelFlag` = 0 AND `Status` = 0 ORDER BY ShortName LIMIT 10   [ RunTime:0.0010s ]
INFO: [ app_end ] --START--
INFO: Run Behavior\ShowPageTraceBehavior [ RunTime:0.000000s ]
INFO: [ app_end ] --END-- [ RunTime:0.000000s ]

[ 2016-06-13T11:51:24+08:00 ] 127.0.0.1 /admin/Market/addContract
INFO: [ app_init ] --START--
INFO: Run Behavior\BuildLiteBehavior [ RunTime:0.000000s ]
INFO: [ app_init ] --END-- [ RunTime:0.001000s ]
INFO: [ app_begin ] --START--
INFO: Run Behavior\ReadHtmlCacheBehavior [ RunTime:0.000000s ]
INFO: [ app_begin ] --END-- [ RunTime:0.000000s ]
SQL: SHOW COLUMNS FROM `config` [ RunTime:0.0070s ]
SQL: SELECT * FROM `config`  [ RunTime:0.0010s ]
SQL: SHOW COLUMNS FROM `menu` [ RunTime:0.0070s ]
SQL: SELECT * FROM `menu` WHERE `ShowType` = 0 ORDER BY Sort  [ RunTime:0.0020s ]
SQL: SHOW COLUMNS FROM `market` [ RunTime:0.0060s ]
SQL: SHOW COLUMNS FROM `contract` [ RunTime:0.0070s ]
SQL: SHOW COLUMNS FROM `contracttype` [ RunTime:0.0060s ]
SQL: SHOW COLUMNS FROM `employee` [ RunTime:0.0060s ]
SQL: SHOW COLUMNS FROM `customer` [ RunTime:0.0070s ]
SQL: SHOW COLUMNS FROM `product` [ RunTime:0.0070s ]
SQL: SHOW COLUMNS FROM `paytype` [ RunTime:0.0060s ]
SQL: SELECT `Identifier` FROM `customer` WHERE `ShortName` = 'zhenz' LIMIT 1   [ RunTime:0.0000s ]
SQL: SHOW COLUMNS FROM `scanimage` [ RunTime:0.0060s ]
SQL: INSERT INTO `scanimage` (`ImgPath`,`ImgType`) VALUES ('','1') [ RunTime:0.0366s ]
SQL: INSERT INTO `contract` (`CttTypeID`,`PayTypeID`,`CttNumber`,`Amount`,`CtmPrincipal`,`OwnPrincipal`,`CtmSign`,`OwnSign`,`Charge`,`SignTime`,`BeginTime`,`FinishTime`,`Address`,`Telephone`,`PlanTime`,`SiteAddress`,`PlanContent`,`Introduce`,`OperatorID`,`ModifyTime`,`CttProductID`,`Identifier`,`ScanID`) VALUES ('1','1','6252','5000','colin','colin','coklun','coolin','5000','2016-06-13 00:00:00','2016-06-14 00:00:00','2016-06-14 00:00:00','泉州','13745678901','2016-06-13 00:00:00','zhenzz','是的呢','','2','2016-06-13 11:51:22','1','350500000025','57') [ RunTime:0.0156s ]
SQL: SHOW COLUMNS FROM `employee_duty` [ RunTime:0.0000s ]
SQL: SELECT `MemberID` FROM `employee_duty` WHERE `DutyID` = 20 AND `Type` = 1  [ RunTime:0.0000s ]
SQL: SELECT `Value` FROM `config` WHERE `DelFlag` = 0 LIMIT 1   [ RunTime:0.0000s ]
SQL: SELECT `Identifier` FROM `contract` WHERE `ContractID` = 49 LIMIT 1   [ RunTime:0.0000s ]
SQL: SELECT `CttProductID` FROM `contract` WHERE `ContractID` = 49 LIMIT 1   [ RunTime:0.0000s ]
SQL: SHOW COLUMNS FROM `sop` [ RunTime:0.0000s ]
SQL: INSERT INTO `sop` (`ServicesID`,`CtmID`,`ConID`,`CreateTime`,`CustomerID`,`MarketID`,`ProductID`) VALUES ('2','350500000025','49','2016-06-13 11:51:22','AF4328F6C1612FDF','2','1') [ RunTime:0.0312s ]

[ 2016-06-13T11:51:26+08:00 ] 127.0.0.1 /admin/Market/addContract
INFO: [ app_init ] --START--
INFO: Run Behavior\BuildLiteBehavior [ RunTime:0.000000s ]
INFO: [ app_init ] --END-- [ RunTime:0.000000s ]
INFO: [ app_begin ] --START--
INFO: Run Behavior\ReadHtmlCacheBehavior [ RunTime:0.001000s ]
INFO: [ app_begin ] --END-- [ RunTime:0.001000s ]
SQL: SHOW COLUMNS FROM `config` [ RunTime:0.0070s ]
SQL: SELECT * FROM `config`  [ RunTime:0.0010s ]
SQL: SHOW COLUMNS FROM `menu` [ RunTime:0.0060s ]
SQL: SELECT * FROM `menu` WHERE `ShowType` = 0 ORDER BY Sort  [ RunTime:0.0010s ]
SQL: SHOW COLUMNS FROM `market` [ RunTime:0.0060s ]
SQL: SHOW COLUMNS FROM `contract` [ RunTime:0.0070s ]
SQL: SHOW COLUMNS FROM `contracttype` [ RunTime:0.0060s ]
SQL: SHOW COLUMNS FROM `employee` [ RunTime:0.0060s ]
SQL: SHOW COLUMNS FROM `customer` [ RunTime:0.0060s ]
SQL: SHOW COLUMNS FROM `product` [ RunTime:0.0060s ]
SQL: SHOW COLUMNS FROM `paytype` [ RunTime:0.0060s ]
SQL: SELECT `Identifier`,`FullName` FROM `customer` WHERE `DelFlag` = 0  [ RunTime:0.0010s ]
SQL: SELECT `CttTypeID`,`CttTypeName` FROM `contracttype` WHERE `DelFlag` = 0  [ RunTime:0.0010s ]
SQL: SELECT `ProductID`,`ProductName` FROM `product` WHERE `DelFlag` = 0  [ RunTime:0.0010s ]
SQL: SELECT `PayID`,`PayName` FROM `paytype` WHERE `DelFlag` = 0  [ RunTime:0.0010s ]
INFO: [ view_parse ] --START--
NOTIC: [2] file_get_contents(../Application/Admin/View/Huge/Public/footer.html) [<a href='function.file-get-contents'>function.file-get-contents</a>]: failed to open stream: No such file or directory E:\WWW\crm\ThinkPHP\Library\Think\Template.class.php 第 696 行.
INFO: [ template_filter ] --START--
INFO: Run Behavior\ContentReplaceBehavior [ RunTime:0.000000s ]
INFO: [ template_filter ] --END-- [ RunTime:0.000000s ]
NOTIC: [8] Undefined variable: info E:\WWW\crm\Runtime\Cache\Admin\98cd070d225f58600892abc538c48b3a.php 第 69 行.
NOTIC: [8] Use of undefined constant Identifier - assumed 'Identifier' E:\WWW\crm\Runtime\Cache\Admin\98cd070d225f58600892abc538c48b3a.php 第 74 行.
NOTIC: [8] Undefined variable: info E:\WWW\crm\Runtime\Cache\Admin\98cd070d225f58600892abc538c48b3a.php 第 74 行.
NOTIC: [8] Undefined variable: info E:\WWW\crm\Runtime\Cache\Admin\98cd070d225f58600892abc538c48b3a.php 第 75 行.
NOTIC: [8] Undefined index: checked E:\WWW\crm\Runtime\Cache\Admin\98cd070d225f58600892abc538c48b3a.php 第 84 行.
NOTIC: [8] Undefined index: checked E:\WWW\crm\Runtime\Cache\Admin\98cd070d225f58600892abc538c48b3a.php 第 84 行.
NOTIC: [8] Use of undefined constant CttTypeID - assumed 'CttTypeID' E:\WWW\crm\Runtime\Cache\Admin\98cd070d225f58600892abc538c48b3a.php 第 90 行.
NOTIC: [8] Undefined variable: info E:\WWW\crm\Runtime\Cache\Admin\98cd070d225f58600892abc538c48b3a.php 第 90 行.
NOTIC: [8] Use of undefined constant PayTypeID - assumed 'PayTypeID' E:\WWW\crm\Runtime\Cache\Admin\98cd070d225f58600892abc538c48b3a.php 第 94 行.
NOTIC: [8] Undefined variable: info E:\WWW\crm\Runtime\Cache\Admin\98cd070d225f58600892abc538c48b3a.php 第 94 行.
NOTIC: [8] Undefined variable: info E:\WWW\crm\Runtime\Cache\Admin\98cd070d225f58600892abc538c48b3a.php 第 100 行.
NOTIC: [8] Undefined variable: info E:\WWW\crm\Runtime\Cache\Admin\98cd070d225f58600892abc538c48b3a.php 第 104 行.
NOTIC: [8] Undefined variable: info E:\WWW\crm\Runtime\Cache\Admin\98cd070d225f58600892abc538c48b3a.php 第 112 行.
NOTIC: [8] Undefined variable: info E:\WWW\crm\Runtime\Cache\Admin\98cd070d225f58600892abc538c48b3a.php 第 116 行.
NOTIC: [8] Undefined variable: info E:\WWW\crm\Runtime\Cache\Admin\98cd070d225f58600892abc538c48b3a.php 第 123 行.
NOTIC: [8] Undefined variable: info E:\WWW\crm\Runtime\Cache\Admin\98cd070d225f58600892abc538c48b3a.php 第 127 行.
NOTIC: [8] Undefined variable: info E:\WWW\crm\Runtime\Cache\Admin\98cd070d225f58600892abc538c48b3a.php 第 134 行.
NOTIC: [8] Undefined variable: info E:\WWW\crm\Runtime\Cache\Admin\98cd070d225f58600892abc538c48b3a.php 第 138 行.
NOTIC: [8] Undefined variable: info E:\WWW\crm\Runtime\Cache\Admin\98cd070d225f58600892abc538c48b3a.php 第 145 行.
NOTIC: [8] Undefined variable: info E:\WWW\crm\Runtime\Cache\Admin\98cd070d225f58600892abc538c48b3a.php 第 149 行.
NOTIC: [8] Undefined variable: info E:\WWW\crm\Runtime\Cache\Admin\98cd070d225f58600892abc538c48b3a.php 第 155 行.
NOTIC: [8] Undefined variable: info E:\WWW\crm\Runtime\Cache\Admin\98cd070d225f58600892abc538c48b3a.php 第 159 行.
NOTIC: [8] Undefined variable: info E:\WWW\crm\Runtime\Cache\Admin\98cd070d225f58600892abc538c48b3a.php 第 165 行.
NOTIC: [8] Undefined variable: info E:\WWW\crm\Runtime\Cache\Admin\98cd070d225f58600892abc538c48b3a.php 第 169 行.
NOTIC: [8] Undefined variable: info E:\WWW\crm\Runtime\Cache\Admin\98cd070d225f58600892abc538c48b3a.php 第 175 行.
NOTIC: [8] Undefined variable: info E:\WWW\crm\Runtime\Cache\Admin\98cd070d225f58600892abc538c48b3a.php 第 179 行.
NOTIC: [8] Undefined variable: info E:\WWW\crm\Runtime\Cache\Admin\98cd070d225f58600892abc538c48b3a.php 第 193 行.
NOTIC: [8] Undefined variable: info E:\WWW\crm\Runtime\Cache\Admin\98cd070d225f58600892abc538c48b3a.php 第 196 行.
INFO: Run Behavior\ParseTemplateBehavior [ RunTime:0.008000s ]
INFO: [ view_parse ] --END-- [ RunTime:0.008000s ]
INFO: [ view_filter ] --START--
INFO: Run Behavior\WriteHtmlCacheBehavior [ RunTime:0.000000s ]
INFO: [ view_filter ] --END-- [ RunTime:0.000000s ]
INFO: [ app_end ] --START--
INFO: Run Behavior\ShowPageTraceBehavior [ RunTime:0.001001s ]
INFO: [ app_end ] --END-- [ RunTime:0.001001s ]

[ 2016-06-13T11:51:27+08:00 ] 127.0.0.1 /admin/Market/
INFO: [ app_init ] --START--
INFO: Run Behavior\BuildLiteBehavior [ RunTime:0.000000s ]
INFO: [ app_init ] --END-- [ RunTime:0.000000s ]
INFO: [ app_begin ] --START--
INFO: Run Behavior\ReadHtmlCacheBehavior [ RunTime:0.001000s ]
INFO: [ app_begin ] --END-- [ RunTime:0.001000s ]
SQL: SHOW COLUMNS FROM `config` [ RunTime:0.0060s ]
SQL: SELECT * FROM `config`  [ RunTime:0.0010s ]
SQL: SHOW COLUMNS FROM `menu` [ RunTime:0.0060s ]
SQL: SELECT * FROM `menu` WHERE `ShowType` = 0 ORDER BY Sort  [ RunTime:0.0010s ]
SQL: SHOW COLUMNS FROM `market` [ RunTime:0.0060s ]
SQL: SHOW COLUMNS FROM `contract` [ RunTime:0.0070s ]
SQL: SHOW COLUMNS FROM `contracttype` [ RunTime:0.0060s ]
SQL: SHOW COLUMNS FROM `employee` [ RunTime:0.0060s ]
SQL: SHOW COLUMNS FROM `customer` [ RunTime:0.0070s ]
SQL: SHOW COLUMNS FROM `product` [ RunTime:0.0070s ]
SQL: SHOW COLUMNS FROM `paytype` [ RunTime:0.0060s ]
INFO: [ view_parse ] --START--
NOTIC: [2] file_get_contents(../Application/Admin/View/Huge/Public/footer.html) [<a href='function.file-get-contents'>function.file-get-contents</a>]: failed to open stream: No such file or directory E:\WWW\crm\ThinkPHP\Library\Think\Template.class.php 第 696 行.
INFO: [ template_filter ] --START--
INFO: Run Behavior\ContentReplaceBehavior [ RunTime:0.000000s ]
INFO: [ template_filter ] --END-- [ RunTime:0.000000s ]
INFO: Run Behavior\ParseTemplateBehavior [ RunTime:0.009000s ]
INFO: [ view_parse ] --END-- [ RunTime:0.009000s ]
INFO: [ view_filter ] --START--
INFO: Run Behavior\WriteHtmlCacheBehavior [ RunTime:0.000000s ]
INFO: [ view_filter ] --END-- [ RunTime:0.000000s ]
INFO: [ app_end ] --START--
INFO: Run Behavior\ShowPageTraceBehavior [ RunTime:0.001000s ]
INFO: [ app_end ] --END-- [ RunTime:0.001000s ]

[ 2016-06-13T17:12:49+08:00 ] 127.0.0.1 /admin
INFO: [ app_init ] --START--
INFO: Run Behavior\BuildLiteBehavior [ RunTime:0.000000s ]
INFO: [ app_init ] --END-- [ RunTime:0.000000s ]
INFO: [ app_begin ] --START--
INFO: Run Behavior\ReadHtmlCacheBehavior [ RunTime:0.000000s ]
INFO: [ app_begin ] --END-- [ RunTime:0.000000s ]

[ 2016-06-13T17:12:49+08:00 ] 127.0.0.1 /admin/account/Login
INFO: [ app_init ] --START--
INFO: Run Behavior\BuildLiteBehavior [ RunTime:0.000000s ]
INFO: [ app_init ] --END-- [ RunTime:0.000000s ]
INFO: [ app_begin ] --START--
INFO: Run Behavior\ReadHtmlCacheBehavior [ RunTime:0.001000s ]
INFO: [ app_begin ] --END-- [ RunTime:0.001000s ]
SQL: SHOW COLUMNS FROM `employee` [ RunTime:0.2830s ]
SQL: SELECT COUNT(*) AS tp_count FROM `employee` WHERE `Status` = 0 AND `DelFlag` = 0 LIMIT 1   [ RunTime:0.0010s ]
INFO: [ view_parse ] --START--
INFO: [ template_filter ] --START--
INFO: Run Behavior\ContentReplaceBehavior [ RunTime:0.000000s ]
INFO: [ template_filter ] --END-- [ RunTime:0.000000s ]
INFO: Run Behavior\ParseTemplateBehavior [ RunTime:0.021001s ]
INFO: [ view_parse ] --END-- [ RunTime:0.021001s ]
INFO: [ view_filter ] --START--
INFO: Run Behavior\WriteHtmlCacheBehavior [ RunTime:0.000000s ]
INFO: [ view_filter ] --END-- [ RunTime:0.000000s ]
INFO: [ app_end ] --START--
INFO: Run Behavior\ShowPageTraceBehavior [ RunTime:0.001000s ]
INFO: [ app_end ] --END-- [ RunTime:0.001000s ]

[ 2016-06-13T17:13:05+08:00 ] 127.0.0.1 /admin/account/Login
INFO: [ app_init ] --START--
INFO: Run Behavior\BuildLiteBehavior [ RunTime:0.000000s ]
INFO: [ app_init ] --END-- [ RunTime:0.000000s ]
INFO: [ app_begin ] --START--
INFO: Run Behavior\ReadHtmlCacheBehavior [ RunTime:0.000000s ]
INFO: [ app_begin ] --END-- [ RunTime:0.000000s ]
SQL: SHOW COLUMNS FROM `employee` [ RunTime:0.0000s ]
SQL: SELECT * FROM `employee` WHERE `EmployeeNum` = '30001' LIMIT 1   [ RunTime:0.0000s ]

[ 2016-06-13T17:13:05+08:00 ] 127.0.0.1 /admin/
INFO: [ app_init ] --START--
INFO: Run Behavior\BuildLiteBehavior [ RunTime:0.001000s ]
INFO: [ app_init ] --END-- [ RunTime:0.001000s ]
INFO: [ app_begin ] --START--
INFO: Run Behavior\ReadHtmlCacheBehavior [ RunTime:0.001000s ]
INFO: [ app_begin ] --END-- [ RunTime:0.001000s ]
SQL: SHOW COLUMNS FROM `config` [ RunTime:0.0300s ]
SQL: SELECT * FROM `config`  [ RunTime:0.0010s ]
SQL: SHOW COLUMNS FROM `employee_duty` [ RunTime:0.0540s ]
SQL: SELECT `MemberID`,`DutyID`,`DutyName`,`Rules` FROM employee_duty a INNER JOIN duty g on a.DutyID=g.ID and g.Type = a.Type  WHERE ( a.MemberID='14' and g.Status='1' and g.Type='1' )  [ RunTime:0.0410s ]
SQL: SHOW COLUMNS FROM `menu` [ RunTime:0.0630s ]
SQL: SELECT * FROM `menu` WHERE `ID` IN ('55','64','93','97','192','179','180','181','182','183','191','213') AND `ShowType` = 0 ORDER BY Sort  [ RunTime:0.0020s ]
INFO: [ view_parse ] --START--
NOTIC: [2] file_get_contents(../Application/Admin/View/Huge/Public/menu.html) [<a href='function.file-get-contents'>function.file-get-contents</a>]: failed to open stream: No such file or directory E:\WWW\crm\ThinkPHP\Library\Think\Template.class.php 第 696 行.
NOTIC: [2] file_get_contents(../Application/Admin/View/Huge/Public/footer.html) [<a href='function.file-get-contents'>function.file-get-contents</a>]: failed to open stream: No such file or directory E:\WWW\crm\ThinkPHP\Library\Think\Template.class.php 第 696 行.
INFO: [ template_filter ] --START--
INFO: Run Behavior\ContentReplaceBehavior [ RunTime:0.000000s ]
INFO: [ template_filter ] --END-- [ RunTime:0.000000s ]
SQL: SHOW COLUMNS FROM `employee` [ RunTime:0.0070s ]
SQL: SELECT `Pic` FROM `employee` WHERE `EmployeeID` = 14 LIMIT 1   [ RunTime:0.0010s ]
NOTIC: [8] Undefined index: son E:\WWW\crm\Runtime\Cache\Admin\c6d57c8d442e0de0d710af1c8a7160fe.php 第 83 行.
INFO: Run Behavior\ParseTemplateBehavior [ RunTime:0.043003s ]
INFO: [ view_parse ] --END-- [ RunTime:0.043003s ]
INFO: [ view_filter ] --START--
INFO: Run Behavior\WriteHtmlCacheBehavior [ RunTime:0.000000s ]
INFO: [ view_filter ] --END-- [ RunTime:0.000000s ]
INFO: [ app_end ] --START--
INFO: Run Behavior\ShowPageTraceBehavior [ RunTime:0.001000s ]
INFO: [ app_end ] --END-- [ RunTime:0.001000s ]

