[ 2017-06-11T20:57:48+08:00 ] 127.0.0.1 /admin/Customer/customerRank
INFO: [ app_init ] --START--
INFO: Run Behavior\BuildLiteBehavior [ RunTime:0.000022s ]
INFO: [ app_init ] --END-- [ RunTime:0.001487s ]
INFO: [ app_begin ] --START--
INFO: Run Behavior\ReadHtmlCacheBehavior [ RunTime:0.001960s ]
INFO: [ app_begin ] --END-- [ RunTime:0.002033s ]
SQL: SHOW COLUMNS FROM `customer` [ RunTime:0.0127s ]
SQL: SHOW COLUMNS FROM `customerstatus` [ RunTime:0.0093s ]
SQL: SHOW COLUMNS FROM `customerrole` [ RunTime:0.0107s ]
SQL: SHOW COLUMNS FROM `customerrank` [ RunTime:0.0094s ]
SQL: SHOW COLUMNS FROM `customerclose` [ RunTime:0.0091s ]
SQL: SHOW COLUMNS FROM `feedbackstatus` [ RunTime:0.0090s ]
SQL: SHOW COLUMNS FROM `feedbackpriority` [ RunTime:0.0081s ]
SQL: SHOW COLUMNS FROM `feedback` [ RunTime:0.0101s ]
SQL: SHOW COLUMNS FROM `employee` [ RunTime:0.0105s ]
SQL: SHOW COLUMNS FROM `paytype` [ RunTime:0.0102s ]
SQL: SHOW COLUMNS FROM `support` [ RunTime:0.0102s ]
INFO: [ view_parse ] --START--
NOTIC: [2] file_get_contents(../Application/Admin/View/Chen/Public/footer.html): failed to open stream: No such file or directory D:\MAMP\htdocs\wemall\ThinkPHP\Library\Think\Template.class.php 第 696 行.
INFO: [ template_filter ] --START--
INFO: Run Behavior\ContentReplaceBehavior [ RunTime:0.000096s ]
INFO: [ template_filter ] --END-- [ RunTime:0.000155s ]
INFO: Run Behavior\ParseTemplateBehavior [ RunTime:0.015439s ]
INFO: [ view_parse ] --END-- [ RunTime:0.015515s ]
INFO: [ view_filter ] --START--
INFO: Run Behavior\WriteHtmlCacheBehavior [ RunTime:0.001038s ]
INFO: [ view_filter ] --END-- [ RunTime:0.001084s ]
INFO: [ app_end ] --START--
INFO: Run Behavior\ShowPageTraceBehavior [ RunTime:0.001688s ]
INFO: [ app_end ] --END-- [ RunTime:0.001744s ]

[ 2017-06-11T20:57:48+08:00 ] 127.0.0.1 /admin/Customer/loadCustomerRank?sort=Sort&order=asc&limit=10&offset=0
INFO: [ app_init ] --START--
INFO: Run Behavior\BuildLiteBehavior [ RunTime:0.000014s ]
INFO: [ app_init ] --END-- [ RunTime:0.000827s ]
INFO: [ app_begin ] --START--
INFO: Run Behavior\ReadHtmlCacheBehavior [ RunTime:0.000827s ]
INFO: [ app_begin ] --END-- [ RunTime:0.000890s ]
SQL: SHOW COLUMNS FROM `customer` [ RunTime:0.0155s ]
SQL: SHOW COLUMNS FROM `customerstatus` [ RunTime:0.0118s ]
SQL: SHOW COLUMNS FROM `customerrole` [ RunTime:0.0470s ]
SQL: SHOW COLUMNS FROM `customerrank` [ RunTime:0.0110s ]
SQL: SHOW COLUMNS FROM `customerclose` [ RunTime:0.0114s ]
SQL: SHOW COLUMNS FROM `feedbackstatus` [ RunTime:0.0098s ]
SQL: SHOW COLUMNS FROM `feedbackpriority` [ RunTime:0.0100s ]
SQL: SHOW COLUMNS FROM `feedback` [ RunTime:0.0100s ]
SQL: SHOW COLUMNS FROM `employee` [ RunTime:0.0127s ]
SQL: SHOW COLUMNS FROM `paytype` [ RunTime:0.0114s ]
SQL: SHOW COLUMNS FROM `support` [ RunTime:0.0099s ]
SQL: SELECT COUNT(*) AS tp_count FROM `customerrank` WHERE `DelFlag` = 0 ORDER BY Sort desc LIMIT 1   [ RunTime:0.0010s ]
SQL: SELECT * FROM `customerrank` WHERE `DelFlag` = 0 ORDER BY Sort desc LIMIT 0,10   [ RunTime:0.0005s ]
SQL: SELECT `Name` FROM `employee` WHERE `EmployeeID` = null LIMIT 1   [ RunTime:0.0002s ]
SQL: SELECT `Name` FROM `employee` WHERE `EmployeeID` = null LIMIT 1   [ RunTime:0.0002s ]
INFO: [ app_end ] --START--
INFO: Run Behavior\ShowPageTraceBehavior [ RunTime:0.001412s ]
INFO: [ app_end ] --END-- [ RunTime:0.001473s ]

